CRITICAL - 2024-06-05 09:16:02 --> CodeIgniter\HTTP\Exceptions\BadRequestException: The URI you submitted has disallowed characters: "<"
[Method: POST, Route: %3C]
in SYSTEMPATH/Router/Router.php on line 736.
 1 SYSTEMPATH/Router/Router.php(203): CodeIgniter\Router\Router->checkDisallowedChars('<')
 2 SYSTEMPATH/CodeIgniter.php(834): CodeIgniter\Router\Router->handle('<')
 3 SYSTEMPATH/CodeIgniter.php(457): CodeIgniter\CodeIgniter->tryToRouteIt(Object(CodeIgniter\Router\RouteCollection))
 4 SYSTEMPATH/CodeIgniter.php(355): CodeIgniter\CodeIgniter->handleRequest(null, Object(Config\Cache), false)
 5 SYSTEMPATH/Boot.php(312): CodeIgniter\CodeIgniter->run()
 6 SYSTEMPATH/Boot.php(67): CodeIgniter\Boot::runCodeIgniter(Object(CodeIgniter\CodeIgniter))
 7 FCPATH/index.php(56): CodeIgniter\Boot::bootWeb(Object(Config\Paths))
CRITICAL - 2024-06-05 09:16:57 --> CodeIgniter\HTTP\Exceptions\BadRequestException: The URI you submitted has disallowed characters: "<"
[Method: POST, Route: %3C]
in SYSTEMPATH/Router/Router.php on line 736.
 1 SYSTEMPATH/Router/Router.php(203): CodeIgniter\Router\Router->checkDisallowedChars('<')
 2 SYSTEMPATH/CodeIgniter.php(834): CodeIgniter\Router\Router->handle('<')
 3 SYSTEMPATH/CodeIgniter.php(457): CodeIgniter\CodeIgniter->tryToRouteIt(Object(CodeIgniter\Router\RouteCollection))
 4 SYSTEMPATH/CodeIgniter.php(355): CodeIgniter\CodeIgniter->handleRequest(null, Object(Config\Cache), false)
 5 SYSTEMPATH/Boot.php(312): CodeIgniter\CodeIgniter->run()
 6 SYSTEMPATH/Boot.php(67): CodeIgniter\Boot::runCodeIgniter(Object(CodeIgniter\CodeIgniter))
 7 FCPATH/index.php(56): CodeIgniter\Boot::bootWeb(Object(Config\Paths))
CRITICAL - 2024-06-05 09:21:33 --> ErrorException: Undefined property: App\Controllers\Home::$load
[Method: GET, Route: panier]
in APPPATH/Controllers/Home.php on line 60.
 1 APPPATH/Controllers/Home.php(60): CodeIgniter\Debug\Exceptions->errorHandler(2, 'Undefined property: App\\Controllers\\Home::$load', '/Users/wariali/Desktop/codeigniter/app/Controllers/Home.php', 60)
 2 SYSTEMPATH/CodeIgniter.php(933): App\Controllers\Home->panier()
 3 SYSTEMPATH/CodeIgniter.php(509): CodeIgniter\CodeIgniter->runController(Object(App\Controllers\Home))
 4 SYSTEMPATH/CodeIgniter.php(355): CodeIgniter\CodeIgniter->handleRequest(null, Object(Config\Cache), false)
 5 SYSTEMPATH/Boot.php(312): CodeIgniter\CodeIgniter->run()
 6 SYSTEMPATH/Boot.php(67): CodeIgniter\Boot::runCodeIgniter(Object(CodeIgniter\CodeIgniter))
 7 FCPATH/index.php(56): CodeIgniter\Boot::bootWeb(Object(Config\Paths))
CRITICAL - 2024-06-05 09:22:17 --> ErrorException: Undefined property: App\Controllers\Home::$load
[Method: GET, Route: panier]
in APPPATH/Controllers/Home.php on line 60.
 1 APPPATH/Controllers/Home.php(60): CodeIgniter\Debug\Exceptions->errorHandler(2, 'Undefined property: App\\Controllers\\Home::$load', '/Users/wariali/Desktop/codeigniter/app/Controllers/Home.php', 60)
 2 SYSTEMPATH/CodeIgniter.php(933): App\Controllers\Home->panier()
 3 SYSTEMPATH/CodeIgniter.php(509): CodeIgniter\CodeIgniter->runController(Object(App\Controllers\Home))
 4 SYSTEMPATH/CodeIgniter.php(355): CodeIgniter\CodeIgniter->handleRequest(null, Object(Config\Cache), false)
 5 SYSTEMPATH/Boot.php(312): CodeIgniter\CodeIgniter->run()
 6 SYSTEMPATH/Boot.php(67): CodeIgniter\Boot::runCodeIgniter(Object(CodeIgniter\CodeIgniter))
 7 FCPATH/index.php(56): CodeIgniter\Boot::bootWeb(Object(Config\Paths))
ERROR - 2024-06-05 09:49:20 --> mysqli_sql_exception: Unknown column 'produits.id' in 'where clause' in /Users/wariali/Desktop/codeigniter/system/Database/MySQLi/Connection.php:308
Stack trace:
#0 /Users/wariali/Desktop/codeigniter/system/Database/MySQLi/Connection.php(308): mysqli->query('SELECT *\nFROM `...', 0)
#1 /Users/wariali/Desktop/codeigniter/system/Database/BaseConnection.php(722): CodeIgniter\Database\MySQLi\Connection->execute('SELECT *\nFROM `...')
#2 /Users/wariali/Desktop/codeigniter/system/Database/BaseConnection.php(636): CodeIgniter\Database\BaseConnection->simpleQuery('SELECT *\nFROM `...')
#3 /Users/wariali/Desktop/codeigniter/system/Database/BaseBuilder.php(1629): CodeIgniter\Database\BaseConnection->query('SELECT *\nFROM `...', Array, false)
#4 /Users/wariali/Desktop/codeigniter/system/Model.php(207): CodeIgniter\Database\BaseBuilder->get()
#5 /Users/wariali/Desktop/codeigniter/system/BaseModel.php(610): CodeIgniter\Model->doFind(true, '1')
#6 /Users/wariali/Desktop/codeigniter/app/Controllers/Panier.php(29): CodeIgniter\BaseModel->find('1')
#7 /Users/wariali/Desktop/codeigniter/system/CodeIgniter.php(933): App\Controllers\Panier->ajouter()
#8 /Users/wariali/Desktop/codeigniter/system/CodeIgniter.php(509): CodeIgniter\CodeIgniter->runController(Object(App\Controllers\Panier))
#9 /Users/wariali/Desktop/codeigniter/system/CodeIgniter.php(355): CodeIgniter\CodeIgniter->handleRequest(NULL, Object(Config\Cache), false)
#10 /Users/wariali/Desktop/codeigniter/system/Boot.php(312): CodeIgniter\CodeIgniter->run()
#11 /Users/wariali/Desktop/codeigniter/system/Boot.php(67): CodeIgniter\Boot::runCodeIgniter(Object(CodeIgniter\CodeIgniter))
#12 /Users/wariali/Desktop/codeigniter/public/index.php(56): CodeIgniter\Boot::bootWeb(Object(Config\Paths))
#13 {main}
CRITICAL - 2024-06-05 09:49:20 --> CodeIgniter\Database\Exceptions\DatabaseException: Unknown column 'produits.id' in 'where clause'
[Method: POST, Route: panier/ajouter]
in SYSTEMPATH/Database/BaseConnection.php on line 676.
 1 SYSTEMPATH/Database/BaseBuilder.php(1629): CodeIgniter\Database\BaseConnection->query('SELECT *
FROM `produits`
WHERE `produits`.`id` = :produits.id:', [...], false)
 2 SYSTEMPATH/Model.php(207): CodeIgniter\Database\BaseBuilder->get()
 3 SYSTEMPATH/BaseModel.php(610): CodeIgniter\Model->doFind(true, '1')
 4 APPPATH/Controllers/Panier.php(29): CodeIgniter\BaseModel->find('1')
 5 SYSTEMPATH/CodeIgniter.php(933): App\Controllers\Panier->ajouter()
 6 SYSTEMPATH/CodeIgniter.php(509): CodeIgniter\CodeIgniter->runController(Object(App\Controllers\Panier))
 7 SYSTEMPATH/CodeIgniter.php(355): CodeIgniter\CodeIgniter->handleRequest(null, Object(Config\Cache), false)
 8 SYSTEMPATH/Boot.php(312): CodeIgniter\CodeIgniter->run()
 9 SYSTEMPATH/Boot.php(67): CodeIgniter\Boot::runCodeIgniter(Object(CodeIgniter\CodeIgniter))
10 FCPATH/index.php(56): CodeIgniter\Boot::bootWeb(Object(Config\Paths))
CRITICAL - 2024-06-05 09:49:20 --> [Caused by] CodeIgniter\Database\Exceptions\DatabaseException: Unknown column 'produits.id' in 'where clause'
in SYSTEMPATH/Database/MySQLi/Connection.php on line 313.
 1 SYSTEMPATH/Database/BaseConnection.php(722): CodeIgniter\Database\MySQLi\Connection->execute('SELECT *
FROM `produits`
WHERE `produits`.`id` = \'1\'')
 2 SYSTEMPATH/Database/BaseConnection.php(636): CodeIgniter\Database\BaseConnection->simpleQuery('SELECT *
FROM `produits`
WHERE `produits`.`id` = \'1\'')
 3 SYSTEMPATH/Database/BaseBuilder.php(1629): CodeIgniter\Database\BaseConnection->query('SELECT *
FROM `produits`
WHERE `produits`.`id` = :produits.id:', [...], false)
 4 SYSTEMPATH/Model.php(207): CodeIgniter\Database\BaseBuilder->get()
 5 SYSTEMPATH/BaseModel.php(610): CodeIgniter\Model->doFind(true, '1')
 6 APPPATH/Controllers/Panier.php(29): CodeIgniter\BaseModel->find('1')
 7 SYSTEMPATH/CodeIgniter.php(933): App\Controllers\Panier->ajouter()
 8 SYSTEMPATH/CodeIgniter.php(509): CodeIgniter\CodeIgniter->runController(Object(App\Controllers\Panier))
 9 SYSTEMPATH/CodeIgniter.php(355): CodeIgniter\CodeIgniter->handleRequest(null, Object(Config\Cache), false)
10 SYSTEMPATH/Boot.php(312): CodeIgniter\CodeIgniter->run()
11 SYSTEMPATH/Boot.php(67): CodeIgniter\Boot::runCodeIgniter(Object(CodeIgniter\CodeIgniter))
12 FCPATH/index.php(56): CodeIgniter\Boot::bootWeb(Object(Config\Paths))
CRITICAL - 2024-06-05 09:49:20 --> [Caused by] mysqli_sql_exception: Unknown column 'produits.id' in 'where clause'
in SYSTEMPATH/Database/MySQLi/Connection.php on line 308.
 1 SYSTEMPATH/Database/MySQLi/Connection.php(308): mysqli->query('SELECT *
FROM `produits`
WHERE `produits`.`id` = \'1\'', 0)
 2 SYSTEMPATH/Database/BaseConnection.php(722): CodeIgniter\Database\MySQLi\Connection->execute('SELECT *
FROM `produits`
WHERE `produits`.`id` = \'1\'')
 3 SYSTEMPATH/Database/BaseConnection.php(636): CodeIgniter\Database\BaseConnection->simpleQuery('SELECT *
FROM `produits`
WHERE `produits`.`id` = \'1\'')
 4 SYSTEMPATH/Database/BaseBuilder.php(1629): CodeIgniter\Database\BaseConnection->query('SELECT *
FROM `produits`
WHERE `produits`.`id` = :produits.id:', [...], false)
 5 SYSTEMPATH/Model.php(207): CodeIgniter\Database\BaseBuilder->get()
 6 SYSTEMPATH/BaseModel.php(610): CodeIgniter\Model->doFind(true, '1')
 7 APPPATH/Controllers/Panier.php(29): CodeIgniter\BaseModel->find('1')
 8 SYSTEMPATH/CodeIgniter.php(933): App\Controllers\Panier->ajouter()
 9 SYSTEMPATH/CodeIgniter.php(509): CodeIgniter\CodeIgniter->runController(Object(App\Controllers\Panier))
10 SYSTEMPATH/CodeIgniter.php(355): CodeIgniter\CodeIgniter->handleRequest(null, Object(Config\Cache), false)
11 SYSTEMPATH/Boot.php(312): CodeIgniter\CodeIgniter->run()
12 SYSTEMPATH/Boot.php(67): CodeIgniter\Boot::runCodeIgniter(Object(CodeIgniter\CodeIgniter))
13 FCPATH/index.php(56): CodeIgniter\Boot::bootWeb(Object(Config\Paths))
ERROR - 2024-06-05 09:50:38 --> mysqli_sql_exception: Unknown column 'produits.id' in 'where clause' in /Users/wariali/Desktop/codeigniter/system/Database/MySQLi/Connection.php:308
Stack trace:
#0 /Users/wariali/Desktop/codeigniter/system/Database/MySQLi/Connection.php(308): mysqli->query('SELECT *\nFROM `...', 0)
#1 /Users/wariali/Desktop/codeigniter/system/Database/BaseConnection.php(722): CodeIgniter\Database\MySQLi\Connection->execute('SELECT *\nFROM `...')
#2 /Users/wariali/Desktop/codeigniter/system/Database/BaseConnection.php(636): CodeIgniter\Database\BaseConnection->simpleQuery('SELECT *\nFROM `...')
#3 /Users/wariali/Desktop/codeigniter/system/Database/BaseBuilder.php(1629): CodeIgniter\Database\BaseConnection->query('SELECT *\nFROM `...', Array, false)
#4 /Users/wariali/Desktop/codeigniter/system/Model.php(207): CodeIgniter\Database\BaseBuilder->get()
#5 /Users/wariali/Desktop/codeigniter/system/BaseModel.php(610): CodeIgniter\Model->doFind(true, '1')
#6 /Users/wariali/Desktop/codeigniter/app/Controllers/Panier.php(29): CodeIgniter\BaseModel->find('1')
#7 /Users/wariali/Desktop/codeigniter/system/CodeIgniter.php(933): App\Controllers\Panier->ajouter()
#8 /Users/wariali/Desktop/codeigniter/system/CodeIgniter.php(509): CodeIgniter\CodeIgniter->runController(Object(App\Controllers\Panier))
#9 /Users/wariali/Desktop/codeigniter/system/CodeIgniter.php(355): CodeIgniter\CodeIgniter->handleRequest(NULL, Object(Config\Cache), false)
#10 /Users/wariali/Desktop/codeigniter/system/Boot.php(312): CodeIgniter\CodeIgniter->run()
#11 /Users/wariali/Desktop/codeigniter/system/Boot.php(67): CodeIgniter\Boot::runCodeIgniter(Object(CodeIgniter\CodeIgniter))
#12 /Users/wariali/Desktop/codeigniter/public/index.php(56): CodeIgniter\Boot::bootWeb(Object(Config\Paths))
#13 {main}
CRITICAL - 2024-06-05 09:50:38 --> CodeIgniter\Database\Exceptions\DatabaseException: Unknown column 'produits.id' in 'where clause'
[Method: POST, Route: panier/ajouter]
in SYSTEMPATH/Database/BaseConnection.php on line 676.
 1 SYSTEMPATH/Database/BaseBuilder.php(1629): CodeIgniter\Database\BaseConnection->query('SELECT *
FROM `produits`
WHERE `produits`.`id` = :produits.id:', [...], false)
 2 SYSTEMPATH/Model.php(207): CodeIgniter\Database\BaseBuilder->get()
 3 SYSTEMPATH/BaseModel.php(610): CodeIgniter\Model->doFind(true, '1')
 4 APPPATH/Controllers/Panier.php(29): CodeIgniter\BaseModel->find('1')
 5 SYSTEMPATH/CodeIgniter.php(933): App\Controllers\Panier->ajouter()
 6 SYSTEMPATH/CodeIgniter.php(509): CodeIgniter\CodeIgniter->runController(Object(App\Controllers\Panier))
 7 SYSTEMPATH/CodeIgniter.php(355): CodeIgniter\CodeIgniter->handleRequest(null, Object(Config\Cache), false)
 8 SYSTEMPATH/Boot.php(312): CodeIgniter\CodeIgniter->run()
 9 SYSTEMPATH/Boot.php(67): CodeIgniter\Boot::runCodeIgniter(Object(CodeIgniter\CodeIgniter))
10 FCPATH/index.php(56): CodeIgniter\Boot::bootWeb(Object(Config\Paths))
CRITICAL - 2024-06-05 09:50:38 --> [Caused by] CodeIgniter\Database\Exceptions\DatabaseException: Unknown column 'produits.id' in 'where clause'
in SYSTEMPATH/Database/MySQLi/Connection.php on line 313.
 1 SYSTEMPATH/Database/BaseConnection.php(722): CodeIgniter\Database\MySQLi\Connection->execute('SELECT *
FROM `produits`
WHERE `produits`.`id` = \'1\'')
 2 SYSTEMPATH/Database/BaseConnection.php(636): CodeIgniter\Database\BaseConnection->simpleQuery('SELECT *
FROM `produits`
WHERE `produits`.`id` = \'1\'')
 3 SYSTEMPATH/Database/BaseBuilder.php(1629): CodeIgniter\Database\BaseConnection->query('SELECT *
FROM `produits`
WHERE `produits`.`id` = :produits.id:', [...], false)
 4 SYSTEMPATH/Model.php(207): CodeIgniter\Database\BaseBuilder->get()
 5 SYSTEMPATH/BaseModel.php(610): CodeIgniter\Model->doFind(true, '1')
 6 APPPATH/Controllers/Panier.php(29): CodeIgniter\BaseModel->find('1')
 7 SYSTEMPATH/CodeIgniter.php(933): App\Controllers\Panier->ajouter()
 8 SYSTEMPATH/CodeIgniter.php(509): CodeIgniter\CodeIgniter->runController(Object(App\Controllers\Panier))
 9 SYSTEMPATH/CodeIgniter.php(355): CodeIgniter\CodeIgniter->handleRequest(null, Object(Config\Cache), false)
10 SYSTEMPATH/Boot.php(312): CodeIgniter\CodeIgniter->run()
11 SYSTEMPATH/Boot.php(67): CodeIgniter\Boot::runCodeIgniter(Object(CodeIgniter\CodeIgniter))
12 FCPATH/index.php(56): CodeIgniter\Boot::bootWeb(Object(Config\Paths))
CRITICAL - 2024-06-05 09:50:38 --> [Caused by] mysqli_sql_exception: Unknown column 'produits.id' in 'where clause'
in SYSTEMPATH/Database/MySQLi/Connection.php on line 308.
 1 SYSTEMPATH/Database/MySQLi/Connection.php(308): mysqli->query('SELECT *
FROM `produits`
WHERE `produits`.`id` = \'1\'', 0)
 2 SYSTEMPATH/Database/BaseConnection.php(722): CodeIgniter\Database\MySQLi\Connection->execute('SELECT *
FROM `produits`
WHERE `produits`.`id` = \'1\'')
 3 SYSTEMPATH/Database/BaseConnection.php(636): CodeIgniter\Database\BaseConnection->simpleQuery('SELECT *
FROM `produits`
WHERE `produits`.`id` = \'1\'')
 4 SYSTEMPATH/Database/BaseBuilder.php(1629): CodeIgniter\Database\BaseConnection->query('SELECT *
FROM `produits`
WHERE `produits`.`id` = :produits.id:', [...], false)
 5 SYSTEMPATH/Model.php(207): CodeIgniter\Database\BaseBuilder->get()
 6 SYSTEMPATH/BaseModel.php(610): CodeIgniter\Model->doFind(true, '1')
 7 APPPATH/Controllers/Panier.php(29): CodeIgniter\BaseModel->find('1')
 8 SYSTEMPATH/CodeIgniter.php(933): App\Controllers\Panier->ajouter()
 9 SYSTEMPATH/CodeIgniter.php(509): CodeIgniter\CodeIgniter->runController(Object(App\Controllers\Panier))
10 SYSTEMPATH/CodeIgniter.php(355): CodeIgniter\CodeIgniter->handleRequest(null, Object(Config\Cache), false)
11 SYSTEMPATH/Boot.php(312): CodeIgniter\CodeIgniter->run()
12 SYSTEMPATH/Boot.php(67): CodeIgniter\Boot::runCodeIgniter(Object(CodeIgniter\CodeIgniter))
13 FCPATH/index.php(56): CodeIgniter\Boot::bootWeb(Object(Config\Paths))
ERROR - 2024-06-05 10:00:51 --> mysqli_sql_exception: Unknown column 'produits.id' in 'where clause' in /Users/wariali/Desktop/codeigniter/system/Database/MySQLi/Connection.php:308
Stack trace:
#0 /Users/wariali/Desktop/codeigniter/system/Database/MySQLi/Connection.php(308): mysqli->query('SELECT *\nFROM `...', 0)
#1 /Users/wariali/Desktop/codeigniter/system/Database/BaseConnection.php(722): CodeIgniter\Database\MySQLi\Connection->execute('SELECT *\nFROM `...')
#2 /Users/wariali/Desktop/codeigniter/system/Database/BaseConnection.php(636): CodeIgniter\Database\BaseConnection->simpleQuery('SELECT *\nFROM `...')
#3 /Users/wariali/Desktop/codeigniter/system/Database/BaseBuilder.php(1629): CodeIgniter\Database\BaseConnection->query('SELECT *\nFROM `...', Array, false)
#4 /Users/wariali/Desktop/codeigniter/system/Model.php(207): CodeIgniter\Database\BaseBuilder->get()
#5 /Users/wariali/Desktop/codeigniter/system/BaseModel.php(610): CodeIgniter\Model->doFind(true, '1')
#6 /Users/wariali/Desktop/codeigniter/app/Controllers/Panier.php(29): CodeIgniter\BaseModel->find('1')
#7 /Users/wariali/Desktop/codeigniter/system/CodeIgniter.php(933): App\Controllers\Panier->ajouter()
#8 /Users/wariali/Desktop/codeigniter/system/CodeIgniter.php(509): CodeIgniter\CodeIgniter->runController(Object(App\Controllers\Panier))
#9 /Users/wariali/Desktop/codeigniter/system/CodeIgniter.php(355): CodeIgniter\CodeIgniter->handleRequest(NULL, Object(Config\Cache), false)
#10 /Users/wariali/Desktop/codeigniter/system/Boot.php(312): CodeIgniter\CodeIgniter->run()
#11 /Users/wariali/Desktop/codeigniter/system/Boot.php(67): CodeIgniter\Boot::runCodeIgniter(Object(CodeIgniter\CodeIgniter))
#12 /Users/wariali/Desktop/codeigniter/public/index.php(56): CodeIgniter\Boot::bootWeb(Object(Config\Paths))
#13 {main}
CRITICAL - 2024-06-05 10:00:51 --> CodeIgniter\Database\Exceptions\DatabaseException: Unknown column 'produits.id' in 'where clause'
[Method: POST, Route: panier/ajouter]
in SYSTEMPATH/Database/BaseConnection.php on line 676.
 1 SYSTEMPATH/Database/BaseBuilder.php(1629): CodeIgniter\Database\BaseConnection->query('SELECT *
FROM `produits`
WHERE `produits`.`id` = :produits.id:', [...], false)
 2 SYSTEMPATH/Model.php(207): CodeIgniter\Database\BaseBuilder->get()
 3 SYSTEMPATH/BaseModel.php(610): CodeIgniter\Model->doFind(true, '1')
 4 APPPATH/Controllers/Panier.php(29): CodeIgniter\BaseModel->find('1')
 5 SYSTEMPATH/CodeIgniter.php(933): App\Controllers\Panier->ajouter()
 6 SYSTEMPATH/CodeIgniter.php(509): CodeIgniter\CodeIgniter->runController(Object(App\Controllers\Panier))
 7 SYSTEMPATH/CodeIgniter.php(355): CodeIgniter\CodeIgniter->handleRequest(null, Object(Config\Cache), false)
 8 SYSTEMPATH/Boot.php(312): CodeIgniter\CodeIgniter->run()
 9 SYSTEMPATH/Boot.php(67): CodeIgniter\Boot::runCodeIgniter(Object(CodeIgniter\CodeIgniter))
10 FCPATH/index.php(56): CodeIgniter\Boot::bootWeb(Object(Config\Paths))
CRITICAL - 2024-06-05 10:00:51 --> [Caused by] CodeIgniter\Database\Exceptions\DatabaseException: Unknown column 'produits.id' in 'where clause'
in SYSTEMPATH/Database/MySQLi/Connection.php on line 313.
 1 SYSTEMPATH/Database/BaseConnection.php(722): CodeIgniter\Database\MySQLi\Connection->execute('SELECT *
FROM `produits`
WHERE `produits`.`id` = \'1\'')
 2 SYSTEMPATH/Database/BaseConnection.php(636): CodeIgniter\Database\BaseConnection->simpleQuery('SELECT *
FROM `produits`
WHERE `produits`.`id` = \'1\'')
 3 SYSTEMPATH/Database/BaseBuilder.php(1629): CodeIgniter\Database\BaseConnection->query('SELECT *
FROM `produits`
WHERE `produits`.`id` = :produits.id:', [...], false)
 4 SYSTEMPATH/Model.php(207): CodeIgniter\Database\BaseBuilder->get()
 5 SYSTEMPATH/BaseModel.php(610): CodeIgniter\Model->doFind(true, '1')
 6 APPPATH/Controllers/Panier.php(29): CodeIgniter\BaseModel->find('1')
 7 SYSTEMPATH/CodeIgniter.php(933): App\Controllers\Panier->ajouter()
 8 SYSTEMPATH/CodeIgniter.php(509): CodeIgniter\CodeIgniter->runController(Object(App\Controllers\Panier))
 9 SYSTEMPATH/CodeIgniter.php(355): CodeIgniter\CodeIgniter->handleRequest(null, Object(Config\Cache), false)
10 SYSTEMPATH/Boot.php(312): CodeIgniter\CodeIgniter->run()
11 SYSTEMPATH/Boot.php(67): CodeIgniter\Boot::runCodeIgniter(Object(CodeIgniter\CodeIgniter))
12 FCPATH/index.php(56): CodeIgniter\Boot::bootWeb(Object(Config\Paths))
CRITICAL - 2024-06-05 10:00:51 --> [Caused by] mysqli_sql_exception: Unknown column 'produits.id' in 'where clause'
in SYSTEMPATH/Database/MySQLi/Connection.php on line 308.
 1 SYSTEMPATH/Database/MySQLi/Connection.php(308): mysqli->query('SELECT *
FROM `produits`
WHERE `produits`.`id` = \'1\'', 0)
 2 SYSTEMPATH/Database/BaseConnection.php(722): CodeIgniter\Database\MySQLi\Connection->execute('SELECT *
FROM `produits`
WHERE `produits`.`id` = \'1\'')
 3 SYSTEMPATH/Database/BaseConnection.php(636): CodeIgniter\Database\BaseConnection->simpleQuery('SELECT *
FROM `produits`
WHERE `produits`.`id` = \'1\'')
 4 SYSTEMPATH/Database/BaseBuilder.php(1629): CodeIgniter\Database\BaseConnection->query('SELECT *
FROM `produits`
WHERE `produits`.`id` = :produits.id:', [...], false)
 5 SYSTEMPATH/Model.php(207): CodeIgniter\Database\BaseBuilder->get()
 6 SYSTEMPATH/BaseModel.php(610): CodeIgniter\Model->doFind(true, '1')
 7 APPPATH/Controllers/Panier.php(29): CodeIgniter\BaseModel->find('1')
 8 SYSTEMPATH/CodeIgniter.php(933): App\Controllers\Panier->ajouter()
 9 SYSTEMPATH/CodeIgniter.php(509): CodeIgniter\CodeIgniter->runController(Object(App\Controllers\Panier))
10 SYSTEMPATH/CodeIgniter.php(355): CodeIgniter\CodeIgniter->handleRequest(null, Object(Config\Cache), false)
11 SYSTEMPATH/Boot.php(312): CodeIgniter\CodeIgniter->run()
12 SYSTEMPATH/Boot.php(67): CodeIgniter\Boot::runCodeIgniter(Object(CodeIgniter\CodeIgniter))
13 FCPATH/index.php(56): CodeIgniter\Boot::bootWeb(Object(Config\Paths))
ERROR - 2024-06-05 10:08:55 --> mysqli_sql_exception: Unknown column 'produits.id' in 'where clause' in /Users/wariali/Desktop/codeigniter/system/Database/MySQLi/Connection.php:308
Stack trace:
#0 /Users/wariali/Desktop/codeigniter/system/Database/MySQLi/Connection.php(308): mysqli->query('SELECT *\nFROM `...', 0)
#1 /Users/wariali/Desktop/codeigniter/system/Database/BaseConnection.php(722): CodeIgniter\Database\MySQLi\Connection->execute('SELECT *\nFROM `...')
#2 /Users/wariali/Desktop/codeigniter/system/Database/BaseConnection.php(636): CodeIgniter\Database\BaseConnection->simpleQuery('SELECT *\nFROM `...')
#3 /Users/wariali/Desktop/codeigniter/system/Database/BaseBuilder.php(1629): CodeIgniter\Database\BaseConnection->query('SELECT *\nFROM `...', Array, false)
#4 /Users/wariali/Desktop/codeigniter/system/Model.php(207): CodeIgniter\Database\BaseBuilder->get()
#5 /Users/wariali/Desktop/codeigniter/system/BaseModel.php(610): CodeIgniter\Model->doFind(true, '1')
#6 /Users/wariali/Desktop/codeigniter/app/Controllers/Panier.php(29): CodeIgniter\BaseModel->find('1')
#7 /Users/wariali/Desktop/codeigniter/system/CodeIgniter.php(933): App\Controllers\Panier->ajouter()
#8 /Users/wariali/Desktop/codeigniter/system/CodeIgniter.php(509): CodeIgniter\CodeIgniter->runController(Object(App\Controllers\Panier))
#9 /Users/wariali/Desktop/codeigniter/system/CodeIgniter.php(355): CodeIgniter\CodeIgniter->handleRequest(NULL, Object(Config\Cache), false)
#10 /Users/wariali/Desktop/codeigniter/system/Boot.php(312): CodeIgniter\CodeIgniter->run()
#11 /Users/wariali/Desktop/codeigniter/system/Boot.php(67): CodeIgniter\Boot::runCodeIgniter(Object(CodeIgniter\CodeIgniter))
#12 /Users/wariali/Desktop/codeigniter/public/index.php(56): CodeIgniter\Boot::bootWeb(Object(Config\Paths))
#13 {main}
CRITICAL - 2024-06-05 10:08:55 --> CodeIgniter\Database\Exceptions\DatabaseException: Unknown column 'produits.id' in 'where clause'
[Method: POST, Route: panier/ajouter]
in SYSTEMPATH/Database/BaseConnection.php on line 676.
 1 SYSTEMPATH/Database/BaseBuilder.php(1629): CodeIgniter\Database\BaseConnection->query('SELECT *
FROM `produits`
WHERE `produits`.`id` = :produits.id:', [...], false)
 2 SYSTEMPATH/Model.php(207): CodeIgniter\Database\BaseBuilder->get()
 3 SYSTEMPATH/BaseModel.php(610): CodeIgniter\Model->doFind(true, '1')
 4 APPPATH/Controllers/Panier.php(29): CodeIgniter\BaseModel->find('1')
 5 SYSTEMPATH/CodeIgniter.php(933): App\Controllers\Panier->ajouter()
 6 SYSTEMPATH/CodeIgniter.php(509): CodeIgniter\CodeIgniter->runController(Object(App\Controllers\Panier))
 7 SYSTEMPATH/CodeIgniter.php(355): CodeIgniter\CodeIgniter->handleRequest(null, Object(Config\Cache), false)
 8 SYSTEMPATH/Boot.php(312): CodeIgniter\CodeIgniter->run()
 9 SYSTEMPATH/Boot.php(67): CodeIgniter\Boot::runCodeIgniter(Object(CodeIgniter\CodeIgniter))
10 FCPATH/index.php(56): CodeIgniter\Boot::bootWeb(Object(Config\Paths))
CRITICAL - 2024-06-05 10:08:55 --> [Caused by] CodeIgniter\Database\Exceptions\DatabaseException: Unknown column 'produits.id' in 'where clause'
in SYSTEMPATH/Database/MySQLi/Connection.php on line 313.
 1 SYSTEMPATH/Database/BaseConnection.php(722): CodeIgniter\Database\MySQLi\Connection->execute('SELECT *
FROM `produits`
WHERE `produits`.`id` = \'1\'')
 2 SYSTEMPATH/Database/BaseConnection.php(636): CodeIgniter\Database\BaseConnection->simpleQuery('SELECT *
FROM `produits`
WHERE `produits`.`id` = \'1\'')
 3 SYSTEMPATH/Database/BaseBuilder.php(1629): CodeIgniter\Database\BaseConnection->query('SELECT *
FROM `produits`
WHERE `produits`.`id` = :produits.id:', [...], false)
 4 SYSTEMPATH/Model.php(207): CodeIgniter\Database\BaseBuilder->get()
 5 SYSTEMPATH/BaseModel.php(610): CodeIgniter\Model->doFind(true, '1')
 6 APPPATH/Controllers/Panier.php(29): CodeIgniter\BaseModel->find('1')
 7 SYSTEMPATH/CodeIgniter.php(933): App\Controllers\Panier->ajouter()
 8 SYSTEMPATH/CodeIgniter.php(509): CodeIgniter\CodeIgniter->runController(Object(App\Controllers\Panier))
 9 SYSTEMPATH/CodeIgniter.php(355): CodeIgniter\CodeIgniter->handleRequest(null, Object(Config\Cache), false)
10 SYSTEMPATH/Boot.php(312): CodeIgniter\CodeIgniter->run()
11 SYSTEMPATH/Boot.php(67): CodeIgniter\Boot::runCodeIgniter(Object(CodeIgniter\CodeIgniter))
12 FCPATH/index.php(56): CodeIgniter\Boot::bootWeb(Object(Config\Paths))
CRITICAL - 2024-06-05 10:08:55 --> [Caused by] mysqli_sql_exception: Unknown column 'produits.id' in 'where clause'
in SYSTEMPATH/Database/MySQLi/Connection.php on line 308.
 1 SYSTEMPATH/Database/MySQLi/Connection.php(308): mysqli->query('SELECT *
FROM `produits`
WHERE `produits`.`id` = \'1\'', 0)
 2 SYSTEMPATH/Database/BaseConnection.php(722): CodeIgniter\Database\MySQLi\Connection->execute('SELECT *
FROM `produits`
WHERE `produits`.`id` = \'1\'')
 3 SYSTEMPATH/Database/BaseConnection.php(636): CodeIgniter\Database\BaseConnection->simpleQuery('SELECT *
FROM `produits`
WHERE `produits`.`id` = \'1\'')
 4 SYSTEMPATH/Database/BaseBuilder.php(1629): CodeIgniter\Database\BaseConnection->query('SELECT *
FROM `produits`
WHERE `produits`.`id` = :produits.id:', [...], false)
 5 SYSTEMPATH/Model.php(207): CodeIgniter\Database\BaseBuilder->get()
 6 SYSTEMPATH/BaseModel.php(610): CodeIgniter\Model->doFind(true, '1')
 7 APPPATH/Controllers/Panier.php(29): CodeIgniter\BaseModel->find('1')
 8 SYSTEMPATH/CodeIgniter.php(933): App\Controllers\Panier->ajouter()
 9 SYSTEMPATH/CodeIgniter.php(509): CodeIgniter\CodeIgniter->runController(Object(App\Controllers\Panier))
10 SYSTEMPATH/CodeIgniter.php(355): CodeIgniter\CodeIgniter->handleRequest(null, Object(Config\Cache), false)
11 SYSTEMPATH/Boot.php(312): CodeIgniter\CodeIgniter->run()
12 SYSTEMPATH/Boot.php(67): CodeIgniter\Boot::runCodeIgniter(Object(CodeIgniter\CodeIgniter))
13 FCPATH/index.php(56): CodeIgniter\Boot::bootWeb(Object(Config\Paths))
ERROR - 2024-06-05 10:15:29 --> Produit ID: 1, Quantité: 1
ERROR - 2024-06-05 10:15:29 --> mysqli_sql_exception: Unknown column 'produits.id' in 'where clause' in /Users/wariali/Desktop/codeigniter/system/Database/MySQLi/Connection.php:308
Stack trace:
#0 /Users/wariali/Desktop/codeigniter/system/Database/MySQLi/Connection.php(308): mysqli->query('SELECT *\nFROM `...', 0)
#1 /Users/wariali/Desktop/codeigniter/system/Database/BaseConnection.php(722): CodeIgniter\Database\MySQLi\Connection->execute('SELECT *\nFROM `...')
#2 /Users/wariali/Desktop/codeigniter/system/Database/BaseConnection.php(636): CodeIgniter\Database\BaseConnection->simpleQuery('SELECT *\nFROM `...')
#3 /Users/wariali/Desktop/codeigniter/system/Database/BaseBuilder.php(1629): CodeIgniter\Database\BaseConnection->query('SELECT *\nFROM `...', Array, false)
#4 /Users/wariali/Desktop/codeigniter/system/Model.php(207): CodeIgniter\Database\BaseBuilder->get()
#5 /Users/wariali/Desktop/codeigniter/system/BaseModel.php(610): CodeIgniter\Model->doFind(true, '1')
#6 /Users/wariali/Desktop/codeigniter/app/Controllers/Panier.php(32): CodeIgniter\BaseModel->find('1')
#7 /Users/wariali/Desktop/codeigniter/system/CodeIgniter.php(933): App\Controllers\Panier->ajouter()
#8 /Users/wariali/Desktop/codeigniter/system/CodeIgniter.php(509): CodeIgniter\CodeIgniter->runController(Object(App\Controllers\Panier))
#9 /Users/wariali/Desktop/codeigniter/system/CodeIgniter.php(355): CodeIgniter\CodeIgniter->handleRequest(NULL, Object(Config\Cache), false)
#10 /Users/wariali/Desktop/codeigniter/system/Boot.php(312): CodeIgniter\CodeIgniter->run()
#11 /Users/wariali/Desktop/codeigniter/system/Boot.php(67): CodeIgniter\Boot::runCodeIgniter(Object(CodeIgniter\CodeIgniter))
#12 /Users/wariali/Desktop/codeigniter/public/index.php(56): CodeIgniter\Boot::bootWeb(Object(Config\Paths))
#13 {main}
CRITICAL - 2024-06-05 10:15:29 --> CodeIgniter\Database\Exceptions\DatabaseException: Unknown column 'produits.id' in 'where clause'
[Method: POST, Route: panier/ajouter]
in SYSTEMPATH/Database/BaseConnection.php on line 676.
 1 SYSTEMPATH/Database/BaseBuilder.php(1629): CodeIgniter\Database\BaseConnection->query('SELECT *
FROM `produits`
WHERE `produits`.`id` = :produits.id:', [...], false)
 2 SYSTEMPATH/Model.php(207): CodeIgniter\Database\BaseBuilder->get()
 3 SYSTEMPATH/BaseModel.php(610): CodeIgniter\Model->doFind(true, '1')
 4 APPPATH/Controllers/Panier.php(32): CodeIgniter\BaseModel->find('1')
 5 SYSTEMPATH/CodeIgniter.php(933): App\Controllers\Panier->ajouter()
 6 SYSTEMPATH/CodeIgniter.php(509): CodeIgniter\CodeIgniter->runController(Object(App\Controllers\Panier))
 7 SYSTEMPATH/CodeIgniter.php(355): CodeIgniter\CodeIgniter->handleRequest(null, Object(Config\Cache), false)
 8 SYSTEMPATH/Boot.php(312): CodeIgniter\CodeIgniter->run()
 9 SYSTEMPATH/Boot.php(67): CodeIgniter\Boot::runCodeIgniter(Object(CodeIgniter\CodeIgniter))
10 FCPATH/index.php(56): CodeIgniter\Boot::bootWeb(Object(Config\Paths))
CRITICAL - 2024-06-05 10:15:29 --> [Caused by] CodeIgniter\Database\Exceptions\DatabaseException: Unknown column 'produits.id' in 'where clause'
in SYSTEMPATH/Database/MySQLi/Connection.php on line 313.
 1 SYSTEMPATH/Database/BaseConnection.php(722): CodeIgniter\Database\MySQLi\Connection->execute('SELECT *
FROM `produits`
WHERE `produits`.`id` = \'1\'')
 2 SYSTEMPATH/Database/BaseConnection.php(636): CodeIgniter\Database\BaseConnection->simpleQuery('SELECT *
FROM `produits`
WHERE `produits`.`id` = \'1\'')
 3 SYSTEMPATH/Database/BaseBuilder.php(1629): CodeIgniter\Database\BaseConnection->query('SELECT *
FROM `produits`
WHERE `produits`.`id` = :produits.id:', [...], false)
 4 SYSTEMPATH/Model.php(207): CodeIgniter\Database\BaseBuilder->get()
 5 SYSTEMPATH/BaseModel.php(610): CodeIgniter\Model->doFind(true, '1')
 6 APPPATH/Controllers/Panier.php(32): CodeIgniter\BaseModel->find('1')
 7 SYSTEMPATH/CodeIgniter.php(933): App\Controllers\Panier->ajouter()
 8 SYSTEMPATH/CodeIgniter.php(509): CodeIgniter\CodeIgniter->runController(Object(App\Controllers\Panier))
 9 SYSTEMPATH/CodeIgniter.php(355): CodeIgniter\CodeIgniter->handleRequest(null, Object(Config\Cache), false)
10 SYSTEMPATH/Boot.php(312): CodeIgniter\CodeIgniter->run()
11 SYSTEMPATH/Boot.php(67): CodeIgniter\Boot::runCodeIgniter(Object(CodeIgniter\CodeIgniter))
12 FCPATH/index.php(56): CodeIgniter\Boot::bootWeb(Object(Config\Paths))
CRITICAL - 2024-06-05 10:15:29 --> [Caused by] mysqli_sql_exception: Unknown column 'produits.id' in 'where clause'
in SYSTEMPATH/Database/MySQLi/Connection.php on line 308.
 1 SYSTEMPATH/Database/MySQLi/Connection.php(308): mysqli->query('SELECT *
FROM `produits`
WHERE `produits`.`id` = \'1\'', 0)
 2 SYSTEMPATH/Database/BaseConnection.php(722): CodeIgniter\Database\MySQLi\Connection->execute('SELECT *
FROM `produits`
WHERE `produits`.`id` = \'1\'')
 3 SYSTEMPATH/Database/BaseConnection.php(636): CodeIgniter\Database\BaseConnection->simpleQuery('SELECT *
FROM `produits`
WHERE `produits`.`id` = \'1\'')
 4 SYSTEMPATH/Database/BaseBuilder.php(1629): CodeIgniter\Database\BaseConnection->query('SELECT *
FROM `produits`
WHERE `produits`.`id` = :produits.id:', [...], false)
 5 SYSTEMPATH/Model.php(207): CodeIgniter\Database\BaseBuilder->get()
 6 SYSTEMPATH/BaseModel.php(610): CodeIgniter\Model->doFind(true, '1')
 7 APPPATH/Controllers/Panier.php(32): CodeIgniter\BaseModel->find('1')
 8 SYSTEMPATH/CodeIgniter.php(933): App\Controllers\Panier->ajouter()
 9 SYSTEMPATH/CodeIgniter.php(509): CodeIgniter\CodeIgniter->runController(Object(App\Controllers\Panier))
10 SYSTEMPATH/CodeIgniter.php(355): CodeIgniter\CodeIgniter->handleRequest(null, Object(Config\Cache), false)
11 SYSTEMPATH/Boot.php(312): CodeIgniter\CodeIgniter->run()
12 SYSTEMPATH/Boot.php(67): CodeIgniter\Boot::runCodeIgniter(Object(CodeIgniter\CodeIgniter))
13 FCPATH/index.php(56): CodeIgniter\Boot::bootWeb(Object(Config\Paths))
ERROR - 2024-06-05 10:16:11 --> Produit ID: 1, Quantité: 1
ERROR - 2024-06-05 10:16:11 --> mysqli_sql_exception: Unknown column 'produits.id' in 'where clause' in /Users/wariali/Desktop/codeigniter/system/Database/MySQLi/Connection.php:308
Stack trace:
#0 /Users/wariali/Desktop/codeigniter/system/Database/MySQLi/Connection.php(308): mysqli->query('SELECT *\nFROM `...', 0)
#1 /Users/wariali/Desktop/codeigniter/system/Database/BaseConnection.php(722): CodeIgniter\Database\MySQLi\Connection->execute('SELECT *\nFROM `...')
#2 /Users/wariali/Desktop/codeigniter/system/Database/BaseConnection.php(636): CodeIgniter\Database\BaseConnection->simpleQuery('SELECT *\nFROM `...')
#3 /Users/wariali/Desktop/codeigniter/system/Database/BaseBuilder.php(1629): CodeIgniter\Database\BaseConnection->query('SELECT *\nFROM `...', Array, false)
#4 /Users/wariali/Desktop/codeigniter/system/Model.php(207): CodeIgniter\Database\BaseBuilder->get()
#5 /Users/wariali/Desktop/codeigniter/system/BaseModel.php(610): CodeIgniter\Model->doFind(true, '1')
#6 /Users/wariali/Desktop/codeigniter/app/Controllers/Panier.php(32): CodeIgniter\BaseModel->find('1')
#7 /Users/wariali/Desktop/codeigniter/system/CodeIgniter.php(933): App\Controllers\Panier->ajouter()
#8 /Users/wariali/Desktop/codeigniter/system/CodeIgniter.php(509): CodeIgniter\CodeIgniter->runController(Object(App\Controllers\Panier))
#9 /Users/wariali/Desktop/codeigniter/system/CodeIgniter.php(355): CodeIgniter\CodeIgniter->handleRequest(NULL, Object(Config\Cache), false)
#10 /Users/wariali/Desktop/codeigniter/system/Boot.php(312): CodeIgniter\CodeIgniter->run()
#11 /Users/wariali/Desktop/codeigniter/system/Boot.php(67): CodeIgniter\Boot::runCodeIgniter(Object(CodeIgniter\CodeIgniter))
#12 /Users/wariali/Desktop/codeigniter/public/index.php(56): CodeIgniter\Boot::bootWeb(Object(Config\Paths))
#13 {main}
CRITICAL - 2024-06-05 10:16:11 --> CodeIgniter\Database\Exceptions\DatabaseException: Unknown column 'produits.id' in 'where clause'
[Method: POST, Route: panier/ajouter]
in SYSTEMPATH/Database/BaseConnection.php on line 676.
 1 SYSTEMPATH/Database/BaseBuilder.php(1629): CodeIgniter\Database\BaseConnection->query('SELECT *
FROM `produits`
WHERE `produits`.`id` = :produits.id:', [...], false)
 2 SYSTEMPATH/Model.php(207): CodeIgniter\Database\BaseBuilder->get()
 3 SYSTEMPATH/BaseModel.php(610): CodeIgniter\Model->doFind(true, '1')
 4 APPPATH/Controllers/Panier.php(32): CodeIgniter\BaseModel->find('1')
 5 SYSTEMPATH/CodeIgniter.php(933): App\Controllers\Panier->ajouter()
 6 SYSTEMPATH/CodeIgniter.php(509): CodeIgniter\CodeIgniter->runController(Object(App\Controllers\Panier))
 7 SYSTEMPATH/CodeIgniter.php(355): CodeIgniter\CodeIgniter->handleRequest(null, Object(Config\Cache), false)
 8 SYSTEMPATH/Boot.php(312): CodeIgniter\CodeIgniter->run()
 9 SYSTEMPATH/Boot.php(67): CodeIgniter\Boot::runCodeIgniter(Object(CodeIgniter\CodeIgniter))
10 FCPATH/index.php(56): CodeIgniter\Boot::bootWeb(Object(Config\Paths))
CRITICAL - 2024-06-05 10:16:11 --> [Caused by] CodeIgniter\Database\Exceptions\DatabaseException: Unknown column 'produits.id' in 'where clause'
in SYSTEMPATH/Database/MySQLi/Connection.php on line 313.
 1 SYSTEMPATH/Database/BaseConnection.php(722): CodeIgniter\Database\MySQLi\Connection->execute('SELECT *
FROM `produits`
WHERE `produits`.`id` = \'1\'')
 2 SYSTEMPATH/Database/BaseConnection.php(636): CodeIgniter\Database\BaseConnection->simpleQuery('SELECT *
FROM `produits`
WHERE `produits`.`id` = \'1\'')
 3 SYSTEMPATH/Database/BaseBuilder.php(1629): CodeIgniter\Database\BaseConnection->query('SELECT *
FROM `produits`
WHERE `produits`.`id` = :produits.id:', [...], false)
 4 SYSTEMPATH/Model.php(207): CodeIgniter\Database\BaseBuilder->get()
 5 SYSTEMPATH/BaseModel.php(610): CodeIgniter\Model->doFind(true, '1')
 6 APPPATH/Controllers/Panier.php(32): CodeIgniter\BaseModel->find('1')
 7 SYSTEMPATH/CodeIgniter.php(933): App\Controllers\Panier->ajouter()
 8 SYSTEMPATH/CodeIgniter.php(509): CodeIgniter\CodeIgniter->runController(Object(App\Controllers\Panier))
 9 SYSTEMPATH/CodeIgniter.php(355): CodeIgniter\CodeIgniter->handleRequest(null, Object(Config\Cache), false)
10 SYSTEMPATH/Boot.php(312): CodeIgniter\CodeIgniter->run()
11 SYSTEMPATH/Boot.php(67): CodeIgniter\Boot::runCodeIgniter(Object(CodeIgniter\CodeIgniter))
12 FCPATH/index.php(56): CodeIgniter\Boot::bootWeb(Object(Config\Paths))
CRITICAL - 2024-06-05 10:16:11 --> [Caused by] mysqli_sql_exception: Unknown column 'produits.id' in 'where clause'
in SYSTEMPATH/Database/MySQLi/Connection.php on line 308.
 1 SYSTEMPATH/Database/MySQLi/Connection.php(308): mysqli->query('SELECT *
FROM `produits`
WHERE `produits`.`id` = \'1\'', 0)
 2 SYSTEMPATH/Database/BaseConnection.php(722): CodeIgniter\Database\MySQLi\Connection->execute('SELECT *
FROM `produits`
WHERE `produits`.`id` = \'1\'')
 3 SYSTEMPATH/Database/BaseConnection.php(636): CodeIgniter\Database\BaseConnection->simpleQuery('SELECT *
FROM `produits`
WHERE `produits`.`id` = \'1\'')
 4 SYSTEMPATH/Database/BaseBuilder.php(1629): CodeIgniter\Database\BaseConnection->query('SELECT *
FROM `produits`
WHERE `produits`.`id` = :produits.id:', [...], false)
 5 SYSTEMPATH/Model.php(207): CodeIgniter\Database\BaseBuilder->get()
 6 SYSTEMPATH/BaseModel.php(610): CodeIgniter\Model->doFind(true, '1')
 7 APPPATH/Controllers/Panier.php(32): CodeIgniter\BaseModel->find('1')
 8 SYSTEMPATH/CodeIgniter.php(933): App\Controllers\Panier->ajouter()
 9 SYSTEMPATH/CodeIgniter.php(509): CodeIgniter\CodeIgniter->runController(Object(App\Controllers\Panier))
10 SYSTEMPATH/CodeIgniter.php(355): CodeIgniter\CodeIgniter->handleRequest(null, Object(Config\Cache), false)
11 SYSTEMPATH/Boot.php(312): CodeIgniter\CodeIgniter->run()
12 SYSTEMPATH/Boot.php(67): CodeIgniter\Boot::runCodeIgniter(Object(CodeIgniter\CodeIgniter))
13 FCPATH/index.php(56): CodeIgniter\Boot::bootWeb(Object(Config\Paths))
ERROR - 2024-06-05 10:16:14 --> Produit ID: 1, Quantité: 1
ERROR - 2024-06-05 10:16:14 --> mysqli_sql_exception: Unknown column 'produits.id' in 'where clause' in /Users/wariali/Desktop/codeigniter/system/Database/MySQLi/Connection.php:308
Stack trace:
#0 /Users/wariali/Desktop/codeigniter/system/Database/MySQLi/Connection.php(308): mysqli->query('SELECT *\nFROM `...', 0)
#1 /Users/wariali/Desktop/codeigniter/system/Database/BaseConnection.php(722): CodeIgniter\Database\MySQLi\Connection->execute('SELECT *\nFROM `...')
#2 /Users/wariali/Desktop/codeigniter/system/Database/BaseConnection.php(636): CodeIgniter\Database\BaseConnection->simpleQuery('SELECT *\nFROM `...')
#3 /Users/wariali/Desktop/codeigniter/system/Database/BaseBuilder.php(1629): CodeIgniter\Database\BaseConnection->query('SELECT *\nFROM `...', Array, false)
#4 /Users/wariali/Desktop/codeigniter/system/Model.php(207): CodeIgniter\Database\BaseBuilder->get()
#5 /Users/wariali/Desktop/codeigniter/system/BaseModel.php(610): CodeIgniter\Model->doFind(true, '1')
#6 /Users/wariali/Desktop/codeigniter/app/Controllers/Panier.php(32): CodeIgniter\BaseModel->find('1')
#7 /Users/wariali/Desktop/codeigniter/system/CodeIgniter.php(933): App\Controllers\Panier->ajouter()
#8 /Users/wariali/Desktop/codeigniter/system/CodeIgniter.php(509): CodeIgniter\CodeIgniter->runController(Object(App\Controllers\Panier))
#9 /Users/wariali/Desktop/codeigniter/system/CodeIgniter.php(355): CodeIgniter\CodeIgniter->handleRequest(NULL, Object(Config\Cache), false)
#10 /Users/wariali/Desktop/codeigniter/system/Boot.php(312): CodeIgniter\CodeIgniter->run()
#11 /Users/wariali/Desktop/codeigniter/system/Boot.php(67): CodeIgniter\Boot::runCodeIgniter(Object(CodeIgniter\CodeIgniter))
#12 /Users/wariali/Desktop/codeigniter/public/index.php(56): CodeIgniter\Boot::bootWeb(Object(Config\Paths))
#13 {main}
CRITICAL - 2024-06-05 10:16:14 --> CodeIgniter\Database\Exceptions\DatabaseException: Unknown column 'produits.id' in 'where clause'
[Method: POST, Route: panier/ajouter]
in SYSTEMPATH/Database/BaseConnection.php on line 676.
 1 SYSTEMPATH/Database/BaseBuilder.php(1629): CodeIgniter\Database\BaseConnection->query('SELECT *
FROM `produits`
WHERE `produits`.`id` = :produits.id:', [...], false)
 2 SYSTEMPATH/Model.php(207): CodeIgniter\Database\BaseBuilder->get()
 3 SYSTEMPATH/BaseModel.php(610): CodeIgniter\Model->doFind(true, '1')
 4 APPPATH/Controllers/Panier.php(32): CodeIgniter\BaseModel->find('1')
 5 SYSTEMPATH/CodeIgniter.php(933): App\Controllers\Panier->ajouter()
 6 SYSTEMPATH/CodeIgniter.php(509): CodeIgniter\CodeIgniter->runController(Object(App\Controllers\Panier))
 7 SYSTEMPATH/CodeIgniter.php(355): CodeIgniter\CodeIgniter->handleRequest(null, Object(Config\Cache), false)
 8 SYSTEMPATH/Boot.php(312): CodeIgniter\CodeIgniter->run()
 9 SYSTEMPATH/Boot.php(67): CodeIgniter\Boot::runCodeIgniter(Object(CodeIgniter\CodeIgniter))
10 FCPATH/index.php(56): CodeIgniter\Boot::bootWeb(Object(Config\Paths))
CRITICAL - 2024-06-05 10:16:14 --> [Caused by] CodeIgniter\Database\Exceptions\DatabaseException: Unknown column 'produits.id' in 'where clause'
in SYSTEMPATH/Database/MySQLi/Connection.php on line 313.
 1 SYSTEMPATH/Database/BaseConnection.php(722): CodeIgniter\Database\MySQLi\Connection->execute('SELECT *
FROM `produits`
WHERE `produits`.`id` = \'1\'')
 2 SYSTEMPATH/Database/BaseConnection.php(636): CodeIgniter\Database\BaseConnection->simpleQuery('SELECT *
FROM `produits`
WHERE `produits`.`id` = \'1\'')
 3 SYSTEMPATH/Database/BaseBuilder.php(1629): CodeIgniter\Database\BaseConnection->query('SELECT *
FROM `produits`
WHERE `produits`.`id` = :produits.id:', [...], false)
 4 SYSTEMPATH/Model.php(207): CodeIgniter\Database\BaseBuilder->get()
 5 SYSTEMPATH/BaseModel.php(610): CodeIgniter\Model->doFind(true, '1')
 6 APPPATH/Controllers/Panier.php(32): CodeIgniter\BaseModel->find('1')
 7 SYSTEMPATH/CodeIgniter.php(933): App\Controllers\Panier->ajouter()
 8 SYSTEMPATH/CodeIgniter.php(509): CodeIgniter\CodeIgniter->runController(Object(App\Controllers\Panier))
 9 SYSTEMPATH/CodeIgniter.php(355): CodeIgniter\CodeIgniter->handleRequest(null, Object(Config\Cache), false)
10 SYSTEMPATH/Boot.php(312): CodeIgniter\CodeIgniter->run()
11 SYSTEMPATH/Boot.php(67): CodeIgniter\Boot::runCodeIgniter(Object(CodeIgniter\CodeIgniter))
12 FCPATH/index.php(56): CodeIgniter\Boot::bootWeb(Object(Config\Paths))
CRITICAL - 2024-06-05 10:16:14 --> [Caused by] mysqli_sql_exception: Unknown column 'produits.id' in 'where clause'
in SYSTEMPATH/Database/MySQLi/Connection.php on line 308.
 1 SYSTEMPATH/Database/MySQLi/Connection.php(308): mysqli->query('SELECT *
FROM `produits`
WHERE `produits`.`id` = \'1\'', 0)
 2 SYSTEMPATH/Database/BaseConnection.php(722): CodeIgniter\Database\MySQLi\Connection->execute('SELECT *
FROM `produits`
WHERE `produits`.`id` = \'1\'')
 3 SYSTEMPATH/Database/BaseConnection.php(636): CodeIgniter\Database\BaseConnection->simpleQuery('SELECT *
FROM `produits`
WHERE `produits`.`id` = \'1\'')
 4 SYSTEMPATH/Database/BaseBuilder.php(1629): CodeIgniter\Database\BaseConnection->query('SELECT *
FROM `produits`
WHERE `produits`.`id` = :produits.id:', [...], false)
 5 SYSTEMPATH/Model.php(207): CodeIgniter\Database\BaseBuilder->get()
 6 SYSTEMPATH/BaseModel.php(610): CodeIgniter\Model->doFind(true, '1')
 7 APPPATH/Controllers/Panier.php(32): CodeIgniter\BaseModel->find('1')
 8 SYSTEMPATH/CodeIgniter.php(933): App\Controllers\Panier->ajouter()
 9 SYSTEMPATH/CodeIgniter.php(509): CodeIgniter\CodeIgniter->runController(Object(App\Controllers\Panier))
10 SYSTEMPATH/CodeIgniter.php(355): CodeIgniter\CodeIgniter->handleRequest(null, Object(Config\Cache), false)
11 SYSTEMPATH/Boot.php(312): CodeIgniter\CodeIgniter->run()
12 SYSTEMPATH/Boot.php(67): CodeIgniter\Boot::runCodeIgniter(Object(CodeIgniter\CodeIgniter))
13 FCPATH/index.php(56): CodeIgniter\Boot::bootWeb(Object(Config\Paths))
CRITICAL - 2024-06-05 10:20:31 --> Error: Class "App\Models\ProduitModel" not found
[Method: POST, Route: panier/ajouter]
in APPPATH/Models/ProduitModel.php on line 6.
 1 SYSTEMPATH/Autoloader/Autoloader.php(317): include_once()
 2 SYSTEMPATH/Autoloader/Autoloader.php(296): CodeIgniter\Autoloader\Autoloader->includeFile('/Users/wariali/Desktop/codeigniter/app/Models/ProduitModel.php')
 3 SYSTEMPATH/Autoloader/Autoloader.php(272): CodeIgniter\Autoloader\Autoloader->loadInNamespace('App\\Models\\ProduitModel')
 4 APPPATH/Controllers/Panier.php(29): CodeIgniter\Autoloader\Autoloader->loadClass('App\\Models\\ProduitModel')
 5 SYSTEMPATH/CodeIgniter.php(933): App\Controllers\Panier->ajouter()
 6 SYSTEMPATH/CodeIgniter.php(509): CodeIgniter\CodeIgniter->runController(Object(App\Controllers\Panier))
 7 SYSTEMPATH/CodeIgniter.php(355): CodeIgniter\CodeIgniter->handleRequest(null, Object(Config\Cache), false)
 8 SYSTEMPATH/Boot.php(312): CodeIgniter\CodeIgniter->run()
 9 SYSTEMPATH/Boot.php(67): CodeIgniter\Boot::runCodeIgniter(Object(CodeIgniter\CodeIgniter))
10 FCPATH/index.php(56): CodeIgniter\Boot::bootWeb(Object(Config\Paths))
CRITICAL - 2024-06-05 10:20:35 --> Error: Class "App\Models\ProduitModel" not found
[Method: POST, Route: panier/ajouter]
in APPPATH/Models/ProduitModel.php on line 6.
 1 SYSTEMPATH/Autoloader/Autoloader.php(317): include_once()
 2 SYSTEMPATH/Autoloader/Autoloader.php(296): CodeIgniter\Autoloader\Autoloader->includeFile('/Users/wariali/Desktop/codeigniter/app/Models/ProduitModel.php')
 3 SYSTEMPATH/Autoloader/Autoloader.php(272): CodeIgniter\Autoloader\Autoloader->loadInNamespace('App\\Models\\ProduitModel')
 4 APPPATH/Controllers/Panier.php(29): CodeIgniter\Autoloader\Autoloader->loadClass('App\\Models\\ProduitModel')
 5 SYSTEMPATH/CodeIgniter.php(933): App\Controllers\Panier->ajouter()
 6 SYSTEMPATH/CodeIgniter.php(509): CodeIgniter\CodeIgniter->runController(Object(App\Controllers\Panier))
 7 SYSTEMPATH/CodeIgniter.php(355): CodeIgniter\CodeIgniter->handleRequest(null, Object(Config\Cache), false)
 8 SYSTEMPATH/Boot.php(312): CodeIgniter\CodeIgniter->run()
 9 SYSTEMPATH/Boot.php(67): CodeIgniter\Boot::runCodeIgniter(Object(CodeIgniter\CodeIgniter))
10 FCPATH/index.php(56): CodeIgniter\Boot::bootWeb(Object(Config\Paths))
CRITICAL - 2024-06-05 10:22:58 --> Error: Class "App\Models\ProduitModel" not found
[Method: POST, Route: panier/ajouter]
in APPPATH/Models/ProduitModel.php on line 6.
 1 SYSTEMPATH/Autoloader/Autoloader.php(317): include_once()
 2 SYSTEMPATH/Autoloader/Autoloader.php(296): CodeIgniter\Autoloader\Autoloader->includeFile('/Users/wariali/Desktop/codeigniter/app/Models/ProduitModel.php')
 3 SYSTEMPATH/Autoloader/Autoloader.php(272): CodeIgniter\Autoloader\Autoloader->loadInNamespace('App\\Models\\ProduitModel')
 4 APPPATH/Controllers/Panier.php(29): CodeIgniter\Autoloader\Autoloader->loadClass('App\\Models\\ProduitModel')
 5 SYSTEMPATH/CodeIgniter.php(933): App\Controllers\Panier->ajouter()
 6 SYSTEMPATH/CodeIgniter.php(509): CodeIgniter\CodeIgniter->runController(Object(App\Controllers\Panier))
 7 SYSTEMPATH/CodeIgniter.php(355): CodeIgniter\CodeIgniter->handleRequest(null, Object(Config\Cache), false)
 8 SYSTEMPATH/Boot.php(312): CodeIgniter\CodeIgniter->run()
 9 SYSTEMPATH/Boot.php(67): CodeIgniter\Boot::runCodeIgniter(Object(CodeIgniter\CodeIgniter))
10 FCPATH/index.php(56): CodeIgniter\Boot::bootWeb(Object(Config\Paths))
CRITICAL - 2024-06-05 10:23:25 --> Error: Class "App\Models\ProduitModel" not found
[Method: POST, Route: panier/ajouter]
in APPPATH/Models/ProduitModel.php on line 6.
 1 SYSTEMPATH/Autoloader/Autoloader.php(317): include_once()
 2 SYSTEMPATH/Autoloader/Autoloader.php(296): CodeIgniter\Autoloader\Autoloader->includeFile('/Users/wariali/Desktop/codeigniter/app/Models/ProduitModel.php')
 3 SYSTEMPATH/Autoloader/Autoloader.php(272): CodeIgniter\Autoloader\Autoloader->loadInNamespace('App\\Models\\ProduitModel')
 4 APPPATH/Controllers/Panier.php(29): CodeIgniter\Autoloader\Autoloader->loadClass('App\\Models\\ProduitModel')
 5 SYSTEMPATH/CodeIgniter.php(933): App\Controllers\Panier->ajouter()
 6 SYSTEMPATH/CodeIgniter.php(509): CodeIgniter\CodeIgniter->runController(Object(App\Controllers\Panier))
 7 SYSTEMPATH/CodeIgniter.php(355): CodeIgniter\CodeIgniter->handleRequest(null, Object(Config\Cache), false)
 8 SYSTEMPATH/Boot.php(312): CodeIgniter\CodeIgniter->run()
 9 SYSTEMPATH/Boot.php(67): CodeIgniter\Boot::runCodeIgniter(Object(CodeIgniter\CodeIgniter))
10 FCPATH/index.php(56): CodeIgniter\Boot::bootWeb(Object(Config\Paths))
ERROR - 2024-06-05 18:11:09 --> Produit ID: 1, Quantité: 1
ERROR - 2024-06-05 18:11:24 --> Produit ID: 1, Quantité: 1
ERROR - 2024-06-05 18:11:31 --> Produit ID: 1, Quantité: 3
CRITICAL - 2024-06-05 18:26:23 --> ErrorException: Undefined variable $menu_sections
[Method: GET, Route: menu]
in APPPATH/Views/affichage_menu.php on line 80.
 1 APPPATH/Views/affichage_menu.php(80): CodeIgniter\Debug\Exceptions->errorHandler(2, 'Undefined variable $menu_sections', '/Users/wariali/Desktop/codeigniter/app/Views/affichage_menu.php', 80)
 2 SYSTEMPATH/View/View.php(234): include('/Users/wariali/Desktop/codeigniter/app/Views/affichage_menu.php')
 3 SYSTEMPATH/View/View.php(237): CodeIgniter\View\View->CodeIgniter\View\{closure}()
 4 SYSTEMPATH/Common.php(1171): CodeIgniter\View\View->render('affichage_menu', [], true)
 5 APPPATH/Controllers/Home.php(37): view('affichage_menu', [...])
 6 SYSTEMPATH/CodeIgniter.php(933): App\Controllers\Home->menu()
 7 SYSTEMPATH/CodeIgniter.php(509): CodeIgniter\CodeIgniter->runController(Object(App\Controllers\Home))
 8 SYSTEMPATH/CodeIgniter.php(355): CodeIgniter\CodeIgniter->handleRequest(null, Object(Config\Cache), false)
 9 SYSTEMPATH/Boot.php(312): CodeIgniter\CodeIgniter->run()
10 SYSTEMPATH/Boot.php(67): CodeIgniter\Boot::runCodeIgniter(Object(CodeIgniter\CodeIgniter))
11 FCPATH/index.php(56): CodeIgniter\Boot::bootWeb(Object(Config\Paths))
CRITICAL - 2024-06-05 18:26:29 --> ErrorException: Undefined variable $menu_sections
[Method: GET, Route: menu]
in APPPATH/Views/affichage_menu.php on line 80.
 1 APPPATH/Views/affichage_menu.php(80): CodeIgniter\Debug\Exceptions->errorHandler(2, 'Undefined variable $menu_sections', '/Users/wariali/Desktop/codeigniter/app/Views/affichage_menu.php', 80)
 2 SYSTEMPATH/View/View.php(234): include('/Users/wariali/Desktop/codeigniter/app/Views/affichage_menu.php')
 3 SYSTEMPATH/View/View.php(237): CodeIgniter\View\View->CodeIgniter\View\{closure}()
 4 SYSTEMPATH/Common.php(1171): CodeIgniter\View\View->render('affichage_menu', [], true)
 5 APPPATH/Controllers/Home.php(37): view('affichage_menu', [...])
 6 SYSTEMPATH/CodeIgniter.php(933): App\Controllers\Home->menu()
 7 SYSTEMPATH/CodeIgniter.php(509): CodeIgniter\CodeIgniter->runController(Object(App\Controllers\Home))
 8 SYSTEMPATH/CodeIgniter.php(355): CodeIgniter\CodeIgniter->handleRequest(null, Object(Config\Cache), false)
 9 SYSTEMPATH/Boot.php(312): CodeIgniter\CodeIgniter->run()
10 SYSTEMPATH/Boot.php(67): CodeIgniter\Boot::runCodeIgniter(Object(CodeIgniter\CodeIgniter))
11 FCPATH/index.php(56): CodeIgniter\Boot::bootWeb(Object(Config\Paths))
ERROR - 2024-06-05 18:30:00 --> Produit ID: 1, Quantité: 1
ERROR - 2024-06-05 18:31:14 --> Produit ID: 1, Quantité: 1
ERROR - 2024-06-05 18:31:22 --> Produit ID: 1, Quantité: 3
ERROR - 2024-06-05 18:32:21 --> Produit ID: 1, Quantité: 7
ERROR - 2024-06-05 18:32:30 --> Produit ID: 1, Quantité: 2
ERROR - 2024-06-05 18:32:34 --> Produit ID: 1, Quantité: 2
ERROR - 2024-06-05 18:32:44 --> Produit ID: 1, Quantité: 2
CRITICAL - 2024-06-05 18:34:57 --> ErrorException: Undefined variable $menu_sections
[Method: GET, Route: menu]
in APPPATH/Views/affichage_menu.php on line 81.
 1 APPPATH/Views/affichage_menu.php(81): CodeIgniter\Debug\Exceptions->errorHandler(2, 'Undefined variable $menu_sections', '/Users/wariali/Desktop/codeigniter/app/Views/affichage_menu.php', 81)
 2 SYSTEMPATH/View/View.php(234): include('/Users/wariali/Desktop/codeigniter/app/Views/affichage_menu.php')
 3 SYSTEMPATH/View/View.php(237): CodeIgniter\View\View->CodeIgniter\View\{closure}()
 4 SYSTEMPATH/Common.php(1171): CodeIgniter\View\View->render('affichage_menu', [], true)
 5 APPPATH/Controllers/Home.php(37): view('affichage_menu', [...])
 6 SYSTEMPATH/CodeIgniter.php(933): App\Controllers\Home->menu()
 7 SYSTEMPATH/CodeIgniter.php(509): CodeIgniter\CodeIgniter->runController(Object(App\Controllers\Home))
 8 SYSTEMPATH/CodeIgniter.php(355): CodeIgniter\CodeIgniter->handleRequest(null, Object(Config\Cache), false)
 9 SYSTEMPATH/Boot.php(312): CodeIgniter\CodeIgniter->run()
10 SYSTEMPATH/Boot.php(67): CodeIgniter\Boot::runCodeIgniter(Object(CodeIgniter\CodeIgniter))
11 FCPATH/index.php(56): CodeIgniter\Boot::bootWeb(Object(Config\Paths))
CRITICAL - 2024-06-05 18:35:06 --> ErrorException: Undefined variable $menu_sections
[Method: GET, Route: menu]
in APPPATH/Views/affichage_menu.php on line 80.
 1 APPPATH/Views/affichage_menu.php(80): CodeIgniter\Debug\Exceptions->errorHandler(2, 'Undefined variable $menu_sections', '/Users/wariali/Desktop/codeigniter/app/Views/affichage_menu.php', 80)
 2 SYSTEMPATH/View/View.php(234): include('/Users/wariali/Desktop/codeigniter/app/Views/affichage_menu.php')
 3 SYSTEMPATH/View/View.php(237): CodeIgniter\View\View->CodeIgniter\View\{closure}()
 4 SYSTEMPATH/Common.php(1171): CodeIgniter\View\View->render('affichage_menu', [], true)
 5 APPPATH/Controllers/Home.php(37): view('affichage_menu', [...])
 6 SYSTEMPATH/CodeIgniter.php(933): App\Controllers\Home->menu()
 7 SYSTEMPATH/CodeIgniter.php(509): CodeIgniter\CodeIgniter->runController(Object(App\Controllers\Home))
 8 SYSTEMPATH/CodeIgniter.php(355): CodeIgniter\CodeIgniter->handleRequest(null, Object(Config\Cache), false)
 9 SYSTEMPATH/Boot.php(312): CodeIgniter\CodeIgniter->run()
10 SYSTEMPATH/Boot.php(67): CodeIgniter\Boot::runCodeIgniter(Object(CodeIgniter\CodeIgniter))
11 FCPATH/index.php(56): CodeIgniter\Boot::bootWeb(Object(Config\Paths))
CRITICAL - 2024-06-05 18:35:11 --> ErrorException: Undefined variable $menu_sections
[Method: GET, Route: menu]
in APPPATH/Views/affichage_menu.php on line 80.
 1 APPPATH/Views/affichage_menu.php(80): CodeIgniter\Debug\Exceptions->errorHandler(2, 'Undefined variable $menu_sections', '/Users/wariali/Desktop/codeigniter/app/Views/affichage_menu.php', 80)
 2 SYSTEMPATH/View/View.php(234): include('/Users/wariali/Desktop/codeigniter/app/Views/affichage_menu.php')
 3 SYSTEMPATH/View/View.php(237): CodeIgniter\View\View->CodeIgniter\View\{closure}()
 4 SYSTEMPATH/Common.php(1171): CodeIgniter\View\View->render('affichage_menu', [], true)
 5 APPPATH/Controllers/Home.php(37): view('affichage_menu', [...])
 6 SYSTEMPATH/CodeIgniter.php(933): App\Controllers\Home->menu()
 7 SYSTEMPATH/CodeIgniter.php(509): CodeIgniter\CodeIgniter->runController(Object(App\Controllers\Home))
 8 SYSTEMPATH/CodeIgniter.php(355): CodeIgniter\CodeIgniter->handleRequest(null, Object(Config\Cache), false)
 9 SYSTEMPATH/Boot.php(312): CodeIgniter\CodeIgniter->run()
10 SYSTEMPATH/Boot.php(67): CodeIgniter\Boot::runCodeIgniter(Object(CodeIgniter\CodeIgniter))
11 FCPATH/index.php(56): CodeIgniter\Boot::bootWeb(Object(Config\Paths))
ERROR - 2024-06-05 18:38:10 --> Produit ID: 1, Quantité: 2
ERROR - 2024-06-05 18:38:59 --> Produit ID: 1, Quantité: 2
ERROR - 2024-06-05 18:42:09 --> Produit ID: 1, Quantité: 2
ERROR - 2024-06-05 18:42:19 --> Produit ID: 1, Quantité: 2
ERROR - 2024-06-05 18:42:41 --> Produit ID: 1, Quantité: 2
ERROR - 2024-06-05 18:42:54 --> Produit ID: 1, Quantité: 2
CRITICAL - 2024-06-05 19:01:21 --> Error: Call to undefined function base_dotenv()
[Method: GET, Route: menu]
in APPPATH/Views/affichage_menu.php on line 108.
 1 SYSTEMPATH/View/View.php(234): include()
 2 SYSTEMPATH/View/View.php(237): CodeIgniter\View\View->CodeIgniter\View\{closure}()
 3 SYSTEMPATH/Common.php(1171): CodeIgniter\View\View->render('affichage_menu', [], true)
 4 APPPATH/Controllers/Home.php(37): view('affichage_menu', [...])
 5 SYSTEMPATH/CodeIgniter.php(933): App\Controllers\Home->menu()
 6 SYSTEMPATH/CodeIgniter.php(509): CodeIgniter\CodeIgniter->runController(Object(App\Controllers\Home))
 7 SYSTEMPATH/CodeIgniter.php(355): CodeIgniter\CodeIgniter->handleRequest(null, Object(Config\Cache), false)
 8 SYSTEMPATH/Boot.php(312): CodeIgniter\CodeIgniter->run()
 9 SYSTEMPATH/Boot.php(67): CodeIgniter\Boot::runCodeIgniter(Object(CodeIgniter\CodeIgniter))
10 FCPATH/index.php(56): CodeIgniter\Boot::bootWeb(Object(Config\Paths))
CRITICAL - 2024-06-05 19:01:25 --> Error: Call to undefined function base_dotenv()
[Method: GET, Route: menu]
in APPPATH/Views/affichage_menu.php on line 108.
 1 SYSTEMPATH/View/View.php(234): include()
 2 SYSTEMPATH/View/View.php(237): CodeIgniter\View\View->CodeIgniter\View\{closure}()
 3 SYSTEMPATH/Common.php(1171): CodeIgniter\View\View->render('affichage_menu', [], true)
 4 APPPATH/Controllers/Home.php(37): view('affichage_menu', [...])
 5 SYSTEMPATH/CodeIgniter.php(933): App\Controllers\Home->menu()
 6 SYSTEMPATH/CodeIgniter.php(509): CodeIgniter\CodeIgniter->runController(Object(App\Controllers\Home))
 7 SYSTEMPATH/CodeIgniter.php(355): CodeIgniter\CodeIgniter->handleRequest(null, Object(Config\Cache), false)
 8 SYSTEMPATH/Boot.php(312): CodeIgniter\CodeIgniter->run()
 9 SYSTEMPATH/Boot.php(67): CodeIgniter\Boot::runCodeIgniter(Object(CodeIgniter\CodeIgniter))
10 FCPATH/index.php(56): CodeIgniter\Boot::bootWeb(Object(Config\Paths))
CRITICAL - 2024-06-05 19:01:44 --> Error: Call to undefined function base_dotenv()
[Method: GET, Route: menu]
in APPPATH/Views/affichage_menu.php on line 108.
 1 SYSTEMPATH/View/View.php(234): include()
 2 SYSTEMPATH/View/View.php(237): CodeIgniter\View\View->CodeIgniter\View\{closure}()
 3 SYSTEMPATH/Common.php(1171): CodeIgniter\View\View->render('affichage_menu', [], true)
 4 APPPATH/Controllers/Home.php(37): view('affichage_menu', [...])
 5 SYSTEMPATH/CodeIgniter.php(933): App\Controllers\Home->menu()
 6 SYSTEMPATH/CodeIgniter.php(509): CodeIgniter\CodeIgniter->runController(Object(App\Controllers\Home))
 7 SYSTEMPATH/CodeIgniter.php(355): CodeIgniter\CodeIgniter->handleRequest(null, Object(Config\Cache), false)
 8 SYSTEMPATH/Boot.php(312): CodeIgniter\CodeIgniter->run()
 9 SYSTEMPATH/Boot.php(67): CodeIgniter\Boot::runCodeIgniter(Object(CodeIgniter\CodeIgniter))
10 FCPATH/index.php(56): CodeIgniter\Boot::bootWeb(Object(Config\Paths))
