CRITICAL - 2024-06-15 12:53:17 --> CodeIgniter\View\Exceptions\ViewException: Invalid file: "menu/supprimer.php"
[Method: GET, Route: menu/supprimer]
in SYSTEMPATH/Exceptions/FrameworkException.php on line 41.
 1 SYSTEMPATH/View/View.php(222): CodeIgniter\Exceptions\FrameworkException::forInvalidFile('menu/supprimer.php')
 2 SYSTEMPATH/Common.php(1171): CodeIgniter\View\View->render('menu/supprimer', [], true)
 3 APPPATH/Controllers/MenuController.php(14): view('menu/supprimer', [...])
 4 SYSTEMPATH/CodeIgniter.php(933): App\Controllers\MenuController->supprimer()
 5 SYSTEMPATH/CodeIgniter.php(509): CodeIgniter\CodeIgniter->runController(Object(App\Controllers\MenuController))
 6 SYSTEMPATH/CodeIgniter.php(355): CodeIgniter\CodeIgniter->handleRequest(null, Object(Config\Cache), false)
 7 SYSTEMPATH/Boot.php(312): CodeIgniter\CodeIgniter->run()
 8 SYSTEMPATH/Boot.php(67): CodeIgniter\Boot::runCodeIgniter(Object(CodeIgniter\CodeIgniter))
 9 FCPATH/index.php(56): CodeIgniter\Boot::bootWeb(Object(Config\Paths))
CRITICAL - 2024-06-15 12:54:43 --> CodeIgniter\View\Exceptions\ViewException: Invalid file: "menu/supprimer.php"
[Method: GET, Route: supprimer]
in SYSTEMPATH/Exceptions/FrameworkException.php on line 41.
 1 SYSTEMPATH/View/View.php(222): CodeIgniter\Exceptions\FrameworkException::forInvalidFile('menu/supprimer.php')
 2 SYSTEMPATH/Common.php(1171): CodeIgniter\View\View->render('menu/supprimer', [], true)
 3 APPPATH/Controllers/MenuController.php(14): view('menu/supprimer', [...])
 4 SYSTEMPATH/CodeIgniter.php(933): App\Controllers\MenuController->supprimer()
 5 SYSTEMPATH/CodeIgniter.php(509): CodeIgniter\CodeIgniter->runController(Object(App\Controllers\MenuController))
 6 SYSTEMPATH/CodeIgniter.php(355): CodeIgniter\CodeIgniter->handleRequest(null, Object(Config\Cache), false)
 7 SYSTEMPATH/Boot.php(312): CodeIgniter\CodeIgniter->run()
 8 SYSTEMPATH/Boot.php(67): CodeIgniter\Boot::runCodeIgniter(Object(CodeIgniter\CodeIgniter))
 9 FCPATH/index.php(56): CodeIgniter\Boot::bootWeb(Object(Config\Paths))
CRITICAL - 2024-06-15 12:54:55 --> CodeIgniter\View\Exceptions\ViewException: Invalid file: "menu/supprimer.php"
[Method: GET, Route: supprimer]
in SYSTEMPATH/Exceptions/FrameworkException.php on line 41.
 1 SYSTEMPATH/View/View.php(222): CodeIgniter\Exceptions\FrameworkException::forInvalidFile('menu/supprimer.php')
 2 SYSTEMPATH/Common.php(1171): CodeIgniter\View\View->render('menu/supprimer', [], true)
 3 APPPATH/Controllers/MenuController.php(14): view('menu/supprimer', [...])
 4 SYSTEMPATH/CodeIgniter.php(933): App\Controllers\MenuController->supprimer()
 5 SYSTEMPATH/CodeIgniter.php(509): CodeIgniter\CodeIgniter->runController(Object(App\Controllers\MenuController))
 6 SYSTEMPATH/CodeIgniter.php(355): CodeIgniter\CodeIgniter->handleRequest(null, Object(Config\Cache), false)
 7 SYSTEMPATH/Boot.php(312): CodeIgniter\CodeIgniter->run()
 8 SYSTEMPATH/Boot.php(67): CodeIgniter\Boot::runCodeIgniter(Object(CodeIgniter\CodeIgniter))
 9 FCPATH/index.php(56): CodeIgniter\Boot::bootWeb(Object(Config\Paths))
CRITICAL - 2024-06-15 12:55:10 --> CodeIgniter\View\Exceptions\ViewException: Invalid file: "menu/supprimer.php"
[Method: GET, Route: menu/supprimer]
in SYSTEMPATH/Exceptions/FrameworkException.php on line 41.
 1 SYSTEMPATH/View/View.php(222): CodeIgniter\Exceptions\FrameworkException::forInvalidFile('menu/supprimer.php')
 2 SYSTEMPATH/Common.php(1171): CodeIgniter\View\View->render('menu/supprimer', [], true)
 3 APPPATH/Controllers/MenuController.php(14): view('menu/supprimer', [...])
 4 SYSTEMPATH/CodeIgniter.php(933): App\Controllers\MenuController->supprimer()
 5 SYSTEMPATH/CodeIgniter.php(509): CodeIgniter\CodeIgniter->runController(Object(App\Controllers\MenuController))
 6 SYSTEMPATH/CodeIgniter.php(355): CodeIgniter\CodeIgniter->handleRequest(null, Object(Config\Cache), false)
 7 SYSTEMPATH/Boot.php(312): CodeIgniter\CodeIgniter->run()
 8 SYSTEMPATH/Boot.php(67): CodeIgniter\Boot::runCodeIgniter(Object(CodeIgniter\CodeIgniter))
 9 FCPATH/index.php(56): CodeIgniter\Boot::bootWeb(Object(Config\Paths))
CRITICAL - 2024-06-15 17:08:52 --> Error: Class "App\Models\GalerieModel" not found
[Method: GET, Route: galerie]
in APPPATH/Controllers/Galerie.php on line 10.
 1 SYSTEMPATH/CodeIgniter.php(933): App\Controllers\Galerie->index()
 2 SYSTEMPATH/CodeIgniter.php(509): CodeIgniter\CodeIgniter->runController(Object(App\Controllers\Galerie))
 3 SYSTEMPATH/CodeIgniter.php(355): CodeIgniter\CodeIgniter->handleRequest(null, Object(Config\Cache), false)
 4 SYSTEMPATH/Boot.php(312): CodeIgniter\CodeIgniter->run()
 5 SYSTEMPATH/Boot.php(67): CodeIgniter\Boot::runCodeIgniter(Object(CodeIgniter\CodeIgniter))
 6 FCPATH/index.php(56): CodeIgniter\Boot::bootWeb(Object(Config\Paths))
CRITICAL - 2024-06-15 17:09:43 --> Error: Class "App\Models\GalerieModel" not found
[Method: GET, Route: galerie]
in APPPATH/Controllers/Galerie.php on line 10.
 1 SYSTEMPATH/CodeIgniter.php(933): App\Controllers\Galerie->index()
 2 SYSTEMPATH/CodeIgniter.php(509): CodeIgniter\CodeIgniter->runController(Object(App\Controllers\Galerie))
 3 SYSTEMPATH/CodeIgniter.php(355): CodeIgniter\CodeIgniter->handleRequest(null, Object(Config\Cache), false)
 4 SYSTEMPATH/Boot.php(312): CodeIgniter\CodeIgniter->run()
 5 SYSTEMPATH/Boot.php(67): CodeIgniter\Boot::runCodeIgniter(Object(CodeIgniter\CodeIgniter))
 6 FCPATH/index.php(56): CodeIgniter\Boot::bootWeb(Object(Config\Paths))
CRITICAL - 2024-06-15 17:09:46 --> Error: Class "App\Models\GalerieModel" not found
[Method: GET, Route: galerie]
in APPPATH/Controllers/Galerie.php on line 10.
 1 SYSTEMPATH/CodeIgniter.php(933): App\Controllers\Galerie->index()
 2 SYSTEMPATH/CodeIgniter.php(509): CodeIgniter\CodeIgniter->runController(Object(App\Controllers\Galerie))
 3 SYSTEMPATH/CodeIgniter.php(355): CodeIgniter\CodeIgniter->handleRequest(null, Object(Config\Cache), false)
 4 SYSTEMPATH/Boot.php(312): CodeIgniter\CodeIgniter->run()
 5 SYSTEMPATH/Boot.php(67): CodeIgniter\Boot::runCodeIgniter(Object(CodeIgniter\CodeIgniter))
 6 FCPATH/index.php(56): CodeIgniter\Boot::bootWeb(Object(Config\Paths))
CRITICAL - 2024-06-15 17:10:54 --> Error: Class "App\Models\GalerieModel" not found
[Method: GET, Route: galerie]
in APPPATH/Controllers/Galerie.php on line 10.
 1 SYSTEMPATH/CodeIgniter.php(933): App\Controllers\Galerie->index()
 2 SYSTEMPATH/CodeIgniter.php(509): CodeIgniter\CodeIgniter->runController(Object(App\Controllers\Galerie))
 3 SYSTEMPATH/CodeIgniter.php(355): CodeIgniter\CodeIgniter->handleRequest(null, Object(Config\Cache), false)
 4 SYSTEMPATH/Boot.php(312): CodeIgniter\CodeIgniter->run()
 5 SYSTEMPATH/Boot.php(67): CodeIgniter\Boot::runCodeIgniter(Object(CodeIgniter\CodeIgniter))
 6 FCPATH/index.php(56): CodeIgniter\Boot::bootWeb(Object(Config\Paths))
CRITICAL - 2024-06-15 17:11:53 --> Error: Class "App\Models\GalerieModel" not found
[Method: GET, Route: galerie]
in APPPATH/Controllers/Galerie.php on line 10.
 1 SYSTEMPATH/CodeIgniter.php(933): App\Controllers\Galerie->index()
 2 SYSTEMPATH/CodeIgniter.php(509): CodeIgniter\CodeIgniter->runController(Object(App\Controllers\Galerie))
 3 SYSTEMPATH/CodeIgniter.php(355): CodeIgniter\CodeIgniter->handleRequest(null, Object(Config\Cache), false)
 4 SYSTEMPATH/Boot.php(312): CodeIgniter\CodeIgniter->run()
 5 SYSTEMPATH/Boot.php(67): CodeIgniter\Boot::runCodeIgniter(Object(CodeIgniter\CodeIgniter))
 6 FCPATH/index.php(56): CodeIgniter\Boot::bootWeb(Object(Config\Paths))
CRITICAL - 2024-06-15 17:11:55 --> Error: Class "App\Models\GalerieModel" not found
[Method: GET, Route: galerie]
in APPPATH/Controllers/Galerie.php on line 10.
 1 SYSTEMPATH/CodeIgniter.php(933): App\Controllers\Galerie->index()
 2 SYSTEMPATH/CodeIgniter.php(509): CodeIgniter\CodeIgniter->runController(Object(App\Controllers\Galerie))
 3 SYSTEMPATH/CodeIgniter.php(355): CodeIgniter\CodeIgniter->handleRequest(null, Object(Config\Cache), false)
 4 SYSTEMPATH/Boot.php(312): CodeIgniter\CodeIgniter->run()
 5 SYSTEMPATH/Boot.php(67): CodeIgniter\Boot::runCodeIgniter(Object(CodeIgniter\CodeIgniter))
 6 FCPATH/index.php(56): CodeIgniter\Boot::bootWeb(Object(Config\Paths))
CRITICAL - 2024-06-15 17:15:56 --> Error: Class "App\Models\GalerieModel" not found
[Method: GET, Route: galerie]
in APPPATH/Controllers/Galerie.php on line 10.
 1 SYSTEMPATH/CodeIgniter.php(933): App\Controllers\Galerie->index()
 2 SYSTEMPATH/CodeIgniter.php(509): CodeIgniter\CodeIgniter->runController(Object(App\Controllers\Galerie))
 3 SYSTEMPATH/CodeIgniter.php(355): CodeIgniter\CodeIgniter->handleRequest(null, Object(Config\Cache), false)
 4 SYSTEMPATH/Boot.php(312): CodeIgniter\CodeIgniter->run()
 5 SYSTEMPATH/Boot.php(67): CodeIgniter\Boot::runCodeIgniter(Object(CodeIgniter\CodeIgniter))
 6 FCPATH/index.php(56): CodeIgniter\Boot::bootWeb(Object(Config\Paths))
CRITICAL - 2024-06-15 17:17:00 --> Error: Class "App\Models\GalerieModel" not found
[Method: GET, Route: galerie]
in APPPATH/Controllers/Galerie.php on line 10.
 1 SYSTEMPATH/CodeIgniter.php(933): App\Controllers\Galerie->index()
 2 SYSTEMPATH/CodeIgniter.php(509): CodeIgniter\CodeIgniter->runController(Object(App\Controllers\Galerie))
 3 SYSTEMPATH/CodeIgniter.php(355): CodeIgniter\CodeIgniter->handleRequest(null, Object(Config\Cache), false)
 4 SYSTEMPATH/Boot.php(312): CodeIgniter\CodeIgniter->run()
 5 SYSTEMPATH/Boot.php(67): CodeIgniter\Boot::runCodeIgniter(Object(CodeIgniter\CodeIgniter))
 6 FCPATH/index.php(56): CodeIgniter\Boot::bootWeb(Object(Config\Paths))
