CRITICAL - 2024-06-09 14:35:58 --> ErrorException: Undefined variable $messages
[Method: GET, Route: contact]
in APPPATH/Views/affichage_contact.php on line 1.
 1 APPPATH/Views/affichage_contact.php(1): CodeIgniter\Debug\Exceptions->errorHandler(2, 'Undefined variable $messages', '/Users/wariali/Desktop/codeigniter/app/Views/affichage_contact.php', 1)
 2 SYSTEMPATH/View/View.php(234): include('/Users/wariali/Desktop/codeigniter/app/Views/affichage_contact.php')
 3 SYSTEMPATH/View/View.php(237): CodeIgniter\View\View->CodeIgniter\View\{closure}()
 4 SYSTEMPATH/Common.php(1171): CodeIgniter\View\View->render('affichage_contact', [], true)
 5 APPPATH/Controllers/Home.php(28): view('affichage_contact')
 6 SYSTEMPATH/CodeIgniter.php(933): App\Controllers\Home->contact()
 7 SYSTEMPATH/CodeIgniter.php(509): CodeIgniter\CodeIgniter->runController(Object(App\Controllers\Home))
 8 SYSTEMPATH/CodeIgniter.php(355): CodeIgniter\CodeIgniter->handleRequest(null, Object(Config\Cache), false)
 9 SYSTEMPATH/Boot.php(312): CodeIgniter\CodeIgniter->run()
10 SYSTEMPATH/Boot.php(67): CodeIgniter\Boot::runCodeIgniter(Object(CodeIgniter\CodeIgniter))
11 FCPATH/index.php(56): CodeIgniter\Boot::bootWeb(Object(Config\Paths))
CRITICAL - 2024-06-09 14:35:59 --> ErrorException: Undefined variable $messages
[Method: GET, Route: contact]
in APPPATH/Views/affichage_contact.php on line 1.
 1 APPPATH/Views/affichage_contact.php(1): CodeIgniter\Debug\Exceptions->errorHandler(2, 'Undefined variable $messages', '/Users/wariali/Desktop/codeigniter/app/Views/affichage_contact.php', 1)
 2 SYSTEMPATH/View/View.php(234): include('/Users/wariali/Desktop/codeigniter/app/Views/affichage_contact.php')
 3 SYSTEMPATH/View/View.php(237): CodeIgniter\View\View->CodeIgniter\View\{closure}()
 4 SYSTEMPATH/Common.php(1171): CodeIgniter\View\View->render('affichage_contact', [], true)
 5 APPPATH/Controllers/Home.php(28): view('affichage_contact')
 6 SYSTEMPATH/CodeIgniter.php(933): App\Controllers\Home->contact()
 7 SYSTEMPATH/CodeIgniter.php(509): CodeIgniter\CodeIgniter->runController(Object(App\Controllers\Home))
 8 SYSTEMPATH/CodeIgniter.php(355): CodeIgniter\CodeIgniter->handleRequest(null, Object(Config\Cache), false)
 9 SYSTEMPATH/Boot.php(312): CodeIgniter\CodeIgniter->run()
10 SYSTEMPATH/Boot.php(67): CodeIgniter\Boot::runCodeIgniter(Object(CodeIgniter\CodeIgniter))
11 FCPATH/index.php(56): CodeIgniter\Boot::bootWeb(Object(Config\Paths))
