ERROR - 2024-06-13 11:17:49 --> mysqli_sql_exception: Duplicate entry 'warimi@gmail.com' for key 'email' in /Users/wariali/Desktop/codeigniter/system/Database/MySQLi/Connection.php:308
Stack trace:
#0 /Users/wariali/Desktop/codeigniter/system/Database/MySQLi/Connection.php(308): mysqli->query('INSERT INTO `ut...', 0)
#1 /Users/wariali/Desktop/codeigniter/system/Database/BaseConnection.php(722): CodeIgniter\Database\MySQLi\Connection->execute('INSERT INTO `ut...')
#2 /Users/wariali/Desktop/codeigniter/system/Database/BaseConnection.php(636): CodeIgniter\Database\BaseConnection->simpleQuery('INSERT INTO `ut...')
#3 /Users/wariali/Desktop/codeigniter/system/Database/BaseBuilder.php(2325): CodeIgniter\Database\BaseConnection->query('INSERT INTO `ut...', Array, false)
#4 /Users/wariali/Desktop/codeigniter/system/Model.php(383): CodeIgniter\Database\BaseBuilder->insert()
#5 /Users/wariali/Desktop/codeigniter/system/BaseModel.php(840): CodeIgniter\Model->doInsert(Array)
#6 /Users/wariali/Desktop/codeigniter/system/Model.php(791): CodeIgniter\BaseModel->insert(Array, true)
#7 /Users/wariali/Desktop/codeigniter/app/Models/Utilisateur_model.php(11): CodeIgniter\Model->insert(Array)
#8 /Users/wariali/Desktop/codeigniter/app/Controllers/Compte.php(89): App\Models\Utilisateur_model->insert_user(Array)
#9 /Users/wariali/Desktop/codeigniter/system/CodeIgniter.php(933): App\Controllers\Compte->register()
#10 /Users/wariali/Desktop/codeigniter/system/CodeIgniter.php(509): CodeIgniter\CodeIgniter->runController(Object(App\Controllers\Compte))
#11 /Users/wariali/Desktop/codeigniter/system/CodeIgniter.php(355): CodeIgniter\CodeIgniter->handleRequest(NULL, Object(Config\Cache), false)
#12 /Users/wariali/Desktop/codeigniter/system/Boot.php(312): CodeIgniter\CodeIgniter->run()
#13 /Users/wariali/Desktop/codeigniter/system/Boot.php(67): CodeIgniter\Boot::runCodeIgniter(Object(CodeIgniter\CodeIgniter))
#14 /Users/wariali/Desktop/codeigniter/public/index.php(56): CodeIgniter\Boot::bootWeb(Object(Config\Paths))
#15 {main}
CRITICAL - 2024-06-13 11:17:49 --> CodeIgniter\Database\Exceptions\DatabaseException: Duplicate entry 'warimi@gmail.com' for key 'email'
[Method: POST, Route: compte/register]
in SYSTEMPATH/Database/BaseConnection.php on line 676.
 1 SYSTEMPATH/Database/BaseBuilder.php(2325): CodeIgniter\Database\BaseConnection->query('INSERT INTO `utilisateurs` (`nom`, `email`, `mot_de_passe`) VALUES (:nom:, :email:, :mot_de_passe:)', [...], false)
 2 SYSTEMPATH/Model.php(383): CodeIgniter\Database\BaseBuilder->insert()
 3 SYSTEMPATH/BaseModel.php(840): CodeIgniter\Model->doInsert([...])
 4 SYSTEMPATH/Model.php(791): CodeIgniter\BaseModel->insert([...], true)
 5 APPPATH/Models/Utilisateur_model.php(11): CodeIgniter\Model->insert([...])
 6 APPPATH/Controllers/Compte.php(89): App\Models\Utilisateur_model->insert_user([...])
 7 SYSTEMPATH/CodeIgniter.php(933): App\Controllers\Compte->register()
 8 SYSTEMPATH/CodeIgniter.php(509): CodeIgniter\CodeIgniter->runController(Object(App\Controllers\Compte))
 9 SYSTEMPATH/CodeIgniter.php(355): CodeIgniter\CodeIgniter->handleRequest(null, Object(Config\Cache), false)
10 SYSTEMPATH/Boot.php(312): CodeIgniter\CodeIgniter->run()
11 SYSTEMPATH/Boot.php(67): CodeIgniter\Boot::runCodeIgniter(Object(CodeIgniter\CodeIgniter))
12 FCPATH/index.php(56): CodeIgniter\Boot::bootWeb(Object(Config\Paths))
CRITICAL - 2024-06-13 11:17:49 --> [Caused by] CodeIgniter\Database\Exceptions\DatabaseException: Duplicate entry 'warimi@gmail.com' for key 'email'
in SYSTEMPATH/Database/MySQLi/Connection.php on line 313.
 1 SYSTEMPATH/Database/BaseConnection.php(722): CodeIgniter\Database\MySQLi\Connection->execute('INSERT INTO `utilisateurs` (`nom`, `email`, `mot_de_passe`) VALUES (\'warimi\', \'warimi@gmail.com\', \'$2y$10$J4wnc.L8VgyI/gyJNCXla.HHgUxSs2p4ygPL./DtqSun69ajK/EOq\')')
 2 SYSTEMPATH/Database/BaseConnection.php(636): CodeIgniter\Database\BaseConnection->simpleQuery('INSERT INTO `utilisateurs` (`nom`, `email`, `mot_de_passe`) VALUES (\'warimi\', \'warimi@gmail.com\', \'$2y$10$J4wnc.L8VgyI/gyJNCXla.HHgUxSs2p4ygPL./DtqSun69ajK/EOq\')')
 3 SYSTEMPATH/Database/BaseBuilder.php(2325): CodeIgniter\Database\BaseConnection->query('INSERT INTO `utilisateurs` (`nom`, `email`, `mot_de_passe`) VALUES (:nom:, :email:, :mot_de_passe:)', [...], false)
 4 SYSTEMPATH/Model.php(383): CodeIgniter\Database\BaseBuilder->insert()
 5 SYSTEMPATH/BaseModel.php(840): CodeIgniter\Model->doInsert([...])
 6 SYSTEMPATH/Model.php(791): CodeIgniter\BaseModel->insert([...], true)
 7 APPPATH/Models/Utilisateur_model.php(11): CodeIgniter\Model->insert([...])
 8 APPPATH/Controllers/Compte.php(89): App\Models\Utilisateur_model->insert_user([...])
 9 SYSTEMPATH/CodeIgniter.php(933): App\Controllers\Compte->register()
10 SYSTEMPATH/CodeIgniter.php(509): CodeIgniter\CodeIgniter->runController(Object(App\Controllers\Compte))
11 SYSTEMPATH/CodeIgniter.php(355): CodeIgniter\CodeIgniter->handleRequest(null, Object(Config\Cache), false)
12 SYSTEMPATH/Boot.php(312): CodeIgniter\CodeIgniter->run()
13 SYSTEMPATH/Boot.php(67): CodeIgniter\Boot::runCodeIgniter(Object(CodeIgniter\CodeIgniter))
14 FCPATH/index.php(56): CodeIgniter\Boot::bootWeb(Object(Config\Paths))
CRITICAL - 2024-06-13 11:17:49 --> [Caused by] mysqli_sql_exception: Duplicate entry 'warimi@gmail.com' for key 'email'
in SYSTEMPATH/Database/MySQLi/Connection.php on line 308.
 1 SYSTEMPATH/Database/MySQLi/Connection.php(308): mysqli->query('INSERT INTO `utilisateurs` (`nom`, `email`, `mot_de_passe`) VALUES (\'warimi\', \'warimi@gmail.com\', \'$2y$10$J4wnc.L8VgyI/gyJNCXla.HHgUxSs2p4ygPL./DtqSun69ajK/EOq\')', 0)
 2 SYSTEMPATH/Database/BaseConnection.php(722): CodeIgniter\Database\MySQLi\Connection->execute('INSERT INTO `utilisateurs` (`nom`, `email`, `mot_de_passe`) VALUES (\'warimi\', \'warimi@gmail.com\', \'$2y$10$J4wnc.L8VgyI/gyJNCXla.HHgUxSs2p4ygPL./DtqSun69ajK/EOq\')')
 3 SYSTEMPATH/Database/BaseConnection.php(636): CodeIgniter\Database\BaseConnection->simpleQuery('INSERT INTO `utilisateurs` (`nom`, `email`, `mot_de_passe`) VALUES (\'warimi\', \'warimi@gmail.com\', \'$2y$10$J4wnc.L8VgyI/gyJNCXla.HHgUxSs2p4ygPL./DtqSun69ajK/EOq\')')
 4 SYSTEMPATH/Database/BaseBuilder.php(2325): CodeIgniter\Database\BaseConnection->query('INSERT INTO `utilisateurs` (`nom`, `email`, `mot_de_passe`) VALUES (:nom:, :email:, :mot_de_passe:)', [...], false)
 5 SYSTEMPATH/Model.php(383): CodeIgniter\Database\BaseBuilder->insert()
 6 SYSTEMPATH/BaseModel.php(840): CodeIgniter\Model->doInsert([...])
 7 SYSTEMPATH/Model.php(791): CodeIgniter\BaseModel->insert([...], true)
 8 APPPATH/Models/Utilisateur_model.php(11): CodeIgniter\Model->insert([...])
 9 APPPATH/Controllers/Compte.php(89): App\Models\Utilisateur_model->insert_user([...])
10 SYSTEMPATH/CodeIgniter.php(933): App\Controllers\Compte->register()
11 SYSTEMPATH/CodeIgniter.php(509): CodeIgniter\CodeIgniter->runController(Object(App\Controllers\Compte))
12 SYSTEMPATH/CodeIgniter.php(355): CodeIgniter\CodeIgniter->handleRequest(null, Object(Config\Cache), false)
13 SYSTEMPATH/Boot.php(312): CodeIgniter\CodeIgniter->run()
14 SYSTEMPATH/Boot.php(67): CodeIgniter\Boot::runCodeIgniter(Object(CodeIgniter\CodeIgniter))
15 FCPATH/index.php(56): CodeIgniter\Boot::bootWeb(Object(Config\Paths))
