CRITICAL - 2024-06-12 06:13:15 --> ErrorException: Undefined property: App\Controllers\Compte::$load
[Method: GET, Route: compte/inscription]
in APPPATH/Controllers/Compte.php on line 77.
 1 APPPATH/Controllers/Compte.php(77): CodeIgniter\Debug\Exceptions->errorHandler(2, 'Undefined property: App\\Controllers\\Compte::$load', '/Users/wariali/Desktop/codeigniter/app/Controllers/Compte.php', 77)
 2 SYSTEMPATH/CodeIgniter.php(933): App\Controllers\Compte->inscription()
 3 SYSTEMPATH/CodeIgniter.php(509): CodeIgniter\CodeIgniter->runController(Object(App\Controllers\Compte))
 4 SYSTEMPATH/CodeIgniter.php(355): CodeIgniter\CodeIgniter->handleRequest(null, Object(Config\Cache), false)
 5 SYSTEMPATH/Boot.php(312): CodeIgniter\CodeIgniter->run()
 6 SYSTEMPATH/Boot.php(67): CodeIgniter\Boot::runCodeIgniter(Object(CodeIgniter\CodeIgniter))
 7 FCPATH/index.php(56): CodeIgniter\Boot::bootWeb(Object(Config\Paths))
CRITICAL - 2024-06-12 06:14:21 --> ErrorException: Undefined property: App\Controllers\Compte::$load
[Method: POST, Route: compte/register]
in APPPATH/Controllers/Compte.php on line 81.
 1 APPPATH/Controllers/Compte.php(81): CodeIgniter\Debug\Exceptions->errorHandler(2, 'Undefined property: App\\Controllers\\Compte::$load', '/Users/wariali/Desktop/codeigniter/app/Controllers/Compte.php', 81)
 2 SYSTEMPATH/CodeIgniter.php(933): App\Controllers\Compte->register()
 3 SYSTEMPATH/CodeIgniter.php(509): CodeIgniter\CodeIgniter->runController(Object(App\Controllers\Compte))
 4 SYSTEMPATH/CodeIgniter.php(355): CodeIgniter\CodeIgniter->handleRequest(null, Object(Config\Cache), false)
 5 SYSTEMPATH/Boot.php(312): CodeIgniter\CodeIgniter->run()
 6 SYSTEMPATH/Boot.php(67): CodeIgniter\Boot::runCodeIgniter(Object(CodeIgniter\CodeIgniter))
 7 FCPATH/index.php(56): CodeIgniter\Boot::bootWeb(Object(Config\Paths))
CRITICAL - 2024-06-12 06:15:37 --> ErrorException: Undefined property: App\Controllers\Compte::$load
[Method: POST, Route: compte/register]
in APPPATH/Controllers/Compte.php on line 82.
 1 APPPATH/Controllers/Compte.php(82): CodeIgniter\Debug\Exceptions->errorHandler(2, 'Undefined property: App\\Controllers\\Compte::$load', '/Users/wariali/Desktop/codeigniter/app/Controllers/Compte.php', 82)
 2 SYSTEMPATH/CodeIgniter.php(933): App\Controllers\Compte->register()
 3 SYSTEMPATH/CodeIgniter.php(509): CodeIgniter\CodeIgniter->runController(Object(App\Controllers\Compte))
 4 SYSTEMPATH/CodeIgniter.php(355): CodeIgniter\CodeIgniter->handleRequest(null, Object(Config\Cache), false)
 5 SYSTEMPATH/Boot.php(312): CodeIgniter\CodeIgniter->run()
 6 SYSTEMPATH/Boot.php(67): CodeIgniter\Boot::runCodeIgniter(Object(CodeIgniter\CodeIgniter))
 7 FCPATH/index.php(56): CodeIgniter\Boot::bootWeb(Object(Config\Paths))
CRITICAL - 2024-06-12 06:22:56 --> CodeIgniter\View\Exceptions\ViewException: Invalid file: "inscription_reussie.php"
[Method: POST, Route: compte/register]
in SYSTEMPATH/Exceptions/FrameworkException.php on line 41.
 1 SYSTEMPATH/View/View.php(222): CodeIgniter\Exceptions\FrameworkException::forInvalidFile('inscription_reussie.php')
 2 SYSTEMPATH/Common.php(1171): CodeIgniter\View\View->render('inscription_reussie', [], true)
 3 APPPATH/Controllers/Compte.php(93): view('inscription_reussie', [...])
 4 SYSTEMPATH/CodeIgniter.php(933): App\Controllers\Compte->register()
 5 SYSTEMPATH/CodeIgniter.php(509): CodeIgniter\CodeIgniter->runController(Object(App\Controllers\Compte))
 6 SYSTEMPATH/CodeIgniter.php(355): CodeIgniter\CodeIgniter->handleRequest(null, Object(Config\Cache), false)
 7 SYSTEMPATH/Boot.php(312): CodeIgniter\CodeIgniter->run()
 8 SYSTEMPATH/Boot.php(67): CodeIgniter\Boot::runCodeIgniter(Object(CodeIgniter\CodeIgniter))
 9 FCPATH/index.php(56): CodeIgniter\Boot::bootWeb(Object(Config\Paths))
ERROR - 2024-06-12 06:23:17 --> mysqli_sql_exception: Duplicate entry 'moussa@gmail.com' for key 'email' in /Users/wariali/Desktop/codeigniter/system/Database/MySQLi/Connection.php:308
Stack trace:
#0 /Users/wariali/Desktop/codeigniter/system/Database/MySQLi/Connection.php(308): mysqli->query('INSERT INTO `Ut...', 0)
#1 /Users/wariali/Desktop/codeigniter/system/Database/BaseConnection.php(722): CodeIgniter\Database\MySQLi\Connection->execute('INSERT INTO `Ut...')
#2 /Users/wariali/Desktop/codeigniter/system/Database/BaseConnection.php(636): CodeIgniter\Database\BaseConnection->simpleQuery('INSERT INTO `Ut...')
#3 /Users/wariali/Desktop/codeigniter/system/Database/BaseBuilder.php(2325): CodeIgniter\Database\BaseConnection->query('INSERT INTO `Ut...', Array, false)
#4 /Users/wariali/Desktop/codeigniter/system/Model.php(383): CodeIgniter\Database\BaseBuilder->insert()
#5 /Users/wariali/Desktop/codeigniter/system/BaseModel.php(840): CodeIgniter\Model->doInsert(Array)
#6 /Users/wariali/Desktop/codeigniter/system/Model.php(791): CodeIgniter\BaseModel->insert(Array, true)
#7 /Users/wariali/Desktop/codeigniter/app/Models/Utilisateur_model.php(11): CodeIgniter\Model->insert(Array)
#8 /Users/wariali/Desktop/codeigniter/app/Controllers/Compte.php(90): App\Models\Utilisateur_model->insert_user(Array)
#9 /Users/wariali/Desktop/codeigniter/system/CodeIgniter.php(933): App\Controllers\Compte->register()
#10 /Users/wariali/Desktop/codeigniter/system/CodeIgniter.php(509): CodeIgniter\CodeIgniter->runController(Object(App\Controllers\Compte))
#11 /Users/wariali/Desktop/codeigniter/system/CodeIgniter.php(355): CodeIgniter\CodeIgniter->handleRequest(NULL, Object(Config\Cache), false)
#12 /Users/wariali/Desktop/codeigniter/system/Boot.php(312): CodeIgniter\CodeIgniter->run()
#13 /Users/wariali/Desktop/codeigniter/system/Boot.php(67): CodeIgniter\Boot::runCodeIgniter(Object(CodeIgniter\CodeIgniter))
#14 /Users/wariali/Desktop/codeigniter/public/index.php(56): CodeIgniter\Boot::bootWeb(Object(Config\Paths))
#15 {main}
CRITICAL - 2024-06-12 06:23:17 --> CodeIgniter\Database\Exceptions\DatabaseException: Duplicate entry 'moussa@gmail.com' for key 'email'
[Method: POST, Route: compte/register]
in SYSTEMPATH/Database/BaseConnection.php on line 676.
 1 SYSTEMPATH/Database/BaseBuilder.php(2325): CodeIgniter\Database\BaseConnection->query('INSERT INTO `Utilisateurs` (`nom`, `email`, `mot_de_passe`) VALUES (:nom:, :email:, :mot_de_passe:)', [...], false)
 2 SYSTEMPATH/Model.php(383): CodeIgniter\Database\BaseBuilder->insert()
 3 SYSTEMPATH/BaseModel.php(840): CodeIgniter\Model->doInsert([...])
 4 SYSTEMPATH/Model.php(791): CodeIgniter\BaseModel->insert([...], true)
 5 APPPATH/Models/Utilisateur_model.php(11): CodeIgniter\Model->insert([...])
 6 APPPATH/Controllers/Compte.php(90): App\Models\Utilisateur_model->insert_user([...])
 7 SYSTEMPATH/CodeIgniter.php(933): App\Controllers\Compte->register()
 8 SYSTEMPATH/CodeIgniter.php(509): CodeIgniter\CodeIgniter->runController(Object(App\Controllers\Compte))
 9 SYSTEMPATH/CodeIgniter.php(355): CodeIgniter\CodeIgniter->handleRequest(null, Object(Config\Cache), false)
10 SYSTEMPATH/Boot.php(312): CodeIgniter\CodeIgniter->run()
11 SYSTEMPATH/Boot.php(67): CodeIgniter\Boot::runCodeIgniter(Object(CodeIgniter\CodeIgniter))
12 FCPATH/index.php(56): CodeIgniter\Boot::bootWeb(Object(Config\Paths))
CRITICAL - 2024-06-12 06:23:17 --> [Caused by] CodeIgniter\Database\Exceptions\DatabaseException: Duplicate entry 'moussa@gmail.com' for key 'email'
in SYSTEMPATH/Database/MySQLi/Connection.php on line 313.
 1 SYSTEMPATH/Database/BaseConnection.php(722): CodeIgniter\Database\MySQLi\Connection->execute('INSERT INTO `Utilisateurs` (`nom`, `email`, `mot_de_passe`) VALUES (\'moussa\', \'moussa@gmail.com\', \'$2y$10$bkYsI8Y/MzhQtMSe9kUa4u8SHuAsc8FhXlIG.nCkZ3zsY.bBJ84mW\')')
 2 SYSTEMPATH/Database/BaseConnection.php(636): CodeIgniter\Database\BaseConnection->simpleQuery('INSERT INTO `Utilisateurs` (`nom`, `email`, `mot_de_passe`) VALUES (\'moussa\', \'moussa@gmail.com\', \'$2y$10$bkYsI8Y/MzhQtMSe9kUa4u8SHuAsc8FhXlIG.nCkZ3zsY.bBJ84mW\')')
 3 SYSTEMPATH/Database/BaseBuilder.php(2325): CodeIgniter\Database\BaseConnection->query('INSERT INTO `Utilisateurs` (`nom`, `email`, `mot_de_passe`) VALUES (:nom:, :email:, :mot_de_passe:)', [...], false)
 4 SYSTEMPATH/Model.php(383): CodeIgniter\Database\BaseBuilder->insert()
 5 SYSTEMPATH/BaseModel.php(840): CodeIgniter\Model->doInsert([...])
 6 SYSTEMPATH/Model.php(791): CodeIgniter\BaseModel->insert([...], true)
 7 APPPATH/Models/Utilisateur_model.php(11): CodeIgniter\Model->insert([...])
 8 APPPATH/Controllers/Compte.php(90): App\Models\Utilisateur_model->insert_user([...])
 9 SYSTEMPATH/CodeIgniter.php(933): App\Controllers\Compte->register()
10 SYSTEMPATH/CodeIgniter.php(509): CodeIgniter\CodeIgniter->runController(Object(App\Controllers\Compte))
11 SYSTEMPATH/CodeIgniter.php(355): CodeIgniter\CodeIgniter->handleRequest(null, Object(Config\Cache), false)
12 SYSTEMPATH/Boot.php(312): CodeIgniter\CodeIgniter->run()
13 SYSTEMPATH/Boot.php(67): CodeIgniter\Boot::runCodeIgniter(Object(CodeIgniter\CodeIgniter))
14 FCPATH/index.php(56): CodeIgniter\Boot::bootWeb(Object(Config\Paths))
CRITICAL - 2024-06-12 06:23:17 --> [Caused by] mysqli_sql_exception: Duplicate entry 'moussa@gmail.com' for key 'email'
in SYSTEMPATH/Database/MySQLi/Connection.php on line 308.
 1 SYSTEMPATH/Database/MySQLi/Connection.php(308): mysqli->query('INSERT INTO `Utilisateurs` (`nom`, `email`, `mot_de_passe`) VALUES (\'moussa\', \'moussa@gmail.com\', \'$2y$10$bkYsI8Y/MzhQtMSe9kUa4u8SHuAsc8FhXlIG.nCkZ3zsY.bBJ84mW\')', 0)
 2 SYSTEMPATH/Database/BaseConnection.php(722): CodeIgniter\Database\MySQLi\Connection->execute('INSERT INTO `Utilisateurs` (`nom`, `email`, `mot_de_passe`) VALUES (\'moussa\', \'moussa@gmail.com\', \'$2y$10$bkYsI8Y/MzhQtMSe9kUa4u8SHuAsc8FhXlIG.nCkZ3zsY.bBJ84mW\')')
 3 SYSTEMPATH/Database/BaseConnection.php(636): CodeIgniter\Database\BaseConnection->simpleQuery('INSERT INTO `Utilisateurs` (`nom`, `email`, `mot_de_passe`) VALUES (\'moussa\', \'moussa@gmail.com\', \'$2y$10$bkYsI8Y/MzhQtMSe9kUa4u8SHuAsc8FhXlIG.nCkZ3zsY.bBJ84mW\')')
 4 SYSTEMPATH/Database/BaseBuilder.php(2325): CodeIgniter\Database\BaseConnection->query('INSERT INTO `Utilisateurs` (`nom`, `email`, `mot_de_passe`) VALUES (:nom:, :email:, :mot_de_passe:)', [...], false)
 5 SYSTEMPATH/Model.php(383): CodeIgniter\Database\BaseBuilder->insert()
 6 SYSTEMPATH/BaseModel.php(840): CodeIgniter\Model->doInsert([...])
 7 SYSTEMPATH/Model.php(791): CodeIgniter\BaseModel->insert([...], true)
 8 APPPATH/Models/Utilisateur_model.php(11): CodeIgniter\Model->insert([...])
 9 APPPATH/Controllers/Compte.php(90): App\Models\Utilisateur_model->insert_user([...])
10 SYSTEMPATH/CodeIgniter.php(933): App\Controllers\Compte->register()
11 SYSTEMPATH/CodeIgniter.php(509): CodeIgniter\CodeIgniter->runController(Object(App\Controllers\Compte))
12 SYSTEMPATH/CodeIgniter.php(355): CodeIgniter\CodeIgniter->handleRequest(null, Object(Config\Cache), false)
13 SYSTEMPATH/Boot.php(312): CodeIgniter\CodeIgniter->run()
14 SYSTEMPATH/Boot.php(67): CodeIgniter\Boot::runCodeIgniter(Object(CodeIgniter\CodeIgniter))
15 FCPATH/index.php(56): CodeIgniter\Boot::bootWeb(Object(Config\Paths))
CRITICAL - 2024-06-12 06:24:11 --> CodeIgniter\View\Exceptions\ViewException: Invalid file: "inscription_reussie.php"
[Method: POST, Route: compte/register]
in SYSTEMPATH/Exceptions/FrameworkException.php on line 41.
 1 SYSTEMPATH/View/View.php(222): CodeIgniter\Exceptions\FrameworkException::forInvalidFile('inscription_reussie.php')
 2 SYSTEMPATH/Common.php(1171): CodeIgniter\View\View->render('inscription_reussie', [], true)
 3 APPPATH/Controllers/Compte.php(93): view('inscription_reussie', [...])
 4 SYSTEMPATH/CodeIgniter.php(933): App\Controllers\Compte->register()
 5 SYSTEMPATH/CodeIgniter.php(509): CodeIgniter\CodeIgniter->runController(Object(App\Controllers\Compte))
 6 SYSTEMPATH/CodeIgniter.php(355): CodeIgniter\CodeIgniter->handleRequest(null, Object(Config\Cache), false)
 7 SYSTEMPATH/Boot.php(312): CodeIgniter\CodeIgniter->run()
 8 SYSTEMPATH/Boot.php(67): CodeIgniter\Boot::runCodeIgniter(Object(CodeIgniter\CodeIgniter))
 9 FCPATH/index.php(56): CodeIgniter\Boot::bootWeb(Object(Config\Paths))
ERROR - 2024-06-12 06:25:16 --> mysqli_sql_exception: Duplicate entry 'az@gmail.com' for key 'email' in /Users/wariali/Desktop/codeigniter/system/Database/MySQLi/Connection.php:308
Stack trace:
#0 /Users/wariali/Desktop/codeigniter/system/Database/MySQLi/Connection.php(308): mysqli->query('INSERT INTO `Ut...', 0)
#1 /Users/wariali/Desktop/codeigniter/system/Database/BaseConnection.php(722): CodeIgniter\Database\MySQLi\Connection->execute('INSERT INTO `Ut...')
#2 /Users/wariali/Desktop/codeigniter/system/Database/BaseConnection.php(636): CodeIgniter\Database\BaseConnection->simpleQuery('INSERT INTO `Ut...')
#3 /Users/wariali/Desktop/codeigniter/system/Database/BaseBuilder.php(2325): CodeIgniter\Database\BaseConnection->query('INSERT INTO `Ut...', Array, false)
#4 /Users/wariali/Desktop/codeigniter/system/Model.php(383): CodeIgniter\Database\BaseBuilder->insert()
#5 /Users/wariali/Desktop/codeigniter/system/BaseModel.php(840): CodeIgniter\Model->doInsert(Array)
#6 /Users/wariali/Desktop/codeigniter/system/Model.php(791): CodeIgniter\BaseModel->insert(Array, true)
#7 /Users/wariali/Desktop/codeigniter/app/Models/Utilisateur_model.php(11): CodeIgniter\Model->insert(Array)
#8 /Users/wariali/Desktop/codeigniter/app/Controllers/Compte.php(90): App\Models\Utilisateur_model->insert_user(Array)
#9 /Users/wariali/Desktop/codeigniter/system/CodeIgniter.php(933): App\Controllers\Compte->register()
#10 /Users/wariali/Desktop/codeigniter/system/CodeIgniter.php(509): CodeIgniter\CodeIgniter->runController(Object(App\Controllers\Compte))
#11 /Users/wariali/Desktop/codeigniter/system/CodeIgniter.php(355): CodeIgniter\CodeIgniter->handleRequest(NULL, Object(Config\Cache), false)
#12 /Users/wariali/Desktop/codeigniter/system/Boot.php(312): CodeIgniter\CodeIgniter->run()
#13 /Users/wariali/Desktop/codeigniter/system/Boot.php(67): CodeIgniter\Boot::runCodeIgniter(Object(CodeIgniter\CodeIgniter))
#14 /Users/wariali/Desktop/codeigniter/public/index.php(56): CodeIgniter\Boot::bootWeb(Object(Config\Paths))
#15 {main}
CRITICAL - 2024-06-12 06:25:16 --> CodeIgniter\Database\Exceptions\DatabaseException: Duplicate entry 'az@gmail.com' for key 'email'
[Method: POST, Route: compte/register]
in SYSTEMPATH/Database/BaseConnection.php on line 676.
 1 SYSTEMPATH/Database/BaseBuilder.php(2325): CodeIgniter\Database\BaseConnection->query('INSERT INTO `Utilisateurs` (`nom`, `email`, `mot_de_passe`) VALUES (:nom:, :email:, :mot_de_passe:)', [...], false)
 2 SYSTEMPATH/Model.php(383): CodeIgniter\Database\BaseBuilder->insert()
 3 SYSTEMPATH/BaseModel.php(840): CodeIgniter\Model->doInsert([...])
 4 SYSTEMPATH/Model.php(791): CodeIgniter\BaseModel->insert([...], true)
 5 APPPATH/Models/Utilisateur_model.php(11): CodeIgniter\Model->insert([...])
 6 APPPATH/Controllers/Compte.php(90): App\Models\Utilisateur_model->insert_user([...])
 7 SYSTEMPATH/CodeIgniter.php(933): App\Controllers\Compte->register()
 8 SYSTEMPATH/CodeIgniter.php(509): CodeIgniter\CodeIgniter->runController(Object(App\Controllers\Compte))
 9 SYSTEMPATH/CodeIgniter.php(355): CodeIgniter\CodeIgniter->handleRequest(null, Object(Config\Cache), false)
10 SYSTEMPATH/Boot.php(312): CodeIgniter\CodeIgniter->run()
11 SYSTEMPATH/Boot.php(67): CodeIgniter\Boot::runCodeIgniter(Object(CodeIgniter\CodeIgniter))
12 FCPATH/index.php(56): CodeIgniter\Boot::bootWeb(Object(Config\Paths))
CRITICAL - 2024-06-12 06:25:16 --> [Caused by] CodeIgniter\Database\Exceptions\DatabaseException: Duplicate entry 'az@gmail.com' for key 'email'
in SYSTEMPATH/Database/MySQLi/Connection.php on line 313.
 1 SYSTEMPATH/Database/BaseConnection.php(722): CodeIgniter\Database\MySQLi\Connection->execute('INSERT INTO `Utilisateurs` (`nom`, `email`, `mot_de_passe`) VALUES (\'ms\', \'az@gmail.com\', \'$2y$10$8KVp8AWCivdowg5LA89tb./JaWEGzleeNke0K3HbYXPqib4D/3smW\')')
 2 SYSTEMPATH/Database/BaseConnection.php(636): CodeIgniter\Database\BaseConnection->simpleQuery('INSERT INTO `Utilisateurs` (`nom`, `email`, `mot_de_passe`) VALUES (\'ms\', \'az@gmail.com\', \'$2y$10$8KVp8AWCivdowg5LA89tb./JaWEGzleeNke0K3HbYXPqib4D/3smW\')')
 3 SYSTEMPATH/Database/BaseBuilder.php(2325): CodeIgniter\Database\BaseConnection->query('INSERT INTO `Utilisateurs` (`nom`, `email`, `mot_de_passe`) VALUES (:nom:, :email:, :mot_de_passe:)', [...], false)
 4 SYSTEMPATH/Model.php(383): CodeIgniter\Database\BaseBuilder->insert()
 5 SYSTEMPATH/BaseModel.php(840): CodeIgniter\Model->doInsert([...])
 6 SYSTEMPATH/Model.php(791): CodeIgniter\BaseModel->insert([...], true)
 7 APPPATH/Models/Utilisateur_model.php(11): CodeIgniter\Model->insert([...])
 8 APPPATH/Controllers/Compte.php(90): App\Models\Utilisateur_model->insert_user([...])
 9 SYSTEMPATH/CodeIgniter.php(933): App\Controllers\Compte->register()
10 SYSTEMPATH/CodeIgniter.php(509): CodeIgniter\CodeIgniter->runController(Object(App\Controllers\Compte))
11 SYSTEMPATH/CodeIgniter.php(355): CodeIgniter\CodeIgniter->handleRequest(null, Object(Config\Cache), false)
12 SYSTEMPATH/Boot.php(312): CodeIgniter\CodeIgniter->run()
13 SYSTEMPATH/Boot.php(67): CodeIgniter\Boot::runCodeIgniter(Object(CodeIgniter\CodeIgniter))
14 FCPATH/index.php(56): CodeIgniter\Boot::bootWeb(Object(Config\Paths))
CRITICAL - 2024-06-12 06:25:16 --> [Caused by] mysqli_sql_exception: Duplicate entry 'az@gmail.com' for key 'email'
in SYSTEMPATH/Database/MySQLi/Connection.php on line 308.
 1 SYSTEMPATH/Database/MySQLi/Connection.php(308): mysqli->query('INSERT INTO `Utilisateurs` (`nom`, `email`, `mot_de_passe`) VALUES (\'ms\', \'az@gmail.com\', \'$2y$10$8KVp8AWCivdowg5LA89tb./JaWEGzleeNke0K3HbYXPqib4D/3smW\')', 0)
 2 SYSTEMPATH/Database/BaseConnection.php(722): CodeIgniter\Database\MySQLi\Connection->execute('INSERT INTO `Utilisateurs` (`nom`, `email`, `mot_de_passe`) VALUES (\'ms\', \'az@gmail.com\', \'$2y$10$8KVp8AWCivdowg5LA89tb./JaWEGzleeNke0K3HbYXPqib4D/3smW\')')
 3 SYSTEMPATH/Database/BaseConnection.php(636): CodeIgniter\Database\BaseConnection->simpleQuery('INSERT INTO `Utilisateurs` (`nom`, `email`, `mot_de_passe`) VALUES (\'ms\', \'az@gmail.com\', \'$2y$10$8KVp8AWCivdowg5LA89tb./JaWEGzleeNke0K3HbYXPqib4D/3smW\')')
 4 SYSTEMPATH/Database/BaseBuilder.php(2325): CodeIgniter\Database\BaseConnection->query('INSERT INTO `Utilisateurs` (`nom`, `email`, `mot_de_passe`) VALUES (:nom:, :email:, :mot_de_passe:)', [...], false)
 5 SYSTEMPATH/Model.php(383): CodeIgniter\Database\BaseBuilder->insert()
 6 SYSTEMPATH/BaseModel.php(840): CodeIgniter\Model->doInsert([...])
 7 SYSTEMPATH/Model.php(791): CodeIgniter\BaseModel->insert([...], true)
 8 APPPATH/Models/Utilisateur_model.php(11): CodeIgniter\Model->insert([...])
 9 APPPATH/Controllers/Compte.php(90): App\Models\Utilisateur_model->insert_user([...])
10 SYSTEMPATH/CodeIgniter.php(933): App\Controllers\Compte->register()
11 SYSTEMPATH/CodeIgniter.php(509): CodeIgniter\CodeIgniter->runController(Object(App\Controllers\Compte))
12 SYSTEMPATH/CodeIgniter.php(355): CodeIgniter\CodeIgniter->handleRequest(null, Object(Config\Cache), false)
13 SYSTEMPATH/Boot.php(312): CodeIgniter\CodeIgniter->run()
14 SYSTEMPATH/Boot.php(67): CodeIgniter\Boot::runCodeIgniter(Object(CodeIgniter\CodeIgniter))
15 FCPATH/index.php(56): CodeIgniter\Boot::bootWeb(Object(Config\Paths))
ERROR - 2024-06-12 06:26:04 --> mysqli_sql_exception: Duplicate entry 'warimi@gmail.com' for key 'email' in /Users/wariali/Desktop/codeigniter/system/Database/MySQLi/Connection.php:308
Stack trace:
#0 /Users/wariali/Desktop/codeigniter/system/Database/MySQLi/Connection.php(308): mysqli->query('INSERT INTO `Ut...', 0)
#1 /Users/wariali/Desktop/codeigniter/system/Database/BaseConnection.php(722): CodeIgniter\Database\MySQLi\Connection->execute('INSERT INTO `Ut...')
#2 /Users/wariali/Desktop/codeigniter/system/Database/BaseConnection.php(636): CodeIgniter\Database\BaseConnection->simpleQuery('INSERT INTO `Ut...')
#3 /Users/wariali/Desktop/codeigniter/system/Database/BaseBuilder.php(2325): CodeIgniter\Database\BaseConnection->query('INSERT INTO `Ut...', Array, false)
#4 /Users/wariali/Desktop/codeigniter/system/Model.php(383): CodeIgniter\Database\BaseBuilder->insert()
#5 /Users/wariali/Desktop/codeigniter/system/BaseModel.php(840): CodeIgniter\Model->doInsert(Array)
#6 /Users/wariali/Desktop/codeigniter/system/Model.php(791): CodeIgniter\BaseModel->insert(Array, true)
#7 /Users/wariali/Desktop/codeigniter/app/Models/Utilisateur_model.php(11): CodeIgniter\Model->insert(Array)
#8 /Users/wariali/Desktop/codeigniter/app/Controllers/Compte.php(90): App\Models\Utilisateur_model->insert_user(Array)
#9 /Users/wariali/Desktop/codeigniter/system/CodeIgniter.php(933): App\Controllers\Compte->register()
#10 /Users/wariali/Desktop/codeigniter/system/CodeIgniter.php(509): CodeIgniter\CodeIgniter->runController(Object(App\Controllers\Compte))
#11 /Users/wariali/Desktop/codeigniter/system/CodeIgniter.php(355): CodeIgniter\CodeIgniter->handleRequest(NULL, Object(Config\Cache), false)
#12 /Users/wariali/Desktop/codeigniter/system/Boot.php(312): CodeIgniter\CodeIgniter->run()
#13 /Users/wariali/Desktop/codeigniter/system/Boot.php(67): CodeIgniter\Boot::runCodeIgniter(Object(CodeIgniter\CodeIgniter))
#14 /Users/wariali/Desktop/codeigniter/public/index.php(56): CodeIgniter\Boot::bootWeb(Object(Config\Paths))
#15 {main}
CRITICAL - 2024-06-12 06:26:04 --> CodeIgniter\Database\Exceptions\DatabaseException: Duplicate entry 'warimi@gmail.com' for key 'email'
[Method: POST, Route: compte/register]
in SYSTEMPATH/Database/BaseConnection.php on line 676.
 1 SYSTEMPATH/Database/BaseBuilder.php(2325): CodeIgniter\Database\BaseConnection->query('INSERT INTO `Utilisateurs` (`nom`, `email`, `mot_de_passe`) VALUES (:nom:, :email:, :mot_de_passe:)', [...], false)
 2 SYSTEMPATH/Model.php(383): CodeIgniter\Database\BaseBuilder->insert()
 3 SYSTEMPATH/BaseModel.php(840): CodeIgniter\Model->doInsert([...])
 4 SYSTEMPATH/Model.php(791): CodeIgniter\BaseModel->insert([...], true)
 5 APPPATH/Models/Utilisateur_model.php(11): CodeIgniter\Model->insert([...])
 6 APPPATH/Controllers/Compte.php(90): App\Models\Utilisateur_model->insert_user([...])
 7 SYSTEMPATH/CodeIgniter.php(933): App\Controllers\Compte->register()
 8 SYSTEMPATH/CodeIgniter.php(509): CodeIgniter\CodeIgniter->runController(Object(App\Controllers\Compte))
 9 SYSTEMPATH/CodeIgniter.php(355): CodeIgniter\CodeIgniter->handleRequest(null, Object(Config\Cache), false)
10 SYSTEMPATH/Boot.php(312): CodeIgniter\CodeIgniter->run()
11 SYSTEMPATH/Boot.php(67): CodeIgniter\Boot::runCodeIgniter(Object(CodeIgniter\CodeIgniter))
12 FCPATH/index.php(56): CodeIgniter\Boot::bootWeb(Object(Config\Paths))
CRITICAL - 2024-06-12 06:26:04 --> [Caused by] CodeIgniter\Database\Exceptions\DatabaseException: Duplicate entry 'warimi@gmail.com' for key 'email'
in SYSTEMPATH/Database/MySQLi/Connection.php on line 313.
 1 SYSTEMPATH/Database/BaseConnection.php(722): CodeIgniter\Database\MySQLi\Connection->execute('INSERT INTO `Utilisateurs` (`nom`, `email`, `mot_de_passe`) VALUES (\'warimi\', \'warimi@gmail.com\', \'$2y$10$0.ux4QqS3ICSDPCKyU7R4eUyS4x/KOMabdj/dgTcWZ4Zrbdc2lQgu\')')
 2 SYSTEMPATH/Database/BaseConnection.php(636): CodeIgniter\Database\BaseConnection->simpleQuery('INSERT INTO `Utilisateurs` (`nom`, `email`, `mot_de_passe`) VALUES (\'warimi\', \'warimi@gmail.com\', \'$2y$10$0.ux4QqS3ICSDPCKyU7R4eUyS4x/KOMabdj/dgTcWZ4Zrbdc2lQgu\')')
 3 SYSTEMPATH/Database/BaseBuilder.php(2325): CodeIgniter\Database\BaseConnection->query('INSERT INTO `Utilisateurs` (`nom`, `email`, `mot_de_passe`) VALUES (:nom:, :email:, :mot_de_passe:)', [...], false)
 4 SYSTEMPATH/Model.php(383): CodeIgniter\Database\BaseBuilder->insert()
 5 SYSTEMPATH/BaseModel.php(840): CodeIgniter\Model->doInsert([...])
 6 SYSTEMPATH/Model.php(791): CodeIgniter\BaseModel->insert([...], true)
 7 APPPATH/Models/Utilisateur_model.php(11): CodeIgniter\Model->insert([...])
 8 APPPATH/Controllers/Compte.php(90): App\Models\Utilisateur_model->insert_user([...])
 9 SYSTEMPATH/CodeIgniter.php(933): App\Controllers\Compte->register()
10 SYSTEMPATH/CodeIgniter.php(509): CodeIgniter\CodeIgniter->runController(Object(App\Controllers\Compte))
11 SYSTEMPATH/CodeIgniter.php(355): CodeIgniter\CodeIgniter->handleRequest(null, Object(Config\Cache), false)
12 SYSTEMPATH/Boot.php(312): CodeIgniter\CodeIgniter->run()
13 SYSTEMPATH/Boot.php(67): CodeIgniter\Boot::runCodeIgniter(Object(CodeIgniter\CodeIgniter))
14 FCPATH/index.php(56): CodeIgniter\Boot::bootWeb(Object(Config\Paths))
CRITICAL - 2024-06-12 06:26:04 --> [Caused by] mysqli_sql_exception: Duplicate entry 'warimi@gmail.com' for key 'email'
in SYSTEMPATH/Database/MySQLi/Connection.php on line 308.
 1 SYSTEMPATH/Database/MySQLi/Connection.php(308): mysqli->query('INSERT INTO `Utilisateurs` (`nom`, `email`, `mot_de_passe`) VALUES (\'warimi\', \'warimi@gmail.com\', \'$2y$10$0.ux4QqS3ICSDPCKyU7R4eUyS4x/KOMabdj/dgTcWZ4Zrbdc2lQgu\')', 0)
 2 SYSTEMPATH/Database/BaseConnection.php(722): CodeIgniter\Database\MySQLi\Connection->execute('INSERT INTO `Utilisateurs` (`nom`, `email`, `mot_de_passe`) VALUES (\'warimi\', \'warimi@gmail.com\', \'$2y$10$0.ux4QqS3ICSDPCKyU7R4eUyS4x/KOMabdj/dgTcWZ4Zrbdc2lQgu\')')
 3 SYSTEMPATH/Database/BaseConnection.php(636): CodeIgniter\Database\BaseConnection->simpleQuery('INSERT INTO `Utilisateurs` (`nom`, `email`, `mot_de_passe`) VALUES (\'warimi\', \'warimi@gmail.com\', \'$2y$10$0.ux4QqS3ICSDPCKyU7R4eUyS4x/KOMabdj/dgTcWZ4Zrbdc2lQgu\')')
 4 SYSTEMPATH/Database/BaseBuilder.php(2325): CodeIgniter\Database\BaseConnection->query('INSERT INTO `Utilisateurs` (`nom`, `email`, `mot_de_passe`) VALUES (:nom:, :email:, :mot_de_passe:)', [...], false)
 5 SYSTEMPATH/Model.php(383): CodeIgniter\Database\BaseBuilder->insert()
 6 SYSTEMPATH/BaseModel.php(840): CodeIgniter\Model->doInsert([...])
 7 SYSTEMPATH/Model.php(791): CodeIgniter\BaseModel->insert([...], true)
 8 APPPATH/Models/Utilisateur_model.php(11): CodeIgniter\Model->insert([...])
 9 APPPATH/Controllers/Compte.php(90): App\Models\Utilisateur_model->insert_user([...])
10 SYSTEMPATH/CodeIgniter.php(933): App\Controllers\Compte->register()
11 SYSTEMPATH/CodeIgniter.php(509): CodeIgniter\CodeIgniter->runController(Object(App\Controllers\Compte))
12 SYSTEMPATH/CodeIgniter.php(355): CodeIgniter\CodeIgniter->handleRequest(null, Object(Config\Cache), false)
13 SYSTEMPATH/Boot.php(312): CodeIgniter\CodeIgniter->run()
14 SYSTEMPATH/Boot.php(67): CodeIgniter\Boot::runCodeIgniter(Object(CodeIgniter\CodeIgniter))
15 FCPATH/index.php(56): CodeIgniter\Boot::bootWeb(Object(Config\Paths))
ERROR - 2024-06-12 06:27:00 --> mysqli_sql_exception: Duplicate entry 'warimi@gmail.com' for key 'email' in /Users/wariali/Desktop/codeigniter/system/Database/MySQLi/Connection.php:308
Stack trace:
#0 /Users/wariali/Desktop/codeigniter/system/Database/MySQLi/Connection.php(308): mysqli->query('INSERT INTO `ut...', 0)
#1 /Users/wariali/Desktop/codeigniter/system/Database/BaseConnection.php(722): CodeIgniter\Database\MySQLi\Connection->execute('INSERT INTO `ut...')
#2 /Users/wariali/Desktop/codeigniter/system/Database/BaseConnection.php(636): CodeIgniter\Database\BaseConnection->simpleQuery('INSERT INTO `ut...')
#3 /Users/wariali/Desktop/codeigniter/system/Database/BaseBuilder.php(2325): CodeIgniter\Database\BaseConnection->query('INSERT INTO `ut...', Array, false)
#4 /Users/wariali/Desktop/codeigniter/system/Model.php(383): CodeIgniter\Database\BaseBuilder->insert()
#5 /Users/wariali/Desktop/codeigniter/system/BaseModel.php(840): CodeIgniter\Model->doInsert(Array)
#6 /Users/wariali/Desktop/codeigniter/system/Model.php(791): CodeIgniter\BaseModel->insert(Array, true)
#7 /Users/wariali/Desktop/codeigniter/app/Models/Utilisateur_model.php(11): CodeIgniter\Model->insert(Array)
#8 /Users/wariali/Desktop/codeigniter/app/Controllers/Compte.php(91): App\Models\Utilisateur_model->insert_user(Array)
#9 /Users/wariali/Desktop/codeigniter/system/CodeIgniter.php(933): App\Controllers\Compte->register()
#10 /Users/wariali/Desktop/codeigniter/system/CodeIgniter.php(509): CodeIgniter\CodeIgniter->runController(Object(App\Controllers\Compte))
#11 /Users/wariali/Desktop/codeigniter/system/CodeIgniter.php(355): CodeIgniter\CodeIgniter->handleRequest(NULL, Object(Config\Cache), false)
#12 /Users/wariali/Desktop/codeigniter/system/Boot.php(312): CodeIgniter\CodeIgniter->run()
#13 /Users/wariali/Desktop/codeigniter/system/Boot.php(67): CodeIgniter\Boot::runCodeIgniter(Object(CodeIgniter\CodeIgniter))
#14 /Users/wariali/Desktop/codeigniter/public/index.php(56): CodeIgniter\Boot::bootWeb(Object(Config\Paths))
#15 {main}
CRITICAL - 2024-06-12 06:27:00 --> CodeIgniter\Database\Exceptions\DatabaseException: Duplicate entry 'warimi@gmail.com' for key 'email'
[Method: POST, Route: compte/register]
in SYSTEMPATH/Database/BaseConnection.php on line 676.
 1 SYSTEMPATH/Database/BaseBuilder.php(2325): CodeIgniter\Database\BaseConnection->query('INSERT INTO `utilisateurs` (`nom`, `email`, `mot_de_passe`) VALUES (:nom:, :email:, :mot_de_passe:)', [...], false)
 2 SYSTEMPATH/Model.php(383): CodeIgniter\Database\BaseBuilder->insert()
 3 SYSTEMPATH/BaseModel.php(840): CodeIgniter\Model->doInsert([...])
 4 SYSTEMPATH/Model.php(791): CodeIgniter\BaseModel->insert([...], true)
 5 APPPATH/Models/Utilisateur_model.php(11): CodeIgniter\Model->insert([...])
 6 APPPATH/Controllers/Compte.php(91): App\Models\Utilisateur_model->insert_user([...])
 7 SYSTEMPATH/CodeIgniter.php(933): App\Controllers\Compte->register()
 8 SYSTEMPATH/CodeIgniter.php(509): CodeIgniter\CodeIgniter->runController(Object(App\Controllers\Compte))
 9 SYSTEMPATH/CodeIgniter.php(355): CodeIgniter\CodeIgniter->handleRequest(null, Object(Config\Cache), false)
10 SYSTEMPATH/Boot.php(312): CodeIgniter\CodeIgniter->run()
11 SYSTEMPATH/Boot.php(67): CodeIgniter\Boot::runCodeIgniter(Object(CodeIgniter\CodeIgniter))
12 FCPATH/index.php(56): CodeIgniter\Boot::bootWeb(Object(Config\Paths))
CRITICAL - 2024-06-12 06:27:00 --> [Caused by] CodeIgniter\Database\Exceptions\DatabaseException: Duplicate entry 'warimi@gmail.com' for key 'email'
in SYSTEMPATH/Database/MySQLi/Connection.php on line 313.
 1 SYSTEMPATH/Database/BaseConnection.php(722): CodeIgniter\Database\MySQLi\Connection->execute('INSERT INTO `utilisateurs` (`nom`, `email`, `mot_de_passe`) VALUES (\'warimi\', \'warimi@gmail.com\', \'$2y$10$cM29BhT.YuXUAKpmHHQYcOXA9w4ediHKTeTv8YXtVtysHZcFwN8Cu\')')
 2 SYSTEMPATH/Database/BaseConnection.php(636): CodeIgniter\Database\BaseConnection->simpleQuery('INSERT INTO `utilisateurs` (`nom`, `email`, `mot_de_passe`) VALUES (\'warimi\', \'warimi@gmail.com\', \'$2y$10$cM29BhT.YuXUAKpmHHQYcOXA9w4ediHKTeTv8YXtVtysHZcFwN8Cu\')')
 3 SYSTEMPATH/Database/BaseBuilder.php(2325): CodeIgniter\Database\BaseConnection->query('INSERT INTO `utilisateurs` (`nom`, `email`, `mot_de_passe`) VALUES (:nom:, :email:, :mot_de_passe:)', [...], false)
 4 SYSTEMPATH/Model.php(383): CodeIgniter\Database\BaseBuilder->insert()
 5 SYSTEMPATH/BaseModel.php(840): CodeIgniter\Model->doInsert([...])
 6 SYSTEMPATH/Model.php(791): CodeIgniter\BaseModel->insert([...], true)
 7 APPPATH/Models/Utilisateur_model.php(11): CodeIgniter\Model->insert([...])
 8 APPPATH/Controllers/Compte.php(91): App\Models\Utilisateur_model->insert_user([...])
 9 SYSTEMPATH/CodeIgniter.php(933): App\Controllers\Compte->register()
10 SYSTEMPATH/CodeIgniter.php(509): CodeIgniter\CodeIgniter->runController(Object(App\Controllers\Compte))
11 SYSTEMPATH/CodeIgniter.php(355): CodeIgniter\CodeIgniter->handleRequest(null, Object(Config\Cache), false)
12 SYSTEMPATH/Boot.php(312): CodeIgniter\CodeIgniter->run()
13 SYSTEMPATH/Boot.php(67): CodeIgniter\Boot::runCodeIgniter(Object(CodeIgniter\CodeIgniter))
14 FCPATH/index.php(56): CodeIgniter\Boot::bootWeb(Object(Config\Paths))
CRITICAL - 2024-06-12 06:27:00 --> [Caused by] mysqli_sql_exception: Duplicate entry 'warimi@gmail.com' for key 'email'
in SYSTEMPATH/Database/MySQLi/Connection.php on line 308.
 1 SYSTEMPATH/Database/MySQLi/Connection.php(308): mysqli->query('INSERT INTO `utilisateurs` (`nom`, `email`, `mot_de_passe`) VALUES (\'warimi\', \'warimi@gmail.com\', \'$2y$10$cM29BhT.YuXUAKpmHHQYcOXA9w4ediHKTeTv8YXtVtysHZcFwN8Cu\')', 0)
 2 SYSTEMPATH/Database/BaseConnection.php(722): CodeIgniter\Database\MySQLi\Connection->execute('INSERT INTO `utilisateurs` (`nom`, `email`, `mot_de_passe`) VALUES (\'warimi\', \'warimi@gmail.com\', \'$2y$10$cM29BhT.YuXUAKpmHHQYcOXA9w4ediHKTeTv8YXtVtysHZcFwN8Cu\')')
 3 SYSTEMPATH/Database/BaseConnection.php(636): CodeIgniter\Database\BaseConnection->simpleQuery('INSERT INTO `utilisateurs` (`nom`, `email`, `mot_de_passe`) VALUES (\'warimi\', \'warimi@gmail.com\', \'$2y$10$cM29BhT.YuXUAKpmHHQYcOXA9w4ediHKTeTv8YXtVtysHZcFwN8Cu\')')
 4 SYSTEMPATH/Database/BaseBuilder.php(2325): CodeIgniter\Database\BaseConnection->query('INSERT INTO `utilisateurs` (`nom`, `email`, `mot_de_passe`) VALUES (:nom:, :email:, :mot_de_passe:)', [...], false)
 5 SYSTEMPATH/Model.php(383): CodeIgniter\Database\BaseBuilder->insert()
 6 SYSTEMPATH/BaseModel.php(840): CodeIgniter\Model->doInsert([...])
 7 SYSTEMPATH/Model.php(791): CodeIgniter\BaseModel->insert([...], true)
 8 APPPATH/Models/Utilisateur_model.php(11): CodeIgniter\Model->insert([...])
 9 APPPATH/Controllers/Compte.php(91): App\Models\Utilisateur_model->insert_user([...])
10 SYSTEMPATH/CodeIgniter.php(933): App\Controllers\Compte->register()
11 SYSTEMPATH/CodeIgniter.php(509): CodeIgniter\CodeIgniter->runController(Object(App\Controllers\Compte))
12 SYSTEMPATH/CodeIgniter.php(355): CodeIgniter\CodeIgniter->handleRequest(null, Object(Config\Cache), false)
13 SYSTEMPATH/Boot.php(312): CodeIgniter\CodeIgniter->run()
14 SYSTEMPATH/Boot.php(67): CodeIgniter\Boot::runCodeIgniter(Object(CodeIgniter\CodeIgniter))
15 FCPATH/index.php(56): CodeIgniter\Boot::bootWeb(Object(Config\Paths))
CRITICAL - 2024-06-12 06:27:16 --> CodeIgniter\View\Exceptions\ViewException: Invalid file: "inscription_reussie.php"
[Method: POST, Route: compte/register]
in SYSTEMPATH/Exceptions/FrameworkException.php on line 41.
 1 SYSTEMPATH/View/View.php(222): CodeIgniter\Exceptions\FrameworkException::forInvalidFile('inscription_reussie.php')
 2 SYSTEMPATH/Common.php(1171): CodeIgniter\View\View->render('inscription_reussie', [], true)
 3 APPPATH/Controllers/Compte.php(94): view('inscription_reussie', [...])
 4 SYSTEMPATH/CodeIgniter.php(933): App\Controllers\Compte->register()
 5 SYSTEMPATH/CodeIgniter.php(509): CodeIgniter\CodeIgniter->runController(Object(App\Controllers\Compte))
 6 SYSTEMPATH/CodeIgniter.php(355): CodeIgniter\CodeIgniter->handleRequest(null, Object(Config\Cache), false)
 7 SYSTEMPATH/Boot.php(312): CodeIgniter\CodeIgniter->run()
 8 SYSTEMPATH/Boot.php(67): CodeIgniter\Boot::runCodeIgniter(Object(CodeIgniter\CodeIgniter))
 9 FCPATH/index.php(56): CodeIgniter\Boot::bootWeb(Object(Config\Paths))
CRITICAL - 2024-06-12 06:27:29 --> CodeIgniter\View\Exceptions\ViewException: Invalid file: "inscription_reussie.php"
[Method: POST, Route: compte/register]
in SYSTEMPATH/Exceptions/FrameworkException.php on line 41.
 1 SYSTEMPATH/View/View.php(222): CodeIgniter\Exceptions\FrameworkException::forInvalidFile('inscription_reussie.php')
 2 SYSTEMPATH/Common.php(1171): CodeIgniter\View\View->render('inscription_reussie', [], true)
 3 APPPATH/Controllers/Compte.php(94): view('inscription_reussie', [...])
 4 SYSTEMPATH/CodeIgniter.php(933): App\Controllers\Compte->register()
 5 SYSTEMPATH/CodeIgniter.php(509): CodeIgniter\CodeIgniter->runController(Object(App\Controllers\Compte))
 6 SYSTEMPATH/CodeIgniter.php(355): CodeIgniter\CodeIgniter->handleRequest(null, Object(Config\Cache), false)
 7 SYSTEMPATH/Boot.php(312): CodeIgniter\CodeIgniter->run()
 8 SYSTEMPATH/Boot.php(67): CodeIgniter\Boot::runCodeIgniter(Object(CodeIgniter\CodeIgniter))
 9 FCPATH/index.php(56): CodeIgniter\Boot::bootWeb(Object(Config\Paths))
ERROR - 2024-06-12 06:28:14 --> mysqli_sql_exception: Duplicate entry 'ljqhsdl@gal.com' for key 'email' in /Users/wariali/Desktop/codeigniter/system/Database/MySQLi/Connection.php:308
Stack trace:
#0 /Users/wariali/Desktop/codeigniter/system/Database/MySQLi/Connection.php(308): mysqli->query('INSERT INTO `ut...', 0)
#1 /Users/wariali/Desktop/codeigniter/system/Database/BaseConnection.php(722): CodeIgniter\Database\MySQLi\Connection->execute('INSERT INTO `ut...')
#2 /Users/wariali/Desktop/codeigniter/system/Database/BaseConnection.php(636): CodeIgniter\Database\BaseConnection->simpleQuery('INSERT INTO `ut...')
#3 /Users/wariali/Desktop/codeigniter/system/Database/BaseBuilder.php(2325): CodeIgniter\Database\BaseConnection->query('INSERT INTO `ut...', Array, false)
#4 /Users/wariali/Desktop/codeigniter/system/Model.php(383): CodeIgniter\Database\BaseBuilder->insert()
#5 /Users/wariali/Desktop/codeigniter/system/BaseModel.php(840): CodeIgniter\Model->doInsert(Array)
#6 /Users/wariali/Desktop/codeigniter/system/Model.php(791): CodeIgniter\BaseModel->insert(Array, true)
#7 /Users/wariali/Desktop/codeigniter/app/Models/Utilisateur_model.php(11): CodeIgniter\Model->insert(Array)
#8 /Users/wariali/Desktop/codeigniter/app/Controllers/Compte.php(91): App\Models\Utilisateur_model->insert_user(Array)
#9 /Users/wariali/Desktop/codeigniter/system/CodeIgniter.php(933): App\Controllers\Compte->register()
#10 /Users/wariali/Desktop/codeigniter/system/CodeIgniter.php(509): CodeIgniter\CodeIgniter->runController(Object(App\Controllers\Compte))
#11 /Users/wariali/Desktop/codeigniter/system/CodeIgniter.php(355): CodeIgniter\CodeIgniter->handleRequest(NULL, Object(Config\Cache), false)
#12 /Users/wariali/Desktop/codeigniter/system/Boot.php(312): CodeIgniter\CodeIgniter->run()
#13 /Users/wariali/Desktop/codeigniter/system/Boot.php(67): CodeIgniter\Boot::runCodeIgniter(Object(CodeIgniter\CodeIgniter))
#14 /Users/wariali/Desktop/codeigniter/public/index.php(56): CodeIgniter\Boot::bootWeb(Object(Config\Paths))
#15 {main}
CRITICAL - 2024-06-12 06:28:14 --> CodeIgniter\Database\Exceptions\DatabaseException: Duplicate entry 'ljqhsdl@gal.com' for key 'email'
[Method: POST, Route: compte/register]
in SYSTEMPATH/Database/BaseConnection.php on line 676.
 1 SYSTEMPATH/Database/BaseBuilder.php(2325): CodeIgniter\Database\BaseConnection->query('INSERT INTO `utilisateurs` (`nom`, `email`, `mot_de_passe`) VALUES (:nom:, :email:, :mot_de_passe:)', [...], false)
 2 SYSTEMPATH/Model.php(383): CodeIgniter\Database\BaseBuilder->insert()
 3 SYSTEMPATH/BaseModel.php(840): CodeIgniter\Model->doInsert([...])
 4 SYSTEMPATH/Model.php(791): CodeIgniter\BaseModel->insert([...], true)
 5 APPPATH/Models/Utilisateur_model.php(11): CodeIgniter\Model->insert([...])
 6 APPPATH/Controllers/Compte.php(91): App\Models\Utilisateur_model->insert_user([...])
 7 SYSTEMPATH/CodeIgniter.php(933): App\Controllers\Compte->register()
 8 SYSTEMPATH/CodeIgniter.php(509): CodeIgniter\CodeIgniter->runController(Object(App\Controllers\Compte))
 9 SYSTEMPATH/CodeIgniter.php(355): CodeIgniter\CodeIgniter->handleRequest(null, Object(Config\Cache), false)
10 SYSTEMPATH/Boot.php(312): CodeIgniter\CodeIgniter->run()
11 SYSTEMPATH/Boot.php(67): CodeIgniter\Boot::runCodeIgniter(Object(CodeIgniter\CodeIgniter))
12 FCPATH/index.php(56): CodeIgniter\Boot::bootWeb(Object(Config\Paths))
CRITICAL - 2024-06-12 06:28:14 --> [Caused by] CodeIgniter\Database\Exceptions\DatabaseException: Duplicate entry 'ljqhsdl@gal.com' for key 'email'
in SYSTEMPATH/Database/MySQLi/Connection.php on line 313.
 1 SYSTEMPATH/Database/BaseConnection.php(722): CodeIgniter\Database\MySQLi\Connection->execute('INSERT INTO `utilisateurs` (`nom`, `email`, `mot_de_passe`) VALUES (\'qsdjbh;\', \'ljqhsdl@gal.com\', \'$2y$10$zK7wDujBQMmm0JyfUSAMf.Lf3i/nuF8SfB6P1ZM8h47NYE5gwXVBO\')')
 2 SYSTEMPATH/Database/BaseConnection.php(636): CodeIgniter\Database\BaseConnection->simpleQuery('INSERT INTO `utilisateurs` (`nom`, `email`, `mot_de_passe`) VALUES (\'qsdjbh;\', \'ljqhsdl@gal.com\', \'$2y$10$zK7wDujBQMmm0JyfUSAMf.Lf3i/nuF8SfB6P1ZM8h47NYE5gwXVBO\')')
 3 SYSTEMPATH/Database/BaseBuilder.php(2325): CodeIgniter\Database\BaseConnection->query('INSERT INTO `utilisateurs` (`nom`, `email`, `mot_de_passe`) VALUES (:nom:, :email:, :mot_de_passe:)', [...], false)
 4 SYSTEMPATH/Model.php(383): CodeIgniter\Database\BaseBuilder->insert()
 5 SYSTEMPATH/BaseModel.php(840): CodeIgniter\Model->doInsert([...])
 6 SYSTEMPATH/Model.php(791): CodeIgniter\BaseModel->insert([...], true)
 7 APPPATH/Models/Utilisateur_model.php(11): CodeIgniter\Model->insert([...])
 8 APPPATH/Controllers/Compte.php(91): App\Models\Utilisateur_model->insert_user([...])
 9 SYSTEMPATH/CodeIgniter.php(933): App\Controllers\Compte->register()
10 SYSTEMPATH/CodeIgniter.php(509): CodeIgniter\CodeIgniter->runController(Object(App\Controllers\Compte))
11 SYSTEMPATH/CodeIgniter.php(355): CodeIgniter\CodeIgniter->handleRequest(null, Object(Config\Cache), false)
12 SYSTEMPATH/Boot.php(312): CodeIgniter\CodeIgniter->run()
13 SYSTEMPATH/Boot.php(67): CodeIgniter\Boot::runCodeIgniter(Object(CodeIgniter\CodeIgniter))
14 FCPATH/index.php(56): CodeIgniter\Boot::bootWeb(Object(Config\Paths))
CRITICAL - 2024-06-12 06:28:14 --> [Caused by] mysqli_sql_exception: Duplicate entry 'ljqhsdl@gal.com' for key 'email'
in SYSTEMPATH/Database/MySQLi/Connection.php on line 308.
 1 SYSTEMPATH/Database/MySQLi/Connection.php(308): mysqli->query('INSERT INTO `utilisateurs` (`nom`, `email`, `mot_de_passe`) VALUES (\'qsdjbh;\', \'ljqhsdl@gal.com\', \'$2y$10$zK7wDujBQMmm0JyfUSAMf.Lf3i/nuF8SfB6P1ZM8h47NYE5gwXVBO\')', 0)
 2 SYSTEMPATH/Database/BaseConnection.php(722): CodeIgniter\Database\MySQLi\Connection->execute('INSERT INTO `utilisateurs` (`nom`, `email`, `mot_de_passe`) VALUES (\'qsdjbh;\', \'ljqhsdl@gal.com\', \'$2y$10$zK7wDujBQMmm0JyfUSAMf.Lf3i/nuF8SfB6P1ZM8h47NYE5gwXVBO\')')
 3 SYSTEMPATH/Database/BaseConnection.php(636): CodeIgniter\Database\BaseConnection->simpleQuery('INSERT INTO `utilisateurs` (`nom`, `email`, `mot_de_passe`) VALUES (\'qsdjbh;\', \'ljqhsdl@gal.com\', \'$2y$10$zK7wDujBQMmm0JyfUSAMf.Lf3i/nuF8SfB6P1ZM8h47NYE5gwXVBO\')')
 4 SYSTEMPATH/Database/BaseBuilder.php(2325): CodeIgniter\Database\BaseConnection->query('INSERT INTO `utilisateurs` (`nom`, `email`, `mot_de_passe`) VALUES (:nom:, :email:, :mot_de_passe:)', [...], false)
 5 SYSTEMPATH/Model.php(383): CodeIgniter\Database\BaseBuilder->insert()
 6 SYSTEMPATH/BaseModel.php(840): CodeIgniter\Model->doInsert([...])
 7 SYSTEMPATH/Model.php(791): CodeIgniter\BaseModel->insert([...], true)
 8 APPPATH/Models/Utilisateur_model.php(11): CodeIgniter\Model->insert([...])
 9 APPPATH/Controllers/Compte.php(91): App\Models\Utilisateur_model->insert_user([...])
10 SYSTEMPATH/CodeIgniter.php(933): App\Controllers\Compte->register()
11 SYSTEMPATH/CodeIgniter.php(509): CodeIgniter\CodeIgniter->runController(Object(App\Controllers\Compte))
12 SYSTEMPATH/CodeIgniter.php(355): CodeIgniter\CodeIgniter->handleRequest(null, Object(Config\Cache), false)
13 SYSTEMPATH/Boot.php(312): CodeIgniter\CodeIgniter->run()
14 SYSTEMPATH/Boot.php(67): CodeIgniter\Boot::runCodeIgniter(Object(CodeIgniter\CodeIgniter))
15 FCPATH/index.php(56): CodeIgniter\Boot::bootWeb(Object(Config\Paths))
ERROR - 2024-06-12 06:32:25 --> mysqli_sql_exception: Duplicate entry 'ljqhsdl@gal.com' for key 'email' in /Users/wariali/Desktop/codeigniter/system/Database/MySQLi/Connection.php:308
Stack trace:
#0 /Users/wariali/Desktop/codeigniter/system/Database/MySQLi/Connection.php(308): mysqli->query('INSERT INTO `ut...', 0)
#1 /Users/wariali/Desktop/codeigniter/system/Database/BaseConnection.php(722): CodeIgniter\Database\MySQLi\Connection->execute('INSERT INTO `ut...')
#2 /Users/wariali/Desktop/codeigniter/system/Database/BaseConnection.php(636): CodeIgniter\Database\BaseConnection->simpleQuery('INSERT INTO `ut...')
#3 /Users/wariali/Desktop/codeigniter/system/Database/BaseBuilder.php(2325): CodeIgniter\Database\BaseConnection->query('INSERT INTO `ut...', Array, false)
#4 /Users/wariali/Desktop/codeigniter/system/Model.php(383): CodeIgniter\Database\BaseBuilder->insert()
#5 /Users/wariali/Desktop/codeigniter/system/BaseModel.php(840): CodeIgniter\Model->doInsert(Array)
#6 /Users/wariali/Desktop/codeigniter/system/Model.php(791): CodeIgniter\BaseModel->insert(Array, true)
#7 /Users/wariali/Desktop/codeigniter/app/Models/Utilisateur_model.php(11): CodeIgniter\Model->insert(Array)
#8 /Users/wariali/Desktop/codeigniter/app/Controllers/Compte.php(90): App\Models\Utilisateur_model->insert_user(Array)
#9 /Users/wariali/Desktop/codeigniter/system/CodeIgniter.php(933): App\Controllers\Compte->register()
#10 /Users/wariali/Desktop/codeigniter/system/CodeIgniter.php(509): CodeIgniter\CodeIgniter->runController(Object(App\Controllers\Compte))
#11 /Users/wariali/Desktop/codeigniter/system/CodeIgniter.php(355): CodeIgniter\CodeIgniter->handleRequest(NULL, Object(Config\Cache), false)
#12 /Users/wariali/Desktop/codeigniter/system/Boot.php(312): CodeIgniter\CodeIgniter->run()
#13 /Users/wariali/Desktop/codeigniter/system/Boot.php(67): CodeIgniter\Boot::runCodeIgniter(Object(CodeIgniter\CodeIgniter))
#14 /Users/wariali/Desktop/codeigniter/public/index.php(56): CodeIgniter\Boot::bootWeb(Object(Config\Paths))
#15 {main}
CRITICAL - 2024-06-12 06:32:25 --> CodeIgniter\Database\Exceptions\DatabaseException: Duplicate entry 'ljqhsdl@gal.com' for key 'email'
[Method: POST, Route: compte/register]
in SYSTEMPATH/Database/BaseConnection.php on line 676.
 1 SYSTEMPATH/Database/BaseBuilder.php(2325): CodeIgniter\Database\BaseConnection->query('INSERT INTO `utilisateurs` (`nom`, `email`, `mot_de_passe`) VALUES (:nom:, :email:, :mot_de_passe:)', [...], false)
 2 SYSTEMPATH/Model.php(383): CodeIgniter\Database\BaseBuilder->insert()
 3 SYSTEMPATH/BaseModel.php(840): CodeIgniter\Model->doInsert([...])
 4 SYSTEMPATH/Model.php(791): CodeIgniter\BaseModel->insert([...], true)
 5 APPPATH/Models/Utilisateur_model.php(11): CodeIgniter\Model->insert([...])
 6 APPPATH/Controllers/Compte.php(90): App\Models\Utilisateur_model->insert_user([...])
 7 SYSTEMPATH/CodeIgniter.php(933): App\Controllers\Compte->register()
 8 SYSTEMPATH/CodeIgniter.php(509): CodeIgniter\CodeIgniter->runController(Object(App\Controllers\Compte))
 9 SYSTEMPATH/CodeIgniter.php(355): CodeIgniter\CodeIgniter->handleRequest(null, Object(Config\Cache), false)
10 SYSTEMPATH/Boot.php(312): CodeIgniter\CodeIgniter->run()
11 SYSTEMPATH/Boot.php(67): CodeIgniter\Boot::runCodeIgniter(Object(CodeIgniter\CodeIgniter))
12 FCPATH/index.php(56): CodeIgniter\Boot::bootWeb(Object(Config\Paths))
CRITICAL - 2024-06-12 06:32:25 --> [Caused by] CodeIgniter\Database\Exceptions\DatabaseException: Duplicate entry 'ljqhsdl@gal.com' for key 'email'
in SYSTEMPATH/Database/MySQLi/Connection.php on line 313.
 1 SYSTEMPATH/Database/BaseConnection.php(722): CodeIgniter\Database\MySQLi\Connection->execute('INSERT INTO `utilisateurs` (`nom`, `email`, `mot_de_passe`) VALUES (\'qsdjbh;\', \'ljqhsdl@gal.com\', \'$2y$10$jcrHAdi0sT7ViHlKoe40p./TJnDrNgC8BwTvBJ0xX49af9GzfgDaq\')')
 2 SYSTEMPATH/Database/BaseConnection.php(636): CodeIgniter\Database\BaseConnection->simpleQuery('INSERT INTO `utilisateurs` (`nom`, `email`, `mot_de_passe`) VALUES (\'qsdjbh;\', \'ljqhsdl@gal.com\', \'$2y$10$jcrHAdi0sT7ViHlKoe40p./TJnDrNgC8BwTvBJ0xX49af9GzfgDaq\')')
 3 SYSTEMPATH/Database/BaseBuilder.php(2325): CodeIgniter\Database\BaseConnection->query('INSERT INTO `utilisateurs` (`nom`, `email`, `mot_de_passe`) VALUES (:nom:, :email:, :mot_de_passe:)', [...], false)
 4 SYSTEMPATH/Model.php(383): CodeIgniter\Database\BaseBuilder->insert()
 5 SYSTEMPATH/BaseModel.php(840): CodeIgniter\Model->doInsert([...])
 6 SYSTEMPATH/Model.php(791): CodeIgniter\BaseModel->insert([...], true)
 7 APPPATH/Models/Utilisateur_model.php(11): CodeIgniter\Model->insert([...])
 8 APPPATH/Controllers/Compte.php(90): App\Models\Utilisateur_model->insert_user([...])
 9 SYSTEMPATH/CodeIgniter.php(933): App\Controllers\Compte->register()
10 SYSTEMPATH/CodeIgniter.php(509): CodeIgniter\CodeIgniter->runController(Object(App\Controllers\Compte))
11 SYSTEMPATH/CodeIgniter.php(355): CodeIgniter\CodeIgniter->handleRequest(null, Object(Config\Cache), false)
12 SYSTEMPATH/Boot.php(312): CodeIgniter\CodeIgniter->run()
13 SYSTEMPATH/Boot.php(67): CodeIgniter\Boot::runCodeIgniter(Object(CodeIgniter\CodeIgniter))
14 FCPATH/index.php(56): CodeIgniter\Boot::bootWeb(Object(Config\Paths))
CRITICAL - 2024-06-12 06:32:25 --> [Caused by] mysqli_sql_exception: Duplicate entry 'ljqhsdl@gal.com' for key 'email'
in SYSTEMPATH/Database/MySQLi/Connection.php on line 308.
 1 SYSTEMPATH/Database/MySQLi/Connection.php(308): mysqli->query('INSERT INTO `utilisateurs` (`nom`, `email`, `mot_de_passe`) VALUES (\'qsdjbh;\', \'ljqhsdl@gal.com\', \'$2y$10$jcrHAdi0sT7ViHlKoe40p./TJnDrNgC8BwTvBJ0xX49af9GzfgDaq\')', 0)
 2 SYSTEMPATH/Database/BaseConnection.php(722): CodeIgniter\Database\MySQLi\Connection->execute('INSERT INTO `utilisateurs` (`nom`, `email`, `mot_de_passe`) VALUES (\'qsdjbh;\', \'ljqhsdl@gal.com\', \'$2y$10$jcrHAdi0sT7ViHlKoe40p./TJnDrNgC8BwTvBJ0xX49af9GzfgDaq\')')
 3 SYSTEMPATH/Database/BaseConnection.php(636): CodeIgniter\Database\BaseConnection->simpleQuery('INSERT INTO `utilisateurs` (`nom`, `email`, `mot_de_passe`) VALUES (\'qsdjbh;\', \'ljqhsdl@gal.com\', \'$2y$10$jcrHAdi0sT7ViHlKoe40p./TJnDrNgC8BwTvBJ0xX49af9GzfgDaq\')')
 4 SYSTEMPATH/Database/BaseBuilder.php(2325): CodeIgniter\Database\BaseConnection->query('INSERT INTO `utilisateurs` (`nom`, `email`, `mot_de_passe`) VALUES (:nom:, :email:, :mot_de_passe:)', [...], false)
 5 SYSTEMPATH/Model.php(383): CodeIgniter\Database\BaseBuilder->insert()
 6 SYSTEMPATH/BaseModel.php(840): CodeIgniter\Model->doInsert([...])
 7 SYSTEMPATH/Model.php(791): CodeIgniter\BaseModel->insert([...], true)
 8 APPPATH/Models/Utilisateur_model.php(11): CodeIgniter\Model->insert([...])
 9 APPPATH/Controllers/Compte.php(90): App\Models\Utilisateur_model->insert_user([...])
10 SYSTEMPATH/CodeIgniter.php(933): App\Controllers\Compte->register()
11 SYSTEMPATH/CodeIgniter.php(509): CodeIgniter\CodeIgniter->runController(Object(App\Controllers\Compte))
12 SYSTEMPATH/CodeIgniter.php(355): CodeIgniter\CodeIgniter->handleRequest(null, Object(Config\Cache), false)
13 SYSTEMPATH/Boot.php(312): CodeIgniter\CodeIgniter->run()
14 SYSTEMPATH/Boot.php(67): CodeIgniter\Boot::runCodeIgniter(Object(CodeIgniter\CodeIgniter))
15 FCPATH/index.php(56): CodeIgniter\Boot::bootWeb(Object(Config\Paths))
ERROR - 2024-06-12 06:34:42 --> mysqli_sql_exception: Duplicate entry 'ljqhsdl@gal.com' for key 'email' in /Users/wariali/Desktop/codeigniter/system/Database/MySQLi/Connection.php:308
Stack trace:
#0 /Users/wariali/Desktop/codeigniter/system/Database/MySQLi/Connection.php(308): mysqli->query('INSERT INTO `ut...', 0)
#1 /Users/wariali/Desktop/codeigniter/system/Database/BaseConnection.php(722): CodeIgniter\Database\MySQLi\Connection->execute('INSERT INTO `ut...')
#2 /Users/wariali/Desktop/codeigniter/system/Database/BaseConnection.php(636): CodeIgniter\Database\BaseConnection->simpleQuery('INSERT INTO `ut...')
#3 /Users/wariali/Desktop/codeigniter/system/Database/BaseBuilder.php(2325): CodeIgniter\Database\BaseConnection->query('INSERT INTO `ut...', Array, false)
#4 /Users/wariali/Desktop/codeigniter/system/Model.php(383): CodeIgniter\Database\BaseBuilder->insert()
#5 /Users/wariali/Desktop/codeigniter/system/BaseModel.php(840): CodeIgniter\Model->doInsert(Array)
#6 /Users/wariali/Desktop/codeigniter/system/Model.php(791): CodeIgniter\BaseModel->insert(Array, true)
#7 /Users/wariali/Desktop/codeigniter/app/Models/Utilisateur_model.php(11): CodeIgniter\Model->insert(Array)
#8 /Users/wariali/Desktop/codeigniter/app/Controllers/Compte.php(90): App\Models\Utilisateur_model->insert_user(Array)
#9 /Users/wariali/Desktop/codeigniter/system/CodeIgniter.php(933): App\Controllers\Compte->register()
#10 /Users/wariali/Desktop/codeigniter/system/CodeIgniter.php(509): CodeIgniter\CodeIgniter->runController(Object(App\Controllers\Compte))
#11 /Users/wariali/Desktop/codeigniter/system/CodeIgniter.php(355): CodeIgniter\CodeIgniter->handleRequest(NULL, Object(Config\Cache), false)
#12 /Users/wariali/Desktop/codeigniter/system/Boot.php(312): CodeIgniter\CodeIgniter->run()
#13 /Users/wariali/Desktop/codeigniter/system/Boot.php(67): CodeIgniter\Boot::runCodeIgniter(Object(CodeIgniter\CodeIgniter))
#14 /Users/wariali/Desktop/codeigniter/public/index.php(56): CodeIgniter\Boot::bootWeb(Object(Config\Paths))
#15 {main}
CRITICAL - 2024-06-12 06:34:42 --> CodeIgniter\Database\Exceptions\DatabaseException: Duplicate entry 'ljqhsdl@gal.com' for key 'email'
[Method: POST, Route: compte/register]
in SYSTEMPATH/Database/BaseConnection.php on line 676.
 1 SYSTEMPATH/Database/BaseBuilder.php(2325): CodeIgniter\Database\BaseConnection->query('INSERT INTO `utilisateurs` (`nom`, `email`, `mot_de_passe`) VALUES (:nom:, :email:, :mot_de_passe:)', [...], false)
 2 SYSTEMPATH/Model.php(383): CodeIgniter\Database\BaseBuilder->insert()
 3 SYSTEMPATH/BaseModel.php(840): CodeIgniter\Model->doInsert([...])
 4 SYSTEMPATH/Model.php(791): CodeIgniter\BaseModel->insert([...], true)
 5 APPPATH/Models/Utilisateur_model.php(11): CodeIgniter\Model->insert([...])
 6 APPPATH/Controllers/Compte.php(90): App\Models\Utilisateur_model->insert_user([...])
 7 SYSTEMPATH/CodeIgniter.php(933): App\Controllers\Compte->register()
 8 SYSTEMPATH/CodeIgniter.php(509): CodeIgniter\CodeIgniter->runController(Object(App\Controllers\Compte))
 9 SYSTEMPATH/CodeIgniter.php(355): CodeIgniter\CodeIgniter->handleRequest(null, Object(Config\Cache), false)
10 SYSTEMPATH/Boot.php(312): CodeIgniter\CodeIgniter->run()
11 SYSTEMPATH/Boot.php(67): CodeIgniter\Boot::runCodeIgniter(Object(CodeIgniter\CodeIgniter))
12 FCPATH/index.php(56): CodeIgniter\Boot::bootWeb(Object(Config\Paths))
CRITICAL - 2024-06-12 06:34:42 --> [Caused by] CodeIgniter\Database\Exceptions\DatabaseException: Duplicate entry 'ljqhsdl@gal.com' for key 'email'
in SYSTEMPATH/Database/MySQLi/Connection.php on line 313.
 1 SYSTEMPATH/Database/BaseConnection.php(722): CodeIgniter\Database\MySQLi\Connection->execute('INSERT INTO `utilisateurs` (`nom`, `email`, `mot_de_passe`) VALUES (\'qsdjbh;\', \'ljqhsdl@gal.com\', \'$2y$10$L28hh04on2XFjIZA0xsUOufZIh8d18MFaUqzAnYtEjWW06xCJ/mte\')')
 2 SYSTEMPATH/Database/BaseConnection.php(636): CodeIgniter\Database\BaseConnection->simpleQuery('INSERT INTO `utilisateurs` (`nom`, `email`, `mot_de_passe`) VALUES (\'qsdjbh;\', \'ljqhsdl@gal.com\', \'$2y$10$L28hh04on2XFjIZA0xsUOufZIh8d18MFaUqzAnYtEjWW06xCJ/mte\')')
 3 SYSTEMPATH/Database/BaseBuilder.php(2325): CodeIgniter\Database\BaseConnection->query('INSERT INTO `utilisateurs` (`nom`, `email`, `mot_de_passe`) VALUES (:nom:, :email:, :mot_de_passe:)', [...], false)
 4 SYSTEMPATH/Model.php(383): CodeIgniter\Database\BaseBuilder->insert()
 5 SYSTEMPATH/BaseModel.php(840): CodeIgniter\Model->doInsert([...])
 6 SYSTEMPATH/Model.php(791): CodeIgniter\BaseModel->insert([...], true)
 7 APPPATH/Models/Utilisateur_model.php(11): CodeIgniter\Model->insert([...])
 8 APPPATH/Controllers/Compte.php(90): App\Models\Utilisateur_model->insert_user([...])
 9 SYSTEMPATH/CodeIgniter.php(933): App\Controllers\Compte->register()
10 SYSTEMPATH/CodeIgniter.php(509): CodeIgniter\CodeIgniter->runController(Object(App\Controllers\Compte))
11 SYSTEMPATH/CodeIgniter.php(355): CodeIgniter\CodeIgniter->handleRequest(null, Object(Config\Cache), false)
12 SYSTEMPATH/Boot.php(312): CodeIgniter\CodeIgniter->run()
13 SYSTEMPATH/Boot.php(67): CodeIgniter\Boot::runCodeIgniter(Object(CodeIgniter\CodeIgniter))
14 FCPATH/index.php(56): CodeIgniter\Boot::bootWeb(Object(Config\Paths))
CRITICAL - 2024-06-12 06:34:42 --> [Caused by] mysqli_sql_exception: Duplicate entry 'ljqhsdl@gal.com' for key 'email'
in SYSTEMPATH/Database/MySQLi/Connection.php on line 308.
 1 SYSTEMPATH/Database/MySQLi/Connection.php(308): mysqli->query('INSERT INTO `utilisateurs` (`nom`, `email`, `mot_de_passe`) VALUES (\'qsdjbh;\', \'ljqhsdl@gal.com\', \'$2y$10$L28hh04on2XFjIZA0xsUOufZIh8d18MFaUqzAnYtEjWW06xCJ/mte\')', 0)
 2 SYSTEMPATH/Database/BaseConnection.php(722): CodeIgniter\Database\MySQLi\Connection->execute('INSERT INTO `utilisateurs` (`nom`, `email`, `mot_de_passe`) VALUES (\'qsdjbh;\', \'ljqhsdl@gal.com\', \'$2y$10$L28hh04on2XFjIZA0xsUOufZIh8d18MFaUqzAnYtEjWW06xCJ/mte\')')
 3 SYSTEMPATH/Database/BaseConnection.php(636): CodeIgniter\Database\BaseConnection->simpleQuery('INSERT INTO `utilisateurs` (`nom`, `email`, `mot_de_passe`) VALUES (\'qsdjbh;\', \'ljqhsdl@gal.com\', \'$2y$10$L28hh04on2XFjIZA0xsUOufZIh8d18MFaUqzAnYtEjWW06xCJ/mte\')')
 4 SYSTEMPATH/Database/BaseBuilder.php(2325): CodeIgniter\Database\BaseConnection->query('INSERT INTO `utilisateurs` (`nom`, `email`, `mot_de_passe`) VALUES (:nom:, :email:, :mot_de_passe:)', [...], false)
 5 SYSTEMPATH/Model.php(383): CodeIgniter\Database\BaseBuilder->insert()
 6 SYSTEMPATH/BaseModel.php(840): CodeIgniter\Model->doInsert([...])
 7 SYSTEMPATH/Model.php(791): CodeIgniter\BaseModel->insert([...], true)
 8 APPPATH/Models/Utilisateur_model.php(11): CodeIgniter\Model->insert([...])
 9 APPPATH/Controllers/Compte.php(90): App\Models\Utilisateur_model->insert_user([...])
10 SYSTEMPATH/CodeIgniter.php(933): App\Controllers\Compte->register()
11 SYSTEMPATH/CodeIgniter.php(509): CodeIgniter\CodeIgniter->runController(Object(App\Controllers\Compte))
12 SYSTEMPATH/CodeIgniter.php(355): CodeIgniter\CodeIgniter->handleRequest(null, Object(Config\Cache), false)
13 SYSTEMPATH/Boot.php(312): CodeIgniter\CodeIgniter->run()
14 SYSTEMPATH/Boot.php(67): CodeIgniter\Boot::runCodeIgniter(Object(CodeIgniter\CodeIgniter))
15 FCPATH/index.php(56): CodeIgniter\Boot::bootWeb(Object(Config\Paths))
ERROR - 2024-06-12 06:35:37 --> mysqli_sql_exception: Duplicate entry 'ljqhsdl@gal.com' for key 'email' in /Users/wariali/Desktop/codeigniter/system/Database/MySQLi/Connection.php:308
Stack trace:
#0 /Users/wariali/Desktop/codeigniter/system/Database/MySQLi/Connection.php(308): mysqli->query('INSERT INTO `ut...', 0)
#1 /Users/wariali/Desktop/codeigniter/system/Database/BaseConnection.php(722): CodeIgniter\Database\MySQLi\Connection->execute('INSERT INTO `ut...')
#2 /Users/wariali/Desktop/codeigniter/system/Database/BaseConnection.php(636): CodeIgniter\Database\BaseConnection->simpleQuery('INSERT INTO `ut...')
#3 /Users/wariali/Desktop/codeigniter/system/Database/BaseBuilder.php(2325): CodeIgniter\Database\BaseConnection->query('INSERT INTO `ut...', Array, false)
#4 /Users/wariali/Desktop/codeigniter/system/Model.php(383): CodeIgniter\Database\BaseBuilder->insert()
#5 /Users/wariali/Desktop/codeigniter/system/BaseModel.php(840): CodeIgniter\Model->doInsert(Array)
#6 /Users/wariali/Desktop/codeigniter/system/Model.php(791): CodeIgniter\BaseModel->insert(Array, true)
#7 /Users/wariali/Desktop/codeigniter/app/Models/Utilisateur_model.php(11): CodeIgniter\Model->insert(Array)
#8 /Users/wariali/Desktop/codeigniter/app/Controllers/Compte.php(89): App\Models\Utilisateur_model->insert_user(Array)
#9 /Users/wariali/Desktop/codeigniter/system/CodeIgniter.php(933): App\Controllers\Compte->register()
#10 /Users/wariali/Desktop/codeigniter/system/CodeIgniter.php(509): CodeIgniter\CodeIgniter->runController(Object(App\Controllers\Compte))
#11 /Users/wariali/Desktop/codeigniter/system/CodeIgniter.php(355): CodeIgniter\CodeIgniter->handleRequest(NULL, Object(Config\Cache), false)
#12 /Users/wariali/Desktop/codeigniter/system/Boot.php(312): CodeIgniter\CodeIgniter->run()
#13 /Users/wariali/Desktop/codeigniter/system/Boot.php(67): CodeIgniter\Boot::runCodeIgniter(Object(CodeIgniter\CodeIgniter))
#14 /Users/wariali/Desktop/codeigniter/public/index.php(56): CodeIgniter\Boot::bootWeb(Object(Config\Paths))
#15 {main}
CRITICAL - 2024-06-12 06:35:37 --> CodeIgniter\Database\Exceptions\DatabaseException: Duplicate entry 'ljqhsdl@gal.com' for key 'email'
[Method: POST, Route: compte/register]
in SYSTEMPATH/Database/BaseConnection.php on line 676.
 1 SYSTEMPATH/Database/BaseBuilder.php(2325): CodeIgniter\Database\BaseConnection->query('INSERT INTO `utilisateurs` (`nom`, `email`, `mot_de_passe`) VALUES (:nom:, :email:, :mot_de_passe:)', [...], false)
 2 SYSTEMPATH/Model.php(383): CodeIgniter\Database\BaseBuilder->insert()
 3 SYSTEMPATH/BaseModel.php(840): CodeIgniter\Model->doInsert([...])
 4 SYSTEMPATH/Model.php(791): CodeIgniter\BaseModel->insert([...], true)
 5 APPPATH/Models/Utilisateur_model.php(11): CodeIgniter\Model->insert([...])
 6 APPPATH/Controllers/Compte.php(89): App\Models\Utilisateur_model->insert_user([...])
 7 SYSTEMPATH/CodeIgniter.php(933): App\Controllers\Compte->register()
 8 SYSTEMPATH/CodeIgniter.php(509): CodeIgniter\CodeIgniter->runController(Object(App\Controllers\Compte))
 9 SYSTEMPATH/CodeIgniter.php(355): CodeIgniter\CodeIgniter->handleRequest(null, Object(Config\Cache), false)
10 SYSTEMPATH/Boot.php(312): CodeIgniter\CodeIgniter->run()
11 SYSTEMPATH/Boot.php(67): CodeIgniter\Boot::runCodeIgniter(Object(CodeIgniter\CodeIgniter))
12 FCPATH/index.php(56): CodeIgniter\Boot::bootWeb(Object(Config\Paths))
CRITICAL - 2024-06-12 06:35:37 --> [Caused by] CodeIgniter\Database\Exceptions\DatabaseException: Duplicate entry 'ljqhsdl@gal.com' for key 'email'
in SYSTEMPATH/Database/MySQLi/Connection.php on line 313.
 1 SYSTEMPATH/Database/BaseConnection.php(722): CodeIgniter\Database\MySQLi\Connection->execute('INSERT INTO `utilisateurs` (`nom`, `email`, `mot_de_passe`) VALUES (\'qsdjbh;\', \'ljqhsdl@gal.com\', \'$2y$10$yIf7bAxSaoj0VHgzkqhV5O/ZkkyaMlj3A3VsD6uiSEb3zoM/zE6di\')')
 2 SYSTEMPATH/Database/BaseConnection.php(636): CodeIgniter\Database\BaseConnection->simpleQuery('INSERT INTO `utilisateurs` (`nom`, `email`, `mot_de_passe`) VALUES (\'qsdjbh;\', \'ljqhsdl@gal.com\', \'$2y$10$yIf7bAxSaoj0VHgzkqhV5O/ZkkyaMlj3A3VsD6uiSEb3zoM/zE6di\')')
 3 SYSTEMPATH/Database/BaseBuilder.php(2325): CodeIgniter\Database\BaseConnection->query('INSERT INTO `utilisateurs` (`nom`, `email`, `mot_de_passe`) VALUES (:nom:, :email:, :mot_de_passe:)', [...], false)
 4 SYSTEMPATH/Model.php(383): CodeIgniter\Database\BaseBuilder->insert()
 5 SYSTEMPATH/BaseModel.php(840): CodeIgniter\Model->doInsert([...])
 6 SYSTEMPATH/Model.php(791): CodeIgniter\BaseModel->insert([...], true)
 7 APPPATH/Models/Utilisateur_model.php(11): CodeIgniter\Model->insert([...])
 8 APPPATH/Controllers/Compte.php(89): App\Models\Utilisateur_model->insert_user([...])
 9 SYSTEMPATH/CodeIgniter.php(933): App\Controllers\Compte->register()
10 SYSTEMPATH/CodeIgniter.php(509): CodeIgniter\CodeIgniter->runController(Object(App\Controllers\Compte))
11 SYSTEMPATH/CodeIgniter.php(355): CodeIgniter\CodeIgniter->handleRequest(null, Object(Config\Cache), false)
12 SYSTEMPATH/Boot.php(312): CodeIgniter\CodeIgniter->run()
13 SYSTEMPATH/Boot.php(67): CodeIgniter\Boot::runCodeIgniter(Object(CodeIgniter\CodeIgniter))
14 FCPATH/index.php(56): CodeIgniter\Boot::bootWeb(Object(Config\Paths))
CRITICAL - 2024-06-12 06:35:37 --> [Caused by] mysqli_sql_exception: Duplicate entry 'ljqhsdl@gal.com' for key 'email'
in SYSTEMPATH/Database/MySQLi/Connection.php on line 308.
 1 SYSTEMPATH/Database/MySQLi/Connection.php(308): mysqli->query('INSERT INTO `utilisateurs` (`nom`, `email`, `mot_de_passe`) VALUES (\'qsdjbh;\', \'ljqhsdl@gal.com\', \'$2y$10$yIf7bAxSaoj0VHgzkqhV5O/ZkkyaMlj3A3VsD6uiSEb3zoM/zE6di\')', 0)
 2 SYSTEMPATH/Database/BaseConnection.php(722): CodeIgniter\Database\MySQLi\Connection->execute('INSERT INTO `utilisateurs` (`nom`, `email`, `mot_de_passe`) VALUES (\'qsdjbh;\', \'ljqhsdl@gal.com\', \'$2y$10$yIf7bAxSaoj0VHgzkqhV5O/ZkkyaMlj3A3VsD6uiSEb3zoM/zE6di\')')
 3 SYSTEMPATH/Database/BaseConnection.php(636): CodeIgniter\Database\BaseConnection->simpleQuery('INSERT INTO `utilisateurs` (`nom`, `email`, `mot_de_passe`) VALUES (\'qsdjbh;\', \'ljqhsdl@gal.com\', \'$2y$10$yIf7bAxSaoj0VHgzkqhV5O/ZkkyaMlj3A3VsD6uiSEb3zoM/zE6di\')')
 4 SYSTEMPATH/Database/BaseBuilder.php(2325): CodeIgniter\Database\BaseConnection->query('INSERT INTO `utilisateurs` (`nom`, `email`, `mot_de_passe`) VALUES (:nom:, :email:, :mot_de_passe:)', [...], false)
 5 SYSTEMPATH/Model.php(383): CodeIgniter\Database\BaseBuilder->insert()
 6 SYSTEMPATH/BaseModel.php(840): CodeIgniter\Model->doInsert([...])
 7 SYSTEMPATH/Model.php(791): CodeIgniter\BaseModel->insert([...], true)
 8 APPPATH/Models/Utilisateur_model.php(11): CodeIgniter\Model->insert([...])
 9 APPPATH/Controllers/Compte.php(89): App\Models\Utilisateur_model->insert_user([...])
10 SYSTEMPATH/CodeIgniter.php(933): App\Controllers\Compte->register()
11 SYSTEMPATH/CodeIgniter.php(509): CodeIgniter\CodeIgniter->runController(Object(App\Controllers\Compte))
12 SYSTEMPATH/CodeIgniter.php(355): CodeIgniter\CodeIgniter->handleRequest(null, Object(Config\Cache), false)
13 SYSTEMPATH/Boot.php(312): CodeIgniter\CodeIgniter->run()
14 SYSTEMPATH/Boot.php(67): CodeIgniter\Boot::runCodeIgniter(Object(CodeIgniter\CodeIgniter))
15 FCPATH/index.php(56): CodeIgniter\Boot::bootWeb(Object(Config\Paths))
CRITICAL - 2024-06-12 06:35:58 --> CodeIgniter\View\Exceptions\ViewException: Invalid file: "inscription_reussie.php"
[Method: POST, Route: compte/register]
in SYSTEMPATH/Exceptions/FrameworkException.php on line 41.
 1 SYSTEMPATH/View/View.php(222): CodeIgniter\Exceptions\FrameworkException::forInvalidFile('inscription_reussie.php')
 2 SYSTEMPATH/Common.php(1171): CodeIgniter\View\View->render('inscription_reussie', [], true)
 3 APPPATH/Controllers/Compte.php(93): view('inscription_reussie', [...])
 4 SYSTEMPATH/CodeIgniter.php(933): App\Controllers\Compte->register()
 5 SYSTEMPATH/CodeIgniter.php(509): CodeIgniter\CodeIgniter->runController(Object(App\Controllers\Compte))
 6 SYSTEMPATH/CodeIgniter.php(355): CodeIgniter\CodeIgniter->handleRequest(null, Object(Config\Cache), false)
 7 SYSTEMPATH/Boot.php(312): CodeIgniter\CodeIgniter->run()
 8 SYSTEMPATH/Boot.php(67): CodeIgniter\Boot::runCodeIgniter(Object(CodeIgniter\CodeIgniter))
 9 FCPATH/index.php(56): CodeIgniter\Boot::bootWeb(Object(Config\Paths))
ERROR - 2024-06-12 06:36:42 --> mysqli_sql_exception: Duplicate entry 'lqskdj@gfd.com' for key 'email' in /Users/wariali/Desktop/codeigniter/system/Database/MySQLi/Connection.php:308
Stack trace:
#0 /Users/wariali/Desktop/codeigniter/system/Database/MySQLi/Connection.php(308): mysqli->query('INSERT INTO `ut...', 0)
#1 /Users/wariali/Desktop/codeigniter/system/Database/BaseConnection.php(722): CodeIgniter\Database\MySQLi\Connection->execute('INSERT INTO `ut...')
#2 /Users/wariali/Desktop/codeigniter/system/Database/BaseConnection.php(636): CodeIgniter\Database\BaseConnection->simpleQuery('INSERT INTO `ut...')
#3 /Users/wariali/Desktop/codeigniter/system/Database/BaseBuilder.php(2325): CodeIgniter\Database\BaseConnection->query('INSERT INTO `ut...', Array, false)
#4 /Users/wariali/Desktop/codeigniter/system/Model.php(383): CodeIgniter\Database\BaseBuilder->insert()
#5 /Users/wariali/Desktop/codeigniter/system/BaseModel.php(840): CodeIgniter\Model->doInsert(Array)
#6 /Users/wariali/Desktop/codeigniter/system/Model.php(791): CodeIgniter\BaseModel->insert(Array, true)
#7 /Users/wariali/Desktop/codeigniter/app/Models/Utilisateur_model.php(11): CodeIgniter\Model->insert(Array)
#8 /Users/wariali/Desktop/codeigniter/app/Controllers/Compte.php(89): App\Models\Utilisateur_model->insert_user(Array)
#9 /Users/wariali/Desktop/codeigniter/system/CodeIgniter.php(933): App\Controllers\Compte->register()
#10 /Users/wariali/Desktop/codeigniter/system/CodeIgniter.php(509): CodeIgniter\CodeIgniter->runController(Object(App\Controllers\Compte))
#11 /Users/wariali/Desktop/codeigniter/system/CodeIgniter.php(355): CodeIgniter\CodeIgniter->handleRequest(NULL, Object(Config\Cache), false)
#12 /Users/wariali/Desktop/codeigniter/system/Boot.php(312): CodeIgniter\CodeIgniter->run()
#13 /Users/wariali/Desktop/codeigniter/system/Boot.php(67): CodeIgniter\Boot::runCodeIgniter(Object(CodeIgniter\CodeIgniter))
#14 /Users/wariali/Desktop/codeigniter/public/index.php(56): CodeIgniter\Boot::bootWeb(Object(Config\Paths))
#15 {main}
CRITICAL - 2024-06-12 06:36:42 --> CodeIgniter\Database\Exceptions\DatabaseException: Duplicate entry 'lqskdj@gfd.com' for key 'email'
[Method: POST, Route: compte/register]
in SYSTEMPATH/Database/BaseConnection.php on line 676.
 1 SYSTEMPATH/Database/BaseBuilder.php(2325): CodeIgniter\Database\BaseConnection->query('INSERT INTO `utilisateurs` (`nom`, `email`, `mot_de_passe`) VALUES (:nom:, :email:, :mot_de_passe:)', [...], false)
 2 SYSTEMPATH/Model.php(383): CodeIgniter\Database\BaseBuilder->insert()
 3 SYSTEMPATH/BaseModel.php(840): CodeIgniter\Model->doInsert([...])
 4 SYSTEMPATH/Model.php(791): CodeIgniter\BaseModel->insert([...], true)
 5 APPPATH/Models/Utilisateur_model.php(11): CodeIgniter\Model->insert([...])
 6 APPPATH/Controllers/Compte.php(89): App\Models\Utilisateur_model->insert_user([...])
 7 SYSTEMPATH/CodeIgniter.php(933): App\Controllers\Compte->register()
 8 SYSTEMPATH/CodeIgniter.php(509): CodeIgniter\CodeIgniter->runController(Object(App\Controllers\Compte))
 9 SYSTEMPATH/CodeIgniter.php(355): CodeIgniter\CodeIgniter->handleRequest(null, Object(Config\Cache), false)
10 SYSTEMPATH/Boot.php(312): CodeIgniter\CodeIgniter->run()
11 SYSTEMPATH/Boot.php(67): CodeIgniter\Boot::runCodeIgniter(Object(CodeIgniter\CodeIgniter))
12 FCPATH/index.php(56): CodeIgniter\Boot::bootWeb(Object(Config\Paths))
CRITICAL - 2024-06-12 06:36:42 --> [Caused by] CodeIgniter\Database\Exceptions\DatabaseException: Duplicate entry 'lqskdj@gfd.com' for key 'email'
in SYSTEMPATH/Database/MySQLi/Connection.php on line 313.
 1 SYSTEMPATH/Database/BaseConnection.php(722): CodeIgniter\Database\MySQLi\Connection->execute('INSERT INTO `utilisateurs` (`nom`, `email`, `mot_de_passe`) VALUES (\'sdfb\', \'lqskdj@gfd.com\', \'$2y$10$rALWUdYXA90twyhlhzHvm.AUQulIXMj04l395oVGPHICBwNo451mS\')')
 2 SYSTEMPATH/Database/BaseConnection.php(636): CodeIgniter\Database\BaseConnection->simpleQuery('INSERT INTO `utilisateurs` (`nom`, `email`, `mot_de_passe`) VALUES (\'sdfb\', \'lqskdj@gfd.com\', \'$2y$10$rALWUdYXA90twyhlhzHvm.AUQulIXMj04l395oVGPHICBwNo451mS\')')
 3 SYSTEMPATH/Database/BaseBuilder.php(2325): CodeIgniter\Database\BaseConnection->query('INSERT INTO `utilisateurs` (`nom`, `email`, `mot_de_passe`) VALUES (:nom:, :email:, :mot_de_passe:)', [...], false)
 4 SYSTEMPATH/Model.php(383): CodeIgniter\Database\BaseBuilder->insert()
 5 SYSTEMPATH/BaseModel.php(840): CodeIgniter\Model->doInsert([...])
 6 SYSTEMPATH/Model.php(791): CodeIgniter\BaseModel->insert([...], true)
 7 APPPATH/Models/Utilisateur_model.php(11): CodeIgniter\Model->insert([...])
 8 APPPATH/Controllers/Compte.php(89): App\Models\Utilisateur_model->insert_user([...])
 9 SYSTEMPATH/CodeIgniter.php(933): App\Controllers\Compte->register()
10 SYSTEMPATH/CodeIgniter.php(509): CodeIgniter\CodeIgniter->runController(Object(App\Controllers\Compte))
11 SYSTEMPATH/CodeIgniter.php(355): CodeIgniter\CodeIgniter->handleRequest(null, Object(Config\Cache), false)
12 SYSTEMPATH/Boot.php(312): CodeIgniter\CodeIgniter->run()
13 SYSTEMPATH/Boot.php(67): CodeIgniter\Boot::runCodeIgniter(Object(CodeIgniter\CodeIgniter))
14 FCPATH/index.php(56): CodeIgniter\Boot::bootWeb(Object(Config\Paths))
CRITICAL - 2024-06-12 06:36:42 --> [Caused by] mysqli_sql_exception: Duplicate entry 'lqskdj@gfd.com' for key 'email'
in SYSTEMPATH/Database/MySQLi/Connection.php on line 308.
 1 SYSTEMPATH/Database/MySQLi/Connection.php(308): mysqli->query('INSERT INTO `utilisateurs` (`nom`, `email`, `mot_de_passe`) VALUES (\'sdfb\', \'lqskdj@gfd.com\', \'$2y$10$rALWUdYXA90twyhlhzHvm.AUQulIXMj04l395oVGPHICBwNo451mS\')', 0)
 2 SYSTEMPATH/Database/BaseConnection.php(722): CodeIgniter\Database\MySQLi\Connection->execute('INSERT INTO `utilisateurs` (`nom`, `email`, `mot_de_passe`) VALUES (\'sdfb\', \'lqskdj@gfd.com\', \'$2y$10$rALWUdYXA90twyhlhzHvm.AUQulIXMj04l395oVGPHICBwNo451mS\')')
 3 SYSTEMPATH/Database/BaseConnection.php(636): CodeIgniter\Database\BaseConnection->simpleQuery('INSERT INTO `utilisateurs` (`nom`, `email`, `mot_de_passe`) VALUES (\'sdfb\', \'lqskdj@gfd.com\', \'$2y$10$rALWUdYXA90twyhlhzHvm.AUQulIXMj04l395oVGPHICBwNo451mS\')')
 4 SYSTEMPATH/Database/BaseBuilder.php(2325): CodeIgniter\Database\BaseConnection->query('INSERT INTO `utilisateurs` (`nom`, `email`, `mot_de_passe`) VALUES (:nom:, :email:, :mot_de_passe:)', [...], false)
 5 SYSTEMPATH/Model.php(383): CodeIgniter\Database\BaseBuilder->insert()
 6 SYSTEMPATH/BaseModel.php(840): CodeIgniter\Model->doInsert([...])
 7 SYSTEMPATH/Model.php(791): CodeIgniter\BaseModel->insert([...], true)
 8 APPPATH/Models/Utilisateur_model.php(11): CodeIgniter\Model->insert([...])
 9 APPPATH/Controllers/Compte.php(89): App\Models\Utilisateur_model->insert_user([...])
10 SYSTEMPATH/CodeIgniter.php(933): App\Controllers\Compte->register()
11 SYSTEMPATH/CodeIgniter.php(509): CodeIgniter\CodeIgniter->runController(Object(App\Controllers\Compte))
12 SYSTEMPATH/CodeIgniter.php(355): CodeIgniter\CodeIgniter->handleRequest(null, Object(Config\Cache), false)
13 SYSTEMPATH/Boot.php(312): CodeIgniter\CodeIgniter->run()
14 SYSTEMPATH/Boot.php(67): CodeIgniter\Boot::runCodeIgniter(Object(CodeIgniter\CodeIgniter))
15 FCPATH/index.php(56): CodeIgniter\Boot::bootWeb(Object(Config\Paths))
CRITICAL - 2024-06-12 06:37:38 --> CodeIgniter\View\Exceptions\ViewException: Invalid file: "inscription_reussie.php"
[Method: POST, Route: compte/register]
in SYSTEMPATH/Exceptions/FrameworkException.php on line 41.
 1 SYSTEMPATH/View/View.php(222): CodeIgniter\Exceptions\FrameworkException::forInvalidFile('inscription_reussie.php')
 2 SYSTEMPATH/Common.php(1171): CodeIgniter\View\View->render('inscription_reussie', [], true)
 3 APPPATH/Controllers/Compte.php(93): view('inscription_reussie', [...])
 4 SYSTEMPATH/CodeIgniter.php(933): App\Controllers\Compte->register()
 5 SYSTEMPATH/CodeIgniter.php(509): CodeIgniter\CodeIgniter->runController(Object(App\Controllers\Compte))
 6 SYSTEMPATH/CodeIgniter.php(355): CodeIgniter\CodeIgniter->handleRequest(null, Object(Config\Cache), false)
 7 SYSTEMPATH/Boot.php(312): CodeIgniter\CodeIgniter->run()
 8 SYSTEMPATH/Boot.php(67): CodeIgniter\Boot::runCodeIgniter(Object(CodeIgniter\CodeIgniter))
 9 FCPATH/index.php(56): CodeIgniter\Boot::bootWeb(Object(Config\Paths))
CRITICAL - 2024-06-12 06:38:36 --> CodeIgniter\View\Exceptions\ViewException: Invalid file: "inscription_reussie.php"
[Method: POST, Route: compte/register]
in SYSTEMPATH/Exceptions/FrameworkException.php on line 41.
 1 SYSTEMPATH/View/View.php(222): CodeIgniter\Exceptions\FrameworkException::forInvalidFile('inscription_reussie.php')
 2 SYSTEMPATH/Common.php(1171): CodeIgniter\View\View->render('inscription_reussie', [], true)
 3 APPPATH/Controllers/Compte.php(94): view('inscription_reussie', [...])
 4 SYSTEMPATH/CodeIgniter.php(933): App\Controllers\Compte->register()
 5 SYSTEMPATH/CodeIgniter.php(509): CodeIgniter\CodeIgniter->runController(Object(App\Controllers\Compte))
 6 SYSTEMPATH/CodeIgniter.php(355): CodeIgniter\CodeIgniter->handleRequest(null, Object(Config\Cache), false)
 7 SYSTEMPATH/Boot.php(312): CodeIgniter\CodeIgniter->run()
 8 SYSTEMPATH/Boot.php(67): CodeIgniter\Boot::runCodeIgniter(Object(CodeIgniter\CodeIgniter))
 9 FCPATH/index.php(56): CodeIgniter\Boot::bootWeb(Object(Config\Paths))
CRITICAL - 2024-06-12 06:40:28 --> CodeIgniter\View\Exceptions\ViewException: Invalid file: "inscription_reussie.php"
[Method: POST, Route: compte/register]
in SYSTEMPATH/Exceptions/FrameworkException.php on line 41.
 1 SYSTEMPATH/View/View.php(222): CodeIgniter\Exceptions\FrameworkException::forInvalidFile('inscription_reussie.php')
 2 SYSTEMPATH/Common.php(1171): CodeIgniter\View\View->render('inscription_reussie', [], true)
 3 APPPATH/Controllers/Compte.php(93): view('inscription_reussie', [...])
 4 SYSTEMPATH/CodeIgniter.php(933): App\Controllers\Compte->register()
 5 SYSTEMPATH/CodeIgniter.php(509): CodeIgniter\CodeIgniter->runController(Object(App\Controllers\Compte))
 6 SYSTEMPATH/CodeIgniter.php(355): CodeIgniter\CodeIgniter->handleRequest(null, Object(Config\Cache), false)
 7 SYSTEMPATH/Boot.php(312): CodeIgniter\CodeIgniter->run()
 8 SYSTEMPATH/Boot.php(67): CodeIgniter\Boot::runCodeIgniter(Object(CodeIgniter\CodeIgniter))
 9 FCPATH/index.php(56): CodeIgniter\Boot::bootWeb(Object(Config\Paths))
